[2025-09-17T22:00:53Z] Reference bundle directory detected; probing: /indices/Human_GENCODE49_GRCh38/reference
[2025-09-17T22:00:53Z] Using reference in place: /indices/Human_GENCODE49_GRCh38/reference
[2025-09-17T22:00:53Z] GATK reference: /indices/Human_GENCODE49_GRCh38/reference/genome.fa.gz
[2025-09-17T22:00:53Z] STAR index directory detected; using in place: /indices/Human_GENCODE49_GRCh38/star_index
[2025-09-17T22:00:53Z] Salmon index directory detected; using in place: /indices/Human_GENCODE49_GRCh38/salmon_index
[2025-09-17T22:00:53Z] Variant resources directory detected; using in place: /indices/Human_GENCODE49_GRCh38/variant_resources
[2025-09-17T22:00:53Z] Kraken2 input: /indices/Human_GENCODE49_GRCh38/minikraken2_v2_8GB_201904_UPDATE
[2025-09-17T22:00:53Z] Kraken2 DB dir (in place): /indices/Human_GENCODE49_GRCh38/minikraken2_v2_8GB_201904_UPDATE
[2025-09-17T22:00:53Z] fastp trimming
[2025-09-17T22:02:35Z] fastp trimming took 102s
[2025-09-17T22:02:35Z] bbduk cleanup
[2025-09-17T22:04:46Z] bbduk cleanup took 131s
[2025-09-17T22:04:46Z] FastQC (raw+clean, concurrent)
[2025-09-17T22:07:27Z] FastQC (raw+clean, concurrent) took 161s
[2025-09-17T22:07:27Z] Salmon quant
[2025-09-17T22:16:31Z] Salmon quant took 544s
[2025-09-17T22:16:31Z] Kraken2 classification
[2025-09-17T22:17:58Z] Kraken2 classification took 87s
[2025-09-17T22:17:58Z] STAR alignment → sorted BAM
[2025-09-17T22:36:56Z] STAR alignment → sorted BAM took 1138s
[2025-09-17T22:36:56Z] Salmon quant (from STAR transcriptome BAM)
[2025-09-17T22:43:30Z] Salmon quant (from STAR transcriptome BAM) took 394s
[2025-09-17T22:43:30Z] Mosdepth coverage + targets (>=8x)
[2025-09-17T22:44:28Z] Mosdepth coverage + targets (>=8x) took 58s
[2025-09-17T22:44:28Z] Note: MarkDuplicates cannot be region-restricted; running on full BAM
[2025-09-17T22:44:28Z] MarkDuplicates
[2025-09-17T22:46:55Z] MarkDuplicates took 147s
[2025-09-17T22:46:55Z] Samtools QC
[2025-09-17T22:48:35Z] Samtools QC took 100s
[2025-09-17T22:48:35Z] Inferring strandedness (auto)
[2025-09-17T22:48:38Z] Inferring strandedness (auto) took 3s
[2025-09-17T22:48:38Z] Picard CollectRnaSeqMetrics
[2025-09-17T22:48:41Z] Picard CollectRnaSeqMetrics took 3s
[2025-09-17T22:48:41Z] SplitNCigarReads (scatter-gather)
[2025-09-17T22:48:41Z] Preparing SplitNCigarReads shards from targets BED: /cache/SRR8052813/coverage/SRR8052813.targets.8x.classical.bed
[2025-09-17T22:48:41Z] SplitNCigarReads (targets): 25 contigs → 2 shards (max procs=2)
[2025-09-17T23:14:04Z] Merging 2 SplitNCigarReads parts (targets)
[2025-09-17T23:14:55Z] Sorting merged SplitNCigarReads BAM
[bam_sort_core] merging from 4 files and 8 in-memory blocks...
[2025-09-17T23:16:46Z] SplitNCigarReads (scatter-gather) took 1685s
[2025-09-17T23:16:47Z] bcftools calling (scatter raw over targets BED)…
[2025-09-17T23:16:47Z] bcftools scatter: 25 contigs → 2 shards (max procs=2)
[2025-09-17T23:23:51Z] Concatenating 2 bcftools shard VCFs
Checking the headers and starting positions of 2 files
Concatenating /cache/SRR8052813/variants/parts/SRR8052813.bcftools.raw.part0.vcf.gz	0.643698 seconds
Concatenating /cache/SRR8052813/variants/parts/SRR8052813.bcftools.raw.part1.vcf.gz	0.399562 seconds
[2025-09-17T23:23:53Z] bcftools calling (scatter raw over targets BED)… took 427s
[2025-09-17T23:23:53Z] bcftools filtering… (QUAL>=30, DP>=10)
Lines   total/split/joined/realigned/mismatch_removed/dup_removed/skipped:	464461/379/0/22897/0/0/0
[2025-09-17T23:23:56Z] bcftools filtering… (QUAL>=30, DP>=10) took 3s
[2025-09-17T23:23:56Z] MultiQC summary
[2025-09-17T23:24:00Z] MultiQC summary took 4s
[2025-09-17T23:24:00Z] Packaging QC + logs
[2025-09-17T23:24:00Z] Packaging QC + logs took 0s
[2025-09-17T23:24:00Z] Packaging variants
[2025-09-17T23:24:00Z] Packaging variants took 0s
[2025-09-17T23:24:00Z] Writing metrics + run manifest
[2025-09-17T23:24:02Z] Writing metrics + run manifest took 2s
===== TIMINGS SUMMARY =====
Step                                      Seconds
fastp trimming                                102
bbduk cleanup                                 131
FastQC (raw+clean, concurrent)                161
Salmon quant                                  544
Kraken2 classification                         87
STAR alignment → sorted BAM                1138
Salmon quant (from STAR transcriptome BAM)      394
Mosdepth coverage + targets (>=8x)             58
MarkDuplicates                                147
Samtools QC                                   100
Inferring strandedness (auto)                   3
Picard CollectRnaSeqMetrics                     3
SplitNCigarReads (scatter-gather)            1685
bcftools calling (scatter raw over targets BED)…      427
bcftools filtering… (QUAL>=30, DP>=10)        3
MultiQC summary                                 4
Packaging QC + logs                             0
Packaging variants                              0
Writing metrics + run manifest                  2
TOTAL                                        4989
[2025-09-17T23:24:02Z] Cleaning expanded alignment directory (keeping logs inside QC tar)
[2025-09-17T23:24:03Z] Success.
[2025-09-17T23:24:03Z] Removing job cache: /cache/SRR8052813
