[2025-09-16T00:18:06Z] Reference bundle directory detected; probing: /indices/Human_GENCODE49_GRCh38/reference
[2025-09-16T00:18:06Z] Using reference in place: /indices/Human_GENCODE49_GRCh38/reference
[2025-09-16T00:18:06Z] GATK reference: /indices/Human_GENCODE49_GRCh38/reference/genome.fa.gz
[2025-09-16T00:18:06Z] STAR index directory detected; using in place: /indices/Human_GENCODE49_GRCh38/star_index
[2025-09-16T00:18:06Z] Salmon index directory detected; using in place: /indices/Human_GENCODE49_GRCh38/salmon_index
[2025-09-16T00:18:06Z] Variant resources directory detected; using in place: /indices/Human_GENCODE49_GRCh38/variant_resources
[2025-09-16T00:18:06Z] Kraken2 input: /indices/Human_GENCODE49_GRCh38/minikraken2_v2_8GB_201904_UPDATE
[2025-09-16T00:18:06Z] Kraken2 DB dir (in place): /indices/Human_GENCODE49_GRCh38/minikraken2_v2_8GB_201904_UPDATE
[2025-09-16T00:18:06Z] fastp trimming
[2025-09-16T00:19:45Z] fastp trimming took 99s
[2025-09-16T00:19:45Z] bbduk cleanup
[2025-09-16T00:23:02Z] bbduk cleanup took 197s
[2025-09-16T00:23:02Z] FastQC (raw+clean, concurrent)
[2025-09-16T00:26:19Z] FastQC (raw+clean, concurrent) took 197s
[2025-09-16T00:26:19Z] Salmon quant
[2025-09-16T00:35:55Z] Salmon quant took 576s
[2025-09-16T00:35:55Z] Kraken2 classification
[2025-09-16T00:37:39Z] Kraken2 classification took 104s
[2025-09-16T00:37:39Z] STAR alignment → sorted BAM
[2025-09-16T01:00:50Z] STAR alignment → sorted BAM took 1391s
[2025-09-16T01:00:50Z] Salmon quant (from STAR transcriptome BAM)
[2025-09-16T01:07:01Z] Salmon quant (from STAR transcriptome BAM) took 371s
[2025-09-16T01:07:01Z] Mosdepth coverage + targets (>=8x)
[2025-09-16T01:08:44Z] Mosdepth coverage + targets (>=8x) took 103s
[2025-09-16T01:08:44Z] Note: MarkDuplicates cannot be region-restricted; running on full BAM
[2025-09-16T01:08:44Z] MarkDuplicates
[2025-09-16T01:13:06Z] MarkDuplicates took 262s
[2025-09-16T01:13:06Z] Samtools QC
[2025-09-16T01:15:44Z] Samtools QC took 158s
[2025-09-16T01:15:44Z] Inferring strandedness (auto)
[2025-09-16T01:15:47Z] Inferring strandedness (auto) took 3s
[2025-09-16T01:15:47Z] Picard CollectRnaSeqMetrics
[2025-09-16T01:15:50Z] Picard CollectRnaSeqMetrics took 3s
[2025-09-16T01:15:50Z] SplitNCigarReads (scatter-gather)
[2025-09-16T01:15:50Z] Preparing SplitNCigarReads shards from targets BED: /cache/SRR8052711/coverage/SRR8052711.targets.8x.classical.bed
[2025-09-16T01:15:50Z] SplitNCigarReads (targets): 25 contigs → 2 shards (max procs=2)
[2025-09-16T02:08:00Z] Merging 2 SplitNCigarReads parts (targets)
[2025-09-16T02:09:30Z] Sorting merged SplitNCigarReads BAM
[bam_sort_core] merging from 7 files and 8 in-memory blocks...
[2025-09-16T02:12:24Z] SplitNCigarReads (scatter-gather) took 3394s
[2025-09-16T02:12:24Z] bcftools calling (scatter raw over targets BED)…
[2025-09-16T02:12:24Z] bcftools scatter: 25 contigs → 2 shards (max procs=2)
[2025-09-16T02:21:50Z] Concatenating 2 bcftools shard VCFs
Checking the headers and starting positions of 2 files
Concatenating /cache/SRR8052711/variants/parts/SRR8052711.bcftools.raw.part0.vcf.gz	1.169663 seconds
Concatenating /cache/SRR8052711/variants/parts/SRR8052711.bcftools.raw.part1.vcf.gz	0.782877 seconds
[2025-09-16T02:21:53Z] bcftools calling (scatter raw over targets BED)… took 569s
[2025-09-16T02:21:53Z] bcftools filtering… (QUAL>=30, DP>=10)
Lines   total/split/joined/realigned/mismatch_removed/dup_removed/skipped:	888722/722/0/46348/0/0/0
[2025-09-16T02:21:57Z] bcftools filtering… (QUAL>=30, DP>=10) took 4s
[2025-09-16T02:21:57Z] MultiQC summary
[2025-09-16T02:22:01Z] MultiQC summary took 4s
[2025-09-16T02:22:01Z] Packaging QC + logs
[2025-09-16T02:22:01Z] Packaging QC + logs took 0s
[2025-09-16T02:22:01Z] Packaging variants
[2025-09-16T02:22:01Z] Packaging variants took 0s
[2025-09-16T02:22:01Z] Writing metrics + run manifest
[2025-09-16T02:22:03Z] Writing metrics + run manifest took 2s
===== TIMINGS SUMMARY =====
Step                                      Seconds
fastp trimming                                 99
bbduk cleanup                                 197
FastQC (raw+clean, concurrent)                197
Salmon quant                                  576
Kraken2 classification                        104
STAR alignment → sorted BAM                1391
Salmon quant (from STAR transcriptome BAM)      371
Mosdepth coverage + targets (>=8x)            103
MarkDuplicates                                262
Samtools QC                                   158
Inferring strandedness (auto)                   3
Picard CollectRnaSeqMetrics                     3
SplitNCigarReads (scatter-gather)            3394
bcftools calling (scatter raw over targets BED)…      569
bcftools filtering… (QUAL>=30, DP>=10)        4
MultiQC summary                                 4
Packaging QC + logs                             0
Packaging variants                              0
Writing metrics + run manifest                  2
TOTAL                                        7437
[2025-09-16T02:22:03Z] Cleaning expanded alignment directory (keeping logs inside QC tar)
[2025-09-16T02:22:04Z] Success.
[2025-09-16T02:22:04Z] Removing job cache: /cache/SRR8052711
