[2025-09-17T11:06:17Z] Reference bundle directory detected; probing: /indices/Human_GENCODE49_GRCh38/reference
[2025-09-17T11:06:17Z] Using reference in place: /indices/Human_GENCODE49_GRCh38/reference
[2025-09-17T11:06:17Z] GATK reference: /indices/Human_GENCODE49_GRCh38/reference/genome.fa.gz
[2025-09-17T11:06:17Z] STAR index directory detected; using in place: /indices/Human_GENCODE49_GRCh38/star_index
[2025-09-17T11:06:17Z] Salmon index directory detected; using in place: /indices/Human_GENCODE49_GRCh38/salmon_index
[2025-09-17T11:06:17Z] Variant resources directory detected; using in place: /indices/Human_GENCODE49_GRCh38/variant_resources
[2025-09-17T11:06:17Z] Kraken2 input: /indices/Human_GENCODE49_GRCh38/minikraken2_v2_8GB_201904_UPDATE
[2025-09-17T11:06:17Z] Kraken2 DB dir (in place): /indices/Human_GENCODE49_GRCh38/minikraken2_v2_8GB_201904_UPDATE
[2025-09-17T11:06:17Z] fastp trimming
[2025-09-17T11:07:46Z] fastp trimming took 89s
[2025-09-17T11:07:46Z] bbduk cleanup
[2025-09-17T11:09:51Z] bbduk cleanup took 125s
[2025-09-17T11:09:51Z] FastQC (raw+clean, concurrent)
[2025-09-17T11:12:16Z] FastQC (raw+clean, concurrent) took 145s
[2025-09-17T11:12:16Z] Salmon quant
[2025-09-17T11:21:11Z] Salmon quant took 535s
[2025-09-17T11:21:11Z] Kraken2 classification
[2025-09-17T11:22:39Z] Kraken2 classification took 88s
[2025-09-17T11:22:39Z] STAR alignment → sorted BAM
[2025-09-17T11:41:36Z] STAR alignment → sorted BAM took 1137s
[2025-09-17T11:41:36Z] Salmon quant (from STAR transcriptome BAM)
[2025-09-17T11:49:14Z] Salmon quant (from STAR transcriptome BAM) took 458s
[2025-09-17T11:49:14Z] Mosdepth coverage + targets (>=8x)
[2025-09-17T11:50:19Z] Mosdepth coverage + targets (>=8x) took 65s
[2025-09-17T11:50:19Z] Note: MarkDuplicates cannot be region-restricted; running on full BAM
[2025-09-17T11:50:19Z] MarkDuplicates
[2025-09-17T11:53:52Z] MarkDuplicates took 213s
[2025-09-17T11:53:52Z] Samtools QC
[2025-09-17T11:55:45Z] Samtools QC took 113s
[2025-09-17T11:55:45Z] Inferring strandedness (auto)
[2025-09-17T11:55:50Z] Inferring strandedness (auto) took 5s
[2025-09-17T11:55:50Z] Picard CollectRnaSeqMetrics
[2025-09-17T11:55:54Z] Picard CollectRnaSeqMetrics took 4s
[2025-09-17T11:55:54Z] SplitNCigarReads (scatter-gather)
[2025-09-17T11:55:54Z] Preparing SplitNCigarReads shards from targets BED: /cache/SRR8052788/coverage/SRR8052788.targets.8x.classical.bed
[2025-09-17T11:55:55Z] SplitNCigarReads (targets): 25 contigs → 2 shards (max procs=2)
[2025-09-17T12:30:54Z] Merging 2 SplitNCigarReads parts (targets)
[2025-09-17T12:31:50Z] Sorting merged SplitNCigarReads BAM
[bam_sort_core] merging from 4 files and 8 in-memory blocks...
[2025-09-17T12:33:35Z] SplitNCigarReads (scatter-gather) took 2261s
[2025-09-17T12:33:35Z] bcftools calling (scatter raw over targets BED)…
[2025-09-17T12:33:35Z] bcftools scatter: 25 contigs → 2 shards (max procs=2)
[2025-09-17T12:40:04Z] Concatenating 2 bcftools shard VCFs
Checking the headers and starting positions of 2 files
Concatenating /cache/SRR8052788/variants/parts/SRR8052788.bcftools.raw.part0.vcf.gz	0.540910 seconds
Concatenating /cache/SRR8052788/variants/parts/SRR8052788.bcftools.raw.part1.vcf.gz	0.439306 seconds
[2025-09-17T12:40:05Z] bcftools calling (scatter raw over targets BED)… took 390s
[2025-09-17T12:40:05Z] bcftools filtering… (QUAL>=30, DP>=10)
Lines   total/split/joined/realigned/mismatch_removed/dup_removed/skipped:	557660/374/0/23903/0/0/0
[2025-09-17T12:40:09Z] bcftools filtering… (QUAL>=30, DP>=10) took 4s
[2025-09-17T12:40:09Z] MultiQC summary
[2025-09-17T12:40:12Z] MultiQC summary took 3s
[2025-09-17T12:40:12Z] Packaging QC + logs
[2025-09-17T12:40:12Z] Packaging QC + logs took 0s
[2025-09-17T12:40:12Z] Packaging variants
[2025-09-17T12:40:12Z] Packaging variants took 0s
[2025-09-17T12:40:12Z] Writing metrics + run manifest
[2025-09-17T12:40:14Z] Writing metrics + run manifest took 2s
===== TIMINGS SUMMARY =====
Step                                      Seconds
fastp trimming                                 89
bbduk cleanup                                 125
FastQC (raw+clean, concurrent)                145
Salmon quant                                  535
Kraken2 classification                         88
STAR alignment → sorted BAM                1137
Salmon quant (from STAR transcriptome BAM)      458
Mosdepth coverage + targets (>=8x)             65
MarkDuplicates                                213
Samtools QC                                   113
Inferring strandedness (auto)                   5
Picard CollectRnaSeqMetrics                     4
SplitNCigarReads (scatter-gather)            2261
bcftools calling (scatter raw over targets BED)…      390
bcftools filtering… (QUAL>=30, DP>=10)        4
MultiQC summary                                 3
Packaging QC + logs                             0
Packaging variants                              0
Writing metrics + run manifest                  2
TOTAL                                        5637
[2025-09-17T12:40:14Z] Cleaning expanded alignment directory (keeping logs inside QC tar)
[2025-09-17T12:40:14Z] Success.
[2025-09-17T12:40:14Z] Removing job cache: /cache/SRR8052788
