[2025-09-16T21:10:59Z] Reference bundle directory detected; probing: /indices/Human_GENCODE49_GRCh38/reference
[2025-09-16T21:10:59Z] Using reference in place: /indices/Human_GENCODE49_GRCh38/reference
[2025-09-16T21:10:59Z] GATK reference: /indices/Human_GENCODE49_GRCh38/reference/genome.fa.gz
[2025-09-16T21:10:59Z] STAR index directory detected; using in place: /indices/Human_GENCODE49_GRCh38/star_index
[2025-09-16T21:10:59Z] Salmon index directory detected; using in place: /indices/Human_GENCODE49_GRCh38/salmon_index
[2025-09-16T21:10:59Z] Variant resources directory detected; using in place: /indices/Human_GENCODE49_GRCh38/variant_resources
[2025-09-16T21:10:59Z] Kraken2 input: /indices/Human_GENCODE49_GRCh38/minikraken2_v2_8GB_201904_UPDATE
[2025-09-16T21:10:59Z] Kraken2 DB dir (in place): /indices/Human_GENCODE49_GRCh38/minikraken2_v2_8GB_201904_UPDATE
[2025-09-16T21:10:59Z] fastp trimming
[2025-09-16T21:12:09Z] fastp trimming took 70s
[2025-09-16T21:12:09Z] bbduk cleanup
[2025-09-16T21:14:16Z] bbduk cleanup took 127s
[2025-09-16T21:14:16Z] FastQC (raw+clean, concurrent)
[2025-09-16T21:16:28Z] FastQC (raw+clean, concurrent) took 132s
[2025-09-16T21:16:28Z] Salmon quant
[2025-09-16T21:24:37Z] Salmon quant took 489s
[2025-09-16T21:24:37Z] Kraken2 classification
[2025-09-16T21:26:10Z] Kraken2 classification took 93s
[2025-09-16T21:26:10Z] STAR alignment → sorted BAM
[2025-09-16T21:44:41Z] STAR alignment → sorted BAM took 1111s
[2025-09-16T21:44:41Z] Salmon quant (from STAR transcriptome BAM)
[2025-09-16T21:50:51Z] Salmon quant (from STAR transcriptome BAM) took 370s
[2025-09-16T21:50:51Z] Mosdepth coverage + targets (>=8x)
[2025-09-16T21:51:46Z] Mosdepth coverage + targets (>=8x) took 55s
[2025-09-16T21:51:46Z] Note: MarkDuplicates cannot be region-restricted; running on full BAM
[2025-09-16T21:51:46Z] MarkDuplicates
[2025-09-16T21:55:15Z] MarkDuplicates took 209s
[2025-09-16T21:55:15Z] Samtools QC
[2025-09-16T21:56:56Z] Samtools QC took 101s
[2025-09-16T21:56:56Z] Inferring strandedness (auto)
[2025-09-16T21:56:59Z] Inferring strandedness (auto) took 3s
[2025-09-16T21:56:59Z] Picard CollectRnaSeqMetrics
[2025-09-16T21:57:02Z] Picard CollectRnaSeqMetrics took 3s
[2025-09-16T21:57:02Z] SplitNCigarReads (scatter-gather)
[2025-09-16T21:57:02Z] Preparing SplitNCigarReads shards from targets BED: /cache/SRR8052756/coverage/SRR8052756.targets.8x.classical.bed
[2025-09-16T21:57:02Z] SplitNCigarReads (targets): 25 contigs → 2 shards (max procs=2)
[2025-09-16T22:21:59Z] Merging 2 SplitNCigarReads parts (targets)
[2025-09-16T22:22:44Z] Sorting merged SplitNCigarReads BAM
[bam_sort_core] merging from 4 files and 8 in-memory blocks...
[2025-09-16T22:24:17Z] SplitNCigarReads (scatter-gather) took 1635s
[2025-09-16T22:24:17Z] bcftools calling (scatter raw over targets BED)…
[2025-09-16T22:24:17Z] bcftools scatter: 25 contigs → 2 shards (max procs=2)
[2025-09-16T22:30:29Z] Concatenating 2 bcftools shard VCFs
Checking the headers and starting positions of 2 files
Concatenating /cache/SRR8052756/variants/parts/SRR8052756.bcftools.raw.part0.vcf.gz	0.367399 seconds
Concatenating /cache/SRR8052756/variants/parts/SRR8052756.bcftools.raw.part1.vcf.gz	0.263021 seconds
[2025-09-16T22:30:30Z] bcftools calling (scatter raw over targets BED)… took 373s
[2025-09-16T22:30:30Z] bcftools filtering… (QUAL>=30, DP>=10)
Lines   total/split/joined/realigned/mismatch_removed/dup_removed/skipped:	394829/269/0/16593/0/0/0
[2025-09-16T22:30:33Z] bcftools filtering… (QUAL>=30, DP>=10) took 3s
[2025-09-16T22:30:33Z] MultiQC summary
[2025-09-16T22:30:36Z] MultiQC summary took 3s
[2025-09-16T22:30:36Z] Packaging QC + logs
[2025-09-16T22:30:36Z] Packaging QC + logs took 0s
[2025-09-16T22:30:36Z] Packaging variants
[2025-09-16T22:30:36Z] Packaging variants took 0s
[2025-09-16T22:30:36Z] Writing metrics + run manifest
[2025-09-16T22:30:37Z] Writing metrics + run manifest took 1s
===== TIMINGS SUMMARY =====
Step                                      Seconds
fastp trimming                                 70
bbduk cleanup                                 127
FastQC (raw+clean, concurrent)                132
Salmon quant                                  489
Kraken2 classification                         93
STAR alignment → sorted BAM                1111
Salmon quant (from STAR transcriptome BAM)      370
Mosdepth coverage + targets (>=8x)             55
MarkDuplicates                                209
Samtools QC                                   101
Inferring strandedness (auto)                   3
Picard CollectRnaSeqMetrics                     3
SplitNCigarReads (scatter-gather)            1635
bcftools calling (scatter raw over targets BED)…      373
bcftools filtering… (QUAL>=30, DP>=10)        3
MultiQC summary                                 3
Packaging QC + logs                             0
Packaging variants                              0
Writing metrics + run manifest                  1
TOTAL                                        4778
[2025-09-16T22:30:37Z] Cleaning expanded alignment directory (keeping logs inside QC tar)
[2025-09-16T22:30:38Z] Success.
[2025-09-16T22:30:38Z] Removing job cache: /cache/SRR8052756
