[2025-09-17T11:36:22Z] Reference bundle directory detected; probing: /indices/Human_GENCODE49_GRCh38/reference
[2025-09-17T11:36:22Z] Using reference in place: /indices/Human_GENCODE49_GRCh38/reference
[2025-09-17T11:36:22Z] GATK reference: /indices/Human_GENCODE49_GRCh38/reference/genome.fa.gz
[2025-09-17T11:36:22Z] STAR index directory detected; using in place: /indices/Human_GENCODE49_GRCh38/star_index
[2025-09-17T11:36:22Z] Salmon index directory detected; using in place: /indices/Human_GENCODE49_GRCh38/salmon_index
[2025-09-17T11:36:22Z] Variant resources directory detected; using in place: /indices/Human_GENCODE49_GRCh38/variant_resources
[2025-09-17T11:36:22Z] Kraken2 input: /indices/Human_GENCODE49_GRCh38/minikraken2_v2_8GB_201904_UPDATE
[2025-09-17T11:36:22Z] Kraken2 DB dir (in place): /indices/Human_GENCODE49_GRCh38/minikraken2_v2_8GB_201904_UPDATE
[2025-09-17T11:36:22Z] fastp trimming
[2025-09-17T11:37:31Z] fastp trimming took 69s
[2025-09-17T11:37:31Z] bbduk cleanup
[2025-09-17T11:39:37Z] bbduk cleanup took 126s
[2025-09-17T11:39:37Z] FastQC (raw+clean, concurrent)
[2025-09-17T11:42:18Z] FastQC (raw+clean, concurrent) took 161s
[2025-09-17T11:42:18Z] Salmon quant
[2025-09-17T11:50:52Z] Salmon quant took 514s
[2025-09-17T11:50:52Z] Kraken2 classification
[2025-09-17T11:52:09Z] Kraken2 classification took 77s
[2025-09-17T11:52:09Z] STAR alignment → sorted BAM
[2025-09-17T12:08:03Z] STAR alignment → sorted BAM took 954s
[2025-09-17T12:08:03Z] Salmon quant (from STAR transcriptome BAM)
[2025-09-17T12:14:06Z] Salmon quant (from STAR transcriptome BAM) took 363s
[2025-09-17T12:14:06Z] Mosdepth coverage + targets (>=8x)
[2025-09-17T12:15:01Z] Mosdepth coverage + targets (>=8x) took 55s
[2025-09-17T12:15:01Z] Note: MarkDuplicates cannot be region-restricted; running on full BAM
[2025-09-17T12:15:01Z] MarkDuplicates
[2025-09-17T12:17:37Z] MarkDuplicates took 156s
[2025-09-17T12:17:37Z] Samtools QC
[2025-09-17T12:19:10Z] Samtools QC took 93s
[2025-09-17T12:19:10Z] Inferring strandedness (auto)
[2025-09-17T12:19:13Z] Inferring strandedness (auto) took 3s
[2025-09-17T12:19:13Z] Picard CollectRnaSeqMetrics
[2025-09-17T12:19:15Z] Picard CollectRnaSeqMetrics took 2s
[2025-09-17T12:19:15Z] SplitNCigarReads (scatter-gather)
[2025-09-17T12:19:15Z] Preparing SplitNCigarReads shards from targets BED: /cache/SRR8052790/coverage/SRR8052790.targets.8x.classical.bed
[2025-09-17T12:19:15Z] SplitNCigarReads (targets): 25 contigs → 2 shards (max procs=2)
[2025-09-17T12:44:34Z] Merging 2 SplitNCigarReads parts (targets)
[2025-09-17T12:45:15Z] Sorting merged SplitNCigarReads BAM
[bam_sort_core] merging from 4 files and 8 in-memory blocks...
[2025-09-17T12:46:46Z] SplitNCigarReads (scatter-gather) took 1651s
[2025-09-17T12:46:46Z] bcftools calling (scatter raw over targets BED)…
[2025-09-17T12:46:46Z] bcftools scatter: 25 contigs → 2 shards (max procs=2)
[2025-09-17T12:52:20Z] Concatenating 2 bcftools shard VCFs
Checking the headers and starting positions of 2 files
Concatenating /cache/SRR8052790/variants/parts/SRR8052790.bcftools.raw.part0.vcf.gz	0.457889 seconds
Concatenating /cache/SRR8052790/variants/parts/SRR8052790.bcftools.raw.part1.vcf.gz	0.350301 seconds
[2025-09-17T12:52:21Z] bcftools calling (scatter raw over targets BED)… took 335s
[2025-09-17T12:52:21Z] bcftools filtering… (QUAL>=30, DP>=10)
Lines   total/split/joined/realigned/mismatch_removed/dup_removed/skipped:	497857/298/0/20469/0/0/0
[2025-09-17T12:52:24Z] bcftools filtering… (QUAL>=30, DP>=10) took 3s
[2025-09-17T12:52:24Z] MultiQC summary
[2025-09-17T12:52:28Z] MultiQC summary took 4s
[2025-09-17T12:52:28Z] Packaging QC + logs
[2025-09-17T12:52:28Z] Packaging QC + logs took 0s
[2025-09-17T12:52:28Z] Packaging variants
[2025-09-17T12:52:28Z] Packaging variants took 0s
[2025-09-17T12:52:28Z] Writing metrics + run manifest
[2025-09-17T12:52:31Z] Writing metrics + run manifest took 3s
===== TIMINGS SUMMARY =====
Step                                      Seconds
fastp trimming                                 69
bbduk cleanup                                 126
FastQC (raw+clean, concurrent)                161
Salmon quant                                  514
Kraken2 classification                         77
STAR alignment → sorted BAM                 954
Salmon quant (from STAR transcriptome BAM)      363
Mosdepth coverage + targets (>=8x)             55
MarkDuplicates                                156
Samtools QC                                    93
Inferring strandedness (auto)                   3
Picard CollectRnaSeqMetrics                     2
SplitNCigarReads (scatter-gather)            1651
bcftools calling (scatter raw over targets BED)…      335
bcftools filtering… (QUAL>=30, DP>=10)        3
MultiQC summary                                 4
Packaging QC + logs                             0
Packaging variants                              0
Writing metrics + run manifest                  3
TOTAL                                        4569
[2025-09-17T12:52:31Z] Cleaning expanded alignment directory (keeping logs inside QC tar)
[2025-09-17T12:52:32Z] Success.
[2025-09-17T12:52:32Z] Removing job cache: /cache/SRR8052790
