[2025-09-16T16:17:32Z] Reference bundle directory detected; probing: /indices/Human_GENCODE49_GRCh38/reference
[2025-09-16T16:17:32Z] Using reference in place: /indices/Human_GENCODE49_GRCh38/reference
[2025-09-16T16:17:32Z] GATK reference: /indices/Human_GENCODE49_GRCh38/reference/genome.fa.gz
[2025-09-16T16:17:32Z] STAR index directory detected; using in place: /indices/Human_GENCODE49_GRCh38/star_index
[2025-09-16T16:17:32Z] Salmon index directory detected; using in place: /indices/Human_GENCODE49_GRCh38/salmon_index
[2025-09-16T16:17:32Z] Variant resources directory detected; using in place: /indices/Human_GENCODE49_GRCh38/variant_resources
[2025-09-16T16:17:32Z] Kraken2 input: /indices/Human_GENCODE49_GRCh38/minikraken2_v2_8GB_201904_UPDATE
[2025-09-16T16:17:32Z] Kraken2 DB dir (in place): /indices/Human_GENCODE49_GRCh38/minikraken2_v2_8GB_201904_UPDATE
[2025-09-16T16:17:32Z] fastp trimming
[2025-09-16T16:18:13Z] fastp trimming took 41s
[2025-09-16T16:18:13Z] bbduk cleanup
[2025-09-16T16:19:06Z] bbduk cleanup took 53s
[2025-09-16T16:19:06Z] FastQC (raw+clean, concurrent)
[2025-09-16T16:20:22Z] FastQC (raw+clean, concurrent) took 76s
[2025-09-16T16:20:22Z] Salmon quant
[2025-09-16T16:25:20Z] Salmon quant took 298s
[2025-09-16T16:25:20Z] Kraken2 classification
[2025-09-16T16:26:06Z] Kraken2 classification took 46s
[2025-09-16T16:26:06Z] STAR alignment → sorted BAM
[2025-09-16T16:35:47Z] STAR alignment → sorted BAM took 581s
[2025-09-16T16:35:47Z] Salmon quant (from STAR transcriptome BAM)
[2025-09-16T16:40:29Z] Salmon quant (from STAR transcriptome BAM) took 282s
[2025-09-16T16:40:29Z] Mosdepth coverage + targets (>=8x)
[2025-09-16T16:41:32Z] Mosdepth coverage + targets (>=8x) took 63s
[2025-09-16T16:41:32Z] Note: MarkDuplicates cannot be region-restricted; running on full BAM
[2025-09-16T16:41:32Z] MarkDuplicates
[2025-09-16T16:42:59Z] MarkDuplicates took 87s
[2025-09-16T16:42:59Z] Samtools QC
[2025-09-16T16:43:40Z] Samtools QC took 41s
[2025-09-16T16:43:40Z] Inferring strandedness (auto)
[2025-09-16T16:43:42Z] Inferring strandedness (auto) took 2s
[2025-09-16T16:43:42Z] Picard CollectRnaSeqMetrics
[2025-09-16T16:43:44Z] Picard CollectRnaSeqMetrics took 2s
[2025-09-16T16:43:44Z] SplitNCigarReads (scatter-gather)
[2025-09-16T16:43:44Z] Preparing SplitNCigarReads shards from targets BED: /cache/SRR8052746/coverage/SRR8052746.targets.8x.classical.bed
[2025-09-16T16:43:45Z] SplitNCigarReads (targets): 25 contigs → 2 shards (max procs=2)
[2025-09-16T16:57:29Z] Merging 2 SplitNCigarReads parts (targets)
[2025-09-16T16:57:50Z] Sorting merged SplitNCigarReads BAM
[bam_sort_core] merging from 1 files and 8 in-memory blocks...
[2025-09-16T16:58:31Z] SplitNCigarReads (scatter-gather) took 887s
[2025-09-16T16:58:31Z] bcftools calling (scatter raw over targets BED)…
[2025-09-16T16:58:31Z] bcftools scatter: 25 contigs → 2 shards (max procs=2)
[2025-09-16T17:01:10Z] Concatenating 2 bcftools shard VCFs
Checking the headers and starting positions of 2 files
Concatenating /cache/SRR8052746/variants/parts/SRR8052746.bcftools.raw.part0.vcf.gz	0.232873 seconds
Concatenating /cache/SRR8052746/variants/parts/SRR8052746.bcftools.raw.part1.vcf.gz	0.127021 seconds
[2025-09-16T17:01:10Z] bcftools calling (scatter raw over targets BED)… took 159s
[2025-09-16T17:01:10Z] bcftools filtering… (QUAL>=30, DP>=10)
Lines   total/split/joined/realigned/mismatch_removed/dup_removed/skipped:	182017/95/0/7228/0/0/0
[2025-09-16T17:01:13Z] bcftools filtering… (QUAL>=30, DP>=10) took 3s
[2025-09-16T17:01:13Z] MultiQC summary
[2025-09-16T17:01:17Z] MultiQC summary took 4s
[2025-09-16T17:01:17Z] Packaging QC + logs
[2025-09-16T17:01:17Z] Packaging QC + logs took 0s
[2025-09-16T17:01:17Z] Packaging variants
[2025-09-16T17:01:17Z] Packaging variants took 0s
[2025-09-16T17:01:17Z] Writing metrics + run manifest
[2025-09-16T17:01:19Z] Writing metrics + run manifest took 2s
===== TIMINGS SUMMARY =====
Step                                      Seconds
fastp trimming                                 41
bbduk cleanup                                  53
FastQC (raw+clean, concurrent)                 76
Salmon quant                                  298
Kraken2 classification                         46
STAR alignment → sorted BAM                 581
Salmon quant (from STAR transcriptome BAM)      282
Mosdepth coverage + targets (>=8x)             63
MarkDuplicates                                 87
Samtools QC                                    41
Inferring strandedness (auto)                   2
Picard CollectRnaSeqMetrics                     2
SplitNCigarReads (scatter-gather)             887
bcftools calling (scatter raw over targets BED)…      159
bcftools filtering… (QUAL>=30, DP>=10)        3
MultiQC summary                                 4
Packaging QC + logs                             0
Packaging variants                              0
Writing metrics + run manifest                  2
TOTAL                                        2627
[2025-09-16T17:01:19Z] Cleaning expanded alignment directory (keeping logs inside QC tar)
[2025-09-16T17:01:19Z] Success.
[2025-09-16T17:01:19Z] Removing job cache: /cache/SRR8052746
