[2025-09-17T08:11:07Z] Reference bundle directory detected; probing: /indices/Human_GENCODE49_GRCh38/reference
[2025-09-17T08:11:07Z] Using reference in place: /indices/Human_GENCODE49_GRCh38/reference
[2025-09-17T08:11:07Z] GATK reference: /indices/Human_GENCODE49_GRCh38/reference/genome.fa.gz
[2025-09-17T08:11:07Z] STAR index directory detected; using in place: /indices/Human_GENCODE49_GRCh38/star_index
[2025-09-17T08:11:07Z] Salmon index directory detected; using in place: /indices/Human_GENCODE49_GRCh38/salmon_index
[2025-09-17T08:11:07Z] Variant resources directory detected; using in place: /indices/Human_GENCODE49_GRCh38/variant_resources
[2025-09-17T08:11:07Z] Kraken2 input: /indices/Human_GENCODE49_GRCh38/minikraken2_v2_8GB_201904_UPDATE
[2025-09-17T08:11:07Z] Kraken2 DB dir (in place): /indices/Human_GENCODE49_GRCh38/minikraken2_v2_8GB_201904_UPDATE
[2025-09-17T08:11:07Z] fastp trimming
[2025-09-17T08:12:15Z] fastp trimming took 68s
[2025-09-17T08:12:15Z] bbduk cleanup
[2025-09-17T08:14:03Z] bbduk cleanup took 108s
[2025-09-17T08:14:03Z] FastQC (raw+clean, concurrent)
[2025-09-17T08:16:34Z] FastQC (raw+clean, concurrent) took 151s
[2025-09-17T08:16:34Z] Salmon quant
[2025-09-17T08:23:56Z] Salmon quant took 442s
[2025-09-17T08:23:56Z] Kraken2 classification
[2025-09-17T08:25:21Z] Kraken2 classification took 85s
[2025-09-17T08:25:21Z] STAR alignment → sorted BAM
[2025-09-17T08:41:48Z] STAR alignment → sorted BAM took 987s
[2025-09-17T08:41:48Z] Salmon quant (from STAR transcriptome BAM)
[2025-09-17T08:47:20Z] Salmon quant (from STAR transcriptome BAM) took 332s
[2025-09-17T08:47:20Z] Mosdepth coverage + targets (>=8x)
[2025-09-17T08:48:14Z] Mosdepth coverage + targets (>=8x) took 54s
[2025-09-17T08:48:14Z] Note: MarkDuplicates cannot be region-restricted; running on full BAM
[2025-09-17T08:48:14Z] MarkDuplicates
[2025-09-17T08:51:00Z] MarkDuplicates took 166s
[2025-09-17T08:51:00Z] Samtools QC
[2025-09-17T08:52:29Z] Samtools QC took 89s
[2025-09-17T08:52:29Z] Inferring strandedness (auto)
[2025-09-17T08:52:32Z] Inferring strandedness (auto) took 3s
[2025-09-17T08:52:32Z] Picard CollectRnaSeqMetrics
[2025-09-17T08:52:35Z] Picard CollectRnaSeqMetrics took 3s
[2025-09-17T08:52:35Z] SplitNCigarReads (scatter-gather)
[2025-09-17T08:52:35Z] Preparing SplitNCigarReads shards from targets BED: /cache/SRR8052782/coverage/SRR8052782.targets.8x.classical.bed
[2025-09-17T08:52:35Z] SplitNCigarReads (targets): 25 contigs → 2 shards (max procs=2)
[2025-09-17T09:17:20Z] Merging 2 SplitNCigarReads parts (targets)
[2025-09-17T09:18:04Z] Sorting merged SplitNCigarReads BAM
[bam_sort_core] merging from 3 files and 8 in-memory blocks...
[2025-09-17T09:19:23Z] SplitNCigarReads (scatter-gather) took 1608s
[2025-09-17T09:19:23Z] bcftools calling (scatter raw over targets BED)…
[2025-09-17T09:19:23Z] bcftools scatter: 25 contigs → 2 shards (max procs=2)
[2025-09-17T09:24:39Z] Concatenating 2 bcftools shard VCFs
Checking the headers and starting positions of 2 files
Concatenating /cache/SRR8052782/variants/parts/SRR8052782.bcftools.raw.part0.vcf.gz	0.587645 seconds
Concatenating /cache/SRR8052782/variants/parts/SRR8052782.bcftools.raw.part1.vcf.gz	0.402983 seconds
[2025-09-17T09:24:41Z] bcftools calling (scatter raw over targets BED)… took 318s
[2025-09-17T09:24:41Z] bcftools filtering… (QUAL>=30, DP>=10)
Lines   total/split/joined/realigned/mismatch_removed/dup_removed/skipped:	512095/365/0/23667/0/0/0
[2025-09-17T09:24:44Z] bcftools filtering… (QUAL>=30, DP>=10) took 3s
[2025-09-17T09:24:44Z] MultiQC summary
[2025-09-17T09:24:47Z] MultiQC summary took 3s
[2025-09-17T09:24:47Z] Packaging QC + logs
[2025-09-17T09:24:48Z] Packaging QC + logs took 1s
[2025-09-17T09:24:48Z] Packaging variants
[2025-09-17T09:24:48Z] Packaging variants took 0s
[2025-09-17T09:24:48Z] Writing metrics + run manifest
[2025-09-17T09:24:49Z] Writing metrics + run manifest took 1s
===== TIMINGS SUMMARY =====
Step                                      Seconds
fastp trimming                                 68
bbduk cleanup                                 108
FastQC (raw+clean, concurrent)                151
Salmon quant                                  442
Kraken2 classification                         85
STAR alignment → sorted BAM                 987
Salmon quant (from STAR transcriptome BAM)      332
Mosdepth coverage + targets (>=8x)             54
MarkDuplicates                                166
Samtools QC                                    89
Inferring strandedness (auto)                   3
Picard CollectRnaSeqMetrics                     3
SplitNCigarReads (scatter-gather)            1608
bcftools calling (scatter raw over targets BED)…      318
bcftools filtering… (QUAL>=30, DP>=10)        3
MultiQC summary                                 3
Packaging QC + logs                             1
Packaging variants                              0
Writing metrics + run manifest                  1
TOTAL                                        4422
[2025-09-17T09:24:49Z] Cleaning expanded alignment directory (keeping logs inside QC tar)
[2025-09-17T09:24:50Z] Success.
[2025-09-17T09:24:50Z] Removing job cache: /cache/SRR8052782
