[2025-09-18T10:47:57Z] Reference bundle directory detected; probing: /indices/Human_GENCODE49_GRCh38/reference
[2025-09-18T10:47:57Z] Using reference in place: /indices/Human_GENCODE49_GRCh38/reference
[2025-09-18T10:47:57Z] GATK reference: /indices/Human_GENCODE49_GRCh38/reference/genome.fa.gz
[2025-09-18T10:47:57Z] STAR index directory detected; using in place: /indices/Human_GENCODE49_GRCh38/star_index
[2025-09-18T10:47:57Z] Salmon index directory detected; using in place: /indices/Human_GENCODE49_GRCh38/salmon_index
[2025-09-18T10:47:57Z] Variant resources directory detected; using in place: /indices/Human_GENCODE49_GRCh38/variant_resources
[2025-09-18T10:47:57Z] Kraken2 input: /indices/Human_GENCODE49_GRCh38/minikraken2_v2_8GB_201904_UPDATE
[2025-09-18T10:47:57Z] Kraken2 DB dir (in place): /indices/Human_GENCODE49_GRCh38/minikraken2_v2_8GB_201904_UPDATE
[2025-09-18T10:47:57Z] fastp trimming
[2025-09-18T10:49:14Z] fastp trimming took 77s
[2025-09-18T10:49:14Z] bbduk cleanup
[2025-09-18T10:51:24Z] bbduk cleanup took 130s
[2025-09-18T10:51:24Z] FastQC (raw+clean, concurrent)
[2025-09-18T10:53:46Z] FastQC (raw+clean, concurrent) took 142s
[2025-09-18T10:53:46Z] Salmon quant
[2025-09-18T11:01:56Z] Salmon quant took 490s
[2025-09-18T11:01:56Z] Kraken2 classification
[2025-09-18T11:03:21Z] Kraken2 classification took 85s
[2025-09-18T11:03:21Z] STAR alignment → sorted BAM
[2025-09-18T11:23:20Z] STAR alignment → sorted BAM took 1199s
[2025-09-18T11:23:20Z] Salmon quant (from STAR transcriptome BAM)
[2025-09-18T11:28:44Z] Salmon quant (from STAR transcriptome BAM) took 324s
[2025-09-18T11:28:44Z] Mosdepth coverage + targets (>=8x)
[2025-09-18T11:29:36Z] Mosdepth coverage + targets (>=8x) took 52s
[2025-09-18T11:29:36Z] Note: MarkDuplicates cannot be region-restricted; running on full BAM
[2025-09-18T11:29:36Z] MarkDuplicates
[2025-09-18T11:32:02Z] MarkDuplicates took 146s
[2025-09-18T11:32:02Z] Samtools QC
[2025-09-18T11:33:37Z] Samtools QC took 95s
[2025-09-18T11:33:37Z] Inferring strandedness (auto)
[2025-09-18T11:33:40Z] Inferring strandedness (auto) took 3s
[2025-09-18T11:33:40Z] Picard CollectRnaSeqMetrics
[2025-09-18T11:33:43Z] Picard CollectRnaSeqMetrics took 3s
[2025-09-18T11:33:43Z] SplitNCigarReads (scatter-gather)
[2025-09-18T11:33:43Z] Preparing SplitNCigarReads shards from targets BED: /cache/SRR8052837/coverage/SRR8052837.targets.8x.classical.bed
[2025-09-18T11:33:43Z] SplitNCigarReads (targets): 25 contigs → 2 shards (max procs=2)
[2025-09-18T12:06:04Z] Merging 2 SplitNCigarReads parts (targets)
[2025-09-18T12:07:00Z] Sorting merged SplitNCigarReads BAM
[bam_sort_core] merging from 4 files and 8 in-memory blocks...
[2025-09-18T12:08:53Z] SplitNCigarReads (scatter-gather) took 2110s
[2025-09-18T12:08:53Z] bcftools calling (scatter raw over targets BED)…
[2025-09-18T12:08:53Z] bcftools scatter: 25 contigs → 2 shards (max procs=2)
[2025-09-18T12:14:09Z] Concatenating 2 bcftools shard VCFs
Checking the headers and starting positions of 2 files
Concatenating /cache/SRR8052837/variants/parts/SRR8052837.bcftools.raw.part0.vcf.gz	0.849985 seconds
Concatenating /cache/SRR8052837/variants/parts/SRR8052837.bcftools.raw.part1.vcf.gz	0.387656 seconds
[2025-09-18T12:14:10Z] bcftools calling (scatter raw over targets BED)… took 317s
[2025-09-18T12:14:10Z] bcftools filtering… (QUAL>=30, DP>=10)
Lines   total/split/joined/realigned/mismatch_removed/dup_removed/skipped:	323334/245/0/13323/0/0/0
[2025-09-18T12:14:16Z] bcftools filtering… (QUAL>=30, DP>=10) took 6s
[2025-09-18T12:14:16Z] MultiQC summary
[2025-09-18T12:14:20Z] MultiQC summary took 4s
[2025-09-18T12:14:20Z] Packaging QC + logs
[2025-09-18T12:14:21Z] Packaging QC + logs took 1s
[2025-09-18T12:14:21Z] Packaging variants
[2025-09-18T12:14:21Z] Packaging variants took 0s
[2025-09-18T12:14:21Z] Writing metrics + run manifest
[2025-09-18T12:14:23Z] Writing metrics + run manifest took 2s
===== TIMINGS SUMMARY =====
Step                                      Seconds
fastp trimming                                 77
bbduk cleanup                                 130
FastQC (raw+clean, concurrent)                142
Salmon quant                                  490
Kraken2 classification                         85
STAR alignment → sorted BAM                1199
Salmon quant (from STAR transcriptome BAM)      324
Mosdepth coverage + targets (>=8x)             52
MarkDuplicates                                146
Samtools QC                                    95
Inferring strandedness (auto)                   3
Picard CollectRnaSeqMetrics                     3
SplitNCigarReads (scatter-gather)            2110
bcftools calling (scatter raw over targets BED)…      317
bcftools filtering… (QUAL>=30, DP>=10)        6
MultiQC summary                                 4
Packaging QC + logs                             1
Packaging variants                              0
Writing metrics + run manifest                  2
TOTAL                                        5186
[2025-09-18T12:14:23Z] Cleaning expanded alignment directory (keeping logs inside QC tar)
[2025-09-18T12:14:23Z] Success.
[2025-09-18T12:14:23Z] Removing job cache: /cache/SRR8052837
