[2025-09-16T09:27:00Z] Reference bundle directory detected; probing: /indices/Human_GENCODE49_GRCh38/reference
[2025-09-16T09:27:00Z] Using reference in place: /indices/Human_GENCODE49_GRCh38/reference
[2025-09-16T09:27:00Z] GATK reference: /indices/Human_GENCODE49_GRCh38/reference/genome.fa.gz
[2025-09-16T09:27:00Z] STAR index directory detected; using in place: /indices/Human_GENCODE49_GRCh38/star_index
[2025-09-16T09:27:00Z] Salmon index directory detected; using in place: /indices/Human_GENCODE49_GRCh38/salmon_index
[2025-09-16T09:27:00Z] Variant resources directory detected; using in place: /indices/Human_GENCODE49_GRCh38/variant_resources
[2025-09-16T09:27:00Z] Kraken2 input: /indices/Human_GENCODE49_GRCh38/minikraken2_v2_8GB_201904_UPDATE
[2025-09-16T09:27:00Z] Kraken2 DB dir (in place): /indices/Human_GENCODE49_GRCh38/minikraken2_v2_8GB_201904_UPDATE
[2025-09-16T09:27:00Z] fastp trimming
[2025-09-16T09:28:55Z] fastp trimming took 115s
[2025-09-16T09:28:55Z] bbduk cleanup
[2025-09-16T09:32:05Z] bbduk cleanup took 190s
[2025-09-16T09:32:05Z] FastQC (raw+clean, concurrent)
[2025-09-16T09:35:38Z] FastQC (raw+clean, concurrent) took 213s
[2025-09-16T09:35:38Z] Salmon quant
[2025-09-16T09:46:50Z] Salmon quant took 672s
[2025-09-16T09:46:50Z] Kraken2 classification
[2025-09-16T09:48:44Z] Kraken2 classification took 114s
[2025-09-16T09:48:44Z] STAR alignment → sorted BAM
[2025-09-16T10:09:56Z] STAR alignment → sorted BAM took 1272s
[2025-09-16T10:09:56Z] Salmon quant (from STAR transcriptome BAM)
[2025-09-16T10:15:32Z] Salmon quant (from STAR transcriptome BAM) took 336s
[2025-09-16T10:15:32Z] Mosdepth coverage + targets (>=8x)
[2025-09-16T10:16:55Z] Mosdepth coverage + targets (>=8x) took 83s
[2025-09-16T10:16:55Z] Note: MarkDuplicates cannot be region-restricted; running on full BAM
[2025-09-16T10:16:55Z] MarkDuplicates
[2025-09-16T10:20:21Z] MarkDuplicates took 206s
[2025-09-16T10:20:21Z] Samtools QC
[2025-09-16T10:22:45Z] Samtools QC took 144s
[2025-09-16T10:22:45Z] Inferring strandedness (auto)
[2025-09-16T10:22:48Z] Inferring strandedness (auto) took 3s
[2025-09-16T10:22:48Z] Picard CollectRnaSeqMetrics
[2025-09-16T10:22:50Z] Picard CollectRnaSeqMetrics took 2s
[2025-09-16T10:22:50Z] SplitNCigarReads (scatter-gather)
[2025-09-16T10:22:50Z] Preparing SplitNCigarReads shards from targets BED: /cache/SRR8052732/coverage/SRR8052732.targets.8x.classical.bed
[2025-09-16T10:22:50Z] SplitNCigarReads (targets): 25 contigs → 2 shards (max procs=2)
[2025-09-16T10:59:17Z] Merging 2 SplitNCigarReads parts (targets)
[2025-09-16T11:00:45Z] Sorting merged SplitNCigarReads BAM
[bam_sort_core] merging from 5 files and 8 in-memory blocks...
[2025-09-16T11:03:13Z] SplitNCigarReads (scatter-gather) took 2423s
[2025-09-16T11:03:13Z] bcftools calling (scatter raw over targets BED)…
[2025-09-16T11:03:13Z] bcftools scatter: 25 contigs → 2 shards (max procs=2)
[2025-09-16T11:15:32Z] Concatenating 2 bcftools shard VCFs
Checking the headers and starting positions of 2 files
Concatenating /cache/SRR8052732/variants/parts/SRR8052732.bcftools.raw.part0.vcf.gz	1.218629 seconds
Concatenating /cache/SRR8052732/variants/parts/SRR8052732.bcftools.raw.part1.vcf.gz	0.965971 seconds
[2025-09-16T11:15:35Z] bcftools calling (scatter raw over targets BED)… took 742s
[2025-09-16T11:15:35Z] bcftools filtering… (QUAL>=30, DP>=10)
Lines   total/split/joined/realigned/mismatch_removed/dup_removed/skipped:	1085586/1217/0/59739/0/0/0
[2025-09-16T11:15:39Z] bcftools filtering… (QUAL>=30, DP>=10) took 4s
[2025-09-16T11:15:39Z] MultiQC summary
[2025-09-16T11:15:43Z] MultiQC summary took 4s
[2025-09-16T11:15:43Z] Packaging QC + logs
[2025-09-16T11:15:43Z] Packaging QC + logs took 0s
[2025-09-16T11:15:43Z] Packaging variants
[2025-09-16T11:15:43Z] Packaging variants took 0s
[2025-09-16T11:15:43Z] Writing metrics + run manifest
[2025-09-16T11:15:45Z] Writing metrics + run manifest took 2s
===== TIMINGS SUMMARY =====
Step                                      Seconds
fastp trimming                                115
bbduk cleanup                                 190
FastQC (raw+clean, concurrent)                213
Salmon quant                                  672
Kraken2 classification                        114
STAR alignment → sorted BAM                1272
Salmon quant (from STAR transcriptome BAM)      336
Mosdepth coverage + targets (>=8x)             83
MarkDuplicates                                206
Samtools QC                                   144
Inferring strandedness (auto)                   3
Picard CollectRnaSeqMetrics                     2
SplitNCigarReads (scatter-gather)            2423
bcftools calling (scatter raw over targets BED)…      742
bcftools filtering… (QUAL>=30, DP>=10)        4
MultiQC summary                                 4
Packaging QC + logs                             0
Packaging variants                              0
Writing metrics + run manifest                  2
TOTAL                                        6525
[2025-09-16T11:15:45Z] Cleaning expanded alignment directory (keeping logs inside QC tar)
[2025-09-16T11:15:46Z] Success.
[2025-09-16T11:15:46Z] Removing job cache: /cache/SRR8052732
