[2025-09-17T02:51:55Z] Reference bundle directory detected; probing: /indices/Human_GENCODE49_GRCh38/reference
[2025-09-17T02:51:55Z] Using reference in place: /indices/Human_GENCODE49_GRCh38/reference
[2025-09-17T02:51:55Z] GATK reference: /indices/Human_GENCODE49_GRCh38/reference/genome.fa.gz
[2025-09-17T02:51:55Z] STAR index directory detected; using in place: /indices/Human_GENCODE49_GRCh38/star_index
[2025-09-17T02:51:55Z] Salmon index directory detected; using in place: /indices/Human_GENCODE49_GRCh38/salmon_index
[2025-09-17T02:51:55Z] Variant resources directory detected; using in place: /indices/Human_GENCODE49_GRCh38/variant_resources
[2025-09-17T02:51:55Z] Kraken2 input: /indices/Human_GENCODE49_GRCh38/minikraken2_v2_8GB_201904_UPDATE
[2025-09-17T02:51:55Z] Kraken2 DB dir (in place): /indices/Human_GENCODE49_GRCh38/minikraken2_v2_8GB_201904_UPDATE
[2025-09-17T02:51:55Z] fastp trimming
[2025-09-17T02:53:27Z] fastp trimming took 92s
[2025-09-17T02:53:27Z] bbduk cleanup
[2025-09-17T02:56:11Z] bbduk cleanup took 164s
[2025-09-17T02:56:11Z] FastQC (raw+clean, concurrent)
[2025-09-17T02:59:18Z] FastQC (raw+clean, concurrent) took 187s
[2025-09-17T02:59:18Z] Salmon quant
[2025-09-17T03:08:39Z] Salmon quant took 561s
[2025-09-17T03:08:39Z] Kraken2 classification
[2025-09-17T03:10:36Z] Kraken2 classification took 117s
[2025-09-17T03:10:36Z] STAR alignment → sorted BAM
[2025-09-17T03:36:24Z] STAR alignment → sorted BAM took 1548s
[2025-09-17T03:36:24Z] Salmon quant (from STAR transcriptome BAM)
[2025-09-17T03:42:22Z] Salmon quant (from STAR transcriptome BAM) took 358s
[2025-09-17T03:42:22Z] Mosdepth coverage + targets (>=8x)
[2025-09-17T03:43:29Z] Mosdepth coverage + targets (>=8x) took 67s
[2025-09-17T03:43:29Z] Note: MarkDuplicates cannot be region-restricted; running on full BAM
[2025-09-17T03:43:29Z] MarkDuplicates
[2025-09-17T03:46:57Z] MarkDuplicates took 208s
[2025-09-17T03:46:57Z] Samtools QC
[2025-09-17T03:49:15Z] Samtools QC took 138s
[2025-09-17T03:49:15Z] Inferring strandedness (auto)
[2025-09-17T03:49:17Z] Inferring strandedness (auto) took 2s
[2025-09-17T03:49:17Z] Picard CollectRnaSeqMetrics
[2025-09-17T03:49:19Z] Picard CollectRnaSeqMetrics took 2s
[2025-09-17T03:49:19Z] SplitNCigarReads (scatter-gather)
[2025-09-17T03:49:19Z] Preparing SplitNCigarReads shards from targets BED: /cache/SRR8052770/coverage/SRR8052770.targets.8x.classical.bed
[2025-09-17T03:49:19Z] SplitNCigarReads (targets): 25 contigs → 2 shards (max procs=2)
[2025-09-17T04:28:38Z] Merging 2 SplitNCigarReads parts (targets)
[2025-09-17T04:29:35Z] Sorting merged SplitNCigarReads BAM
[bam_sort_core] merging from 5 files and 8 in-memory blocks...
[2025-09-17T04:31:28Z] SplitNCigarReads (scatter-gather) took 2529s
[2025-09-17T04:31:28Z] bcftools calling (scatter raw over targets BED)…
[2025-09-17T04:31:28Z] bcftools scatter: 25 contigs → 2 shards (max procs=2)
[2025-09-17T04:40:19Z] Concatenating 2 bcftools shard VCFs
Checking the headers and starting positions of 2 files
Concatenating /cache/SRR8052770/variants/parts/SRR8052770.bcftools.raw.part0.vcf.gz	0.664489 seconds
Concatenating /cache/SRR8052770/variants/parts/SRR8052770.bcftools.raw.part1.vcf.gz	0.502149 seconds
[2025-09-17T04:40:21Z] bcftools calling (scatter raw over targets BED)… took 533s
[2025-09-17T04:40:21Z] bcftools filtering… (QUAL>=30, DP>=10)
Lines   total/split/joined/realigned/mismatch_removed/dup_removed/skipped:	646383/540/0/34634/0/0/0
[2025-09-17T04:40:29Z] bcftools filtering… (QUAL>=30, DP>=10) took 8s
[2025-09-17T04:40:29Z] MultiQC summary
[2025-09-17T04:40:33Z] MultiQC summary took 4s
[2025-09-17T04:40:33Z] Packaging QC + logs
[2025-09-17T04:40:34Z] Packaging QC + logs took 1s
[2025-09-17T04:40:34Z] Packaging variants
[2025-09-17T04:40:34Z] Packaging variants took 0s
[2025-09-17T04:40:34Z] Writing metrics + run manifest
[2025-09-17T04:40:36Z] Writing metrics + run manifest took 2s
===== TIMINGS SUMMARY =====
Step                                      Seconds
fastp trimming                                 92
bbduk cleanup                                 164
FastQC (raw+clean, concurrent)                187
Salmon quant                                  561
Kraken2 classification                        117
STAR alignment → sorted BAM                1548
Salmon quant (from STAR transcriptome BAM)      358
Mosdepth coverage + targets (>=8x)             67
MarkDuplicates                                208
Samtools QC                                   138
Inferring strandedness (auto)                   2
Picard CollectRnaSeqMetrics                     2
SplitNCigarReads (scatter-gather)            2529
bcftools calling (scatter raw over targets BED)…      533
bcftools filtering… (QUAL>=30, DP>=10)        8
MultiQC summary                                 4
Packaging QC + logs                             1
Packaging variants                              0
Writing metrics + run manifest                  2
TOTAL                                        6521
[2025-09-17T04:40:36Z] Cleaning expanded alignment directory (keeping logs inside QC tar)
[2025-09-17T04:40:37Z] Success.
[2025-09-17T04:40:37Z] Removing job cache: /cache/SRR8052770
