[2025-09-18T15:35:00Z] Reference bundle directory detected; probing: /indices/Human_GENCODE49_GRCh38/reference
[2025-09-18T15:35:00Z] Using reference in place: /indices/Human_GENCODE49_GRCh38/reference
[2025-09-18T15:35:00Z] GATK reference: /indices/Human_GENCODE49_GRCh38/reference/genome.fa.gz
[2025-09-18T15:35:00Z] STAR index directory detected; using in place: /indices/Human_GENCODE49_GRCh38/star_index
[2025-09-18T15:35:00Z] Salmon index directory detected; using in place: /indices/Human_GENCODE49_GRCh38/salmon_index
[2025-09-18T15:35:00Z] Variant resources directory detected; using in place: /indices/Human_GENCODE49_GRCh38/variant_resources
[2025-09-18T15:35:00Z] Kraken2 input: /indices/Human_GENCODE49_GRCh38/minikraken2_v2_8GB_201904_UPDATE
[2025-09-18T15:35:00Z] Kraken2 DB dir (in place): /indices/Human_GENCODE49_GRCh38/minikraken2_v2_8GB_201904_UPDATE
[2025-09-18T15:35:00Z] fastp trimming
[2025-09-18T15:36:03Z] fastp trimming took 63s
[2025-09-18T15:36:03Z] bbduk cleanup
[2025-09-18T15:38:11Z] bbduk cleanup took 128s
[2025-09-18T15:38:11Z] FastQC (raw+clean, concurrent)
[2025-09-18T15:40:22Z] FastQC (raw+clean, concurrent) took 131s
[2025-09-18T15:40:22Z] Salmon quant
[2025-09-18T15:46:30Z] Salmon quant took 368s
[2025-09-18T15:46:30Z] Kraken2 classification
[2025-09-18T15:47:51Z] Kraken2 classification took 81s
[2025-09-18T15:47:51Z] STAR alignment → sorted BAM
[2025-09-18T16:07:04Z] STAR alignment → sorted BAM took 1153s
[2025-09-18T16:07:04Z] Salmon quant (from STAR transcriptome BAM)
[2025-09-18T16:12:35Z] Salmon quant (from STAR transcriptome BAM) took 331s
[2025-09-18T16:12:35Z] Mosdepth coverage + targets (>=8x)
[2025-09-18T16:13:23Z] Mosdepth coverage + targets (>=8x) took 48s
[2025-09-18T16:13:23Z] Note: MarkDuplicates cannot be region-restricted; running on full BAM
[2025-09-18T16:13:23Z] MarkDuplicates
[2025-09-18T16:16:20Z] MarkDuplicates took 177s
[2025-09-18T16:16:20Z] Samtools QC
[2025-09-18T16:18:00Z] Samtools QC took 100s
[2025-09-18T16:18:00Z] Inferring strandedness (auto)
[2025-09-18T16:18:03Z] Inferring strandedness (auto) took 3s
[2025-09-18T16:18:03Z] Picard CollectRnaSeqMetrics
[2025-09-18T16:18:05Z] Picard CollectRnaSeqMetrics took 2s
[2025-09-18T16:18:05Z] SplitNCigarReads (scatter-gather)
[2025-09-18T16:18:05Z] Preparing SplitNCigarReads shards from targets BED: /cache/SRR8052847/coverage/SRR8052847.targets.8x.classical.bed
[2025-09-18T16:18:05Z] SplitNCigarReads (targets): 25 contigs → 2 shards (max procs=2)
[2025-09-18T16:54:03Z] Merging 2 SplitNCigarReads parts (targets)
[2025-09-18T16:55:00Z] Sorting merged SplitNCigarReads BAM
[bam_sort_core] merging from 4 files and 8 in-memory blocks...
[2025-09-18T16:56:44Z] SplitNCigarReads (scatter-gather) took 2319s
[2025-09-18T16:56:44Z] bcftools calling (scatter raw over targets BED)…
[2025-09-18T16:56:44Z] bcftools scatter: 25 contigs → 2 shards (max procs=2)
[2025-09-18T17:00:39Z] Concatenating 2 bcftools shard VCFs
Checking the headers and starting positions of 2 files
Concatenating /cache/SRR8052847/variants/parts/SRR8052847.bcftools.raw.part0.vcf.gz	0.227098 seconds
Concatenating /cache/SRR8052847/variants/parts/SRR8052847.bcftools.raw.part1.vcf.gz	0.170948 seconds
[2025-09-18T17:00:40Z] bcftools calling (scatter raw over targets BED)… took 236s
[2025-09-18T17:00:40Z] bcftools filtering… (QUAL>=30, DP>=10)
Lines   total/split/joined/realigned/mismatch_removed/dup_removed/skipped:	252506/94/0/12376/0/0/0
[2025-09-18T17:00:42Z] bcftools filtering… (QUAL>=30, DP>=10) took 2s
[2025-09-18T17:00:42Z] MultiQC summary
[2025-09-18T17:00:45Z] MultiQC summary took 3s
[2025-09-18T17:00:45Z] Packaging QC + logs
[2025-09-18T17:00:46Z] Packaging QC + logs took 1s
[2025-09-18T17:00:46Z] Packaging variants
[2025-09-18T17:00:46Z] Packaging variants took 0s
[2025-09-18T17:00:46Z] Writing metrics + run manifest
[2025-09-18T17:00:47Z] Writing metrics + run manifest took 1s
===== TIMINGS SUMMARY =====
Step                                      Seconds
fastp trimming                                 63
bbduk cleanup                                 128
FastQC (raw+clean, concurrent)                131
Salmon quant                                  368
Kraken2 classification                         81
STAR alignment → sorted BAM                1153
Salmon quant (from STAR transcriptome BAM)      331
Mosdepth coverage + targets (>=8x)             48
MarkDuplicates                                177
Samtools QC                                   100
Inferring strandedness (auto)                   3
Picard CollectRnaSeqMetrics                     2
SplitNCigarReads (scatter-gather)            2319
bcftools calling (scatter raw over targets BED)…      236
bcftools filtering… (QUAL>=30, DP>=10)        2
MultiQC summary                                 3
Packaging QC + logs                             1
Packaging variants                              0
Writing metrics + run manifest                  1
TOTAL                                        5147
[2025-09-18T17:00:47Z] Cleaning expanded alignment directory (keeping logs inside QC tar)
[2025-09-18T17:00:48Z] Success.
[2025-09-18T17:00:48Z] Removing job cache: /cache/SRR8052847
