[2025-09-17T06:58:08Z] Reference bundle directory detected; probing: /indices/Human_GENCODE49_GRCh38/reference
[2025-09-17T06:58:08Z] Using reference in place: /indices/Human_GENCODE49_GRCh38/reference
[2025-09-17T06:58:08Z] GATK reference: /indices/Human_GENCODE49_GRCh38/reference/genome.fa.gz
[2025-09-17T06:58:08Z] STAR index directory detected; using in place: /indices/Human_GENCODE49_GRCh38/star_index
[2025-09-17T06:58:08Z] Salmon index directory detected; using in place: /indices/Human_GENCODE49_GRCh38/salmon_index
[2025-09-17T06:58:08Z] Variant resources directory detected; using in place: /indices/Human_GENCODE49_GRCh38/variant_resources
[2025-09-17T06:58:08Z] Kraken2 input: /indices/Human_GENCODE49_GRCh38/minikraken2_v2_8GB_201904_UPDATE
[2025-09-17T06:58:08Z] Kraken2 DB dir (in place): /indices/Human_GENCODE49_GRCh38/minikraken2_v2_8GB_201904_UPDATE
[2025-09-17T06:58:08Z] fastp trimming
[2025-09-17T06:59:25Z] fastp trimming took 77s
[2025-09-17T06:59:25Z] bbduk cleanup
[2025-09-17T07:01:49Z] bbduk cleanup took 144s
[2025-09-17T07:01:49Z] FastQC (raw+clean, concurrent)
[2025-09-17T07:04:22Z] FastQC (raw+clean, concurrent) took 153s
[2025-09-17T07:04:22Z] Salmon quant
[2025-09-17T07:13:34Z] Salmon quant took 552s
[2025-09-17T07:13:34Z] Kraken2 classification
[2025-09-17T07:15:16Z] Kraken2 classification took 102s
[2025-09-17T07:15:16Z] STAR alignment → sorted BAM
[2025-09-17T07:31:56Z] STAR alignment → sorted BAM took 1000s
[2025-09-17T07:31:56Z] Salmon quant (from STAR transcriptome BAM)
[2025-09-17T07:37:37Z] Salmon quant (from STAR transcriptome BAM) took 341s
[2025-09-17T07:37:37Z] Mosdepth coverage + targets (>=8x)
[2025-09-17T07:38:44Z] Mosdepth coverage + targets (>=8x) took 67s
[2025-09-17T07:38:44Z] Note: MarkDuplicates cannot be region-restricted; running on full BAM
[2025-09-17T07:38:44Z] MarkDuplicates
[2025-09-17T07:41:37Z] MarkDuplicates took 173s
[2025-09-17T07:41:37Z] Samtools QC
[2025-09-17T07:43:21Z] Samtools QC took 104s
[2025-09-17T07:43:21Z] Inferring strandedness (auto)
[2025-09-17T07:43:24Z] Inferring strandedness (auto) took 3s
[2025-09-17T07:43:24Z] Picard CollectRnaSeqMetrics
[2025-09-17T07:43:27Z] Picard CollectRnaSeqMetrics took 3s
[2025-09-17T07:43:27Z] SplitNCigarReads (scatter-gather)
[2025-09-17T07:43:27Z] Preparing SplitNCigarReads shards from targets BED: /cache/SRR8052779/coverage/SRR8052779.targets.8x.classical.bed
[2025-09-17T07:43:27Z] SplitNCigarReads (targets): 25 contigs → 2 shards (max procs=2)
[2025-09-17T08:13:23Z] Merging 2 SplitNCigarReads parts (targets)
[2025-09-17T08:14:31Z] Sorting merged SplitNCigarReads BAM
[bam_sort_core] merging from 4 files and 8 in-memory blocks...
[2025-09-17T08:16:03Z] SplitNCigarReads (scatter-gather) took 1956s
[2025-09-17T08:16:03Z] bcftools calling (scatter raw over targets BED)…
[2025-09-17T08:16:03Z] bcftools scatter: 25 contigs → 2 shards (max procs=2)
[2025-09-17T08:23:22Z] Concatenating 2 bcftools shard VCFs
Checking the headers and starting positions of 2 files
Concatenating /cache/SRR8052779/variants/parts/SRR8052779.bcftools.raw.part0.vcf.gz	0.560568 seconds
Concatenating /cache/SRR8052779/variants/parts/SRR8052779.bcftools.raw.part1.vcf.gz	0.379655 seconds
[2025-09-17T08:23:23Z] bcftools calling (scatter raw over targets BED)… took 440s
[2025-09-17T08:23:23Z] bcftools filtering… (QUAL>=30, DP>=10)
Lines   total/split/joined/realigned/mismatch_removed/dup_removed/skipped:	538612/358/0/25480/0/0/0
[2025-09-17T08:23:27Z] bcftools filtering… (QUAL>=30, DP>=10) took 4s
[2025-09-17T08:23:27Z] MultiQC summary
[2025-09-17T08:23:30Z] MultiQC summary took 3s
[2025-09-17T08:23:30Z] Packaging QC + logs
[2025-09-17T08:23:31Z] Packaging QC + logs took 1s
[2025-09-17T08:23:31Z] Packaging variants
[2025-09-17T08:23:31Z] Packaging variants took 0s
[2025-09-17T08:23:31Z] Writing metrics + run manifest
[2025-09-17T08:23:33Z] Writing metrics + run manifest took 2s
===== TIMINGS SUMMARY =====
Step                                      Seconds
fastp trimming                                 77
bbduk cleanup                                 144
FastQC (raw+clean, concurrent)                153
Salmon quant                                  552
Kraken2 classification                        102
STAR alignment → sorted BAM                1000
Salmon quant (from STAR transcriptome BAM)      341
Mosdepth coverage + targets (>=8x)             67
MarkDuplicates                                173
Samtools QC                                   104
Inferring strandedness (auto)                   3
Picard CollectRnaSeqMetrics                     3
SplitNCigarReads (scatter-gather)            1956
bcftools calling (scatter raw over targets BED)…      440
bcftools filtering… (QUAL>=30, DP>=10)        4
MultiQC summary                                 3
Packaging QC + logs                             1
Packaging variants                              0
Writing metrics + run manifest                  2
TOTAL                                        5125
[2025-09-17T08:23:33Z] Cleaning expanded alignment directory (keeping logs inside QC tar)
[2025-09-17T08:23:34Z] Success.
[2025-09-17T08:23:34Z] Removing job cache: /cache/SRR8052779
