[2025-09-17T04:08:45Z] Reference bundle directory detected; probing: /indices/Human_GENCODE49_GRCh38/reference
[2025-09-17T04:08:45Z] Using reference in place: /indices/Human_GENCODE49_GRCh38/reference
[2025-09-17T04:08:45Z] GATK reference: /indices/Human_GENCODE49_GRCh38/reference/genome.fa.gz
[2025-09-17T04:08:45Z] STAR index directory detected; using in place: /indices/Human_GENCODE49_GRCh38/star_index
[2025-09-17T04:08:45Z] Salmon index directory detected; using in place: /indices/Human_GENCODE49_GRCh38/salmon_index
[2025-09-17T04:08:45Z] Variant resources directory detected; using in place: /indices/Human_GENCODE49_GRCh38/variant_resources
[2025-09-17T04:08:45Z] Kraken2 input: /indices/Human_GENCODE49_GRCh38/minikraken2_v2_8GB_201904_UPDATE
[2025-09-17T04:08:45Z] Kraken2 DB dir (in place): /indices/Human_GENCODE49_GRCh38/minikraken2_v2_8GB_201904_UPDATE
[2025-09-17T04:08:45Z] fastp trimming
[2025-09-17T04:10:06Z] fastp trimming took 81s
[2025-09-17T04:10:06Z] bbduk cleanup
[2025-09-17T04:12:43Z] bbduk cleanup took 157s
[2025-09-17T04:12:43Z] FastQC (raw+clean, concurrent)
[2025-09-17T04:15:14Z] FastQC (raw+clean, concurrent) took 151s
[2025-09-17T04:15:14Z] Salmon quant
[2025-09-17T04:22:30Z] Salmon quant took 436s
[2025-09-17T04:22:30Z] Kraken2 classification
[2025-09-17T04:24:01Z] Kraken2 classification took 91s
[2025-09-17T04:24:01Z] STAR alignment → sorted BAM
[2025-09-17T04:41:40Z] STAR alignment → sorted BAM took 1059s
[2025-09-17T04:41:40Z] Salmon quant (from STAR transcriptome BAM)
[2025-09-17T04:47:56Z] Salmon quant (from STAR transcriptome BAM) took 376s
[2025-09-17T04:47:56Z] Mosdepth coverage + targets (>=8x)
[2025-09-17T04:49:13Z] Mosdepth coverage + targets (>=8x) took 77s
[2025-09-17T04:49:13Z] Note: MarkDuplicates cannot be region-restricted; running on full BAM
[2025-09-17T04:49:13Z] MarkDuplicates
[2025-09-17T04:52:28Z] MarkDuplicates took 195s
[2025-09-17T04:52:28Z] Samtools QC
[2025-09-17T04:54:30Z] Samtools QC took 122s
[2025-09-17T04:54:30Z] Inferring strandedness (auto)
[2025-09-17T04:54:35Z] Inferring strandedness (auto) took 5s
[2025-09-17T04:54:35Z] Picard CollectRnaSeqMetrics
[2025-09-17T04:54:39Z] Picard CollectRnaSeqMetrics took 4s
[2025-09-17T04:54:39Z] SplitNCigarReads (scatter-gather)
[2025-09-17T04:54:39Z] Preparing SplitNCigarReads shards from targets BED: /cache/SRR8052772/coverage/SRR8052772.targets.8x.classical.bed
[2025-09-17T04:54:39Z] SplitNCigarReads (targets): 25 contigs → 2 shards (max procs=2)
[2025-09-17T05:29:47Z] Merging 2 SplitNCigarReads parts (targets)
[2025-09-17T05:30:41Z] Sorting merged SplitNCigarReads BAM
[bam_sort_core] merging from 5 files and 8 in-memory blocks...
[2025-09-17T05:32:36Z] SplitNCigarReads (scatter-gather) took 2277s
[2025-09-17T05:32:36Z] bcftools calling (scatter raw over targets BED)…
[2025-09-17T05:32:36Z] bcftools scatter: 25 contigs → 2 shards (max procs=2)
[2025-09-17T05:39:30Z] Concatenating 2 bcftools shard VCFs
Checking the headers and starting positions of 2 files
Concatenating /cache/SRR8052772/variants/parts/SRR8052772.bcftools.raw.part0.vcf.gz	0.561963 seconds
Concatenating /cache/SRR8052772/variants/parts/SRR8052772.bcftools.raw.part1.vcf.gz	0.415918 seconds
[2025-09-17T05:39:31Z] bcftools calling (scatter raw over targets BED)… took 415s
[2025-09-17T05:39:31Z] bcftools filtering… (QUAL>=30, DP>=10)
Lines   total/split/joined/realigned/mismatch_removed/dup_removed/skipped:	620099/450/0/28123/0/0/0
[2025-09-17T05:39:34Z] bcftools filtering… (QUAL>=30, DP>=10) took 3s
[2025-09-17T05:39:34Z] MultiQC summary
[2025-09-17T05:39:37Z] MultiQC summary took 3s
[2025-09-17T05:39:37Z] Packaging QC + logs
[2025-09-17T05:39:37Z] Packaging QC + logs took 0s
[2025-09-17T05:39:37Z] Packaging variants
[2025-09-17T05:39:37Z] Packaging variants took 0s
[2025-09-17T05:39:37Z] Writing metrics + run manifest
[2025-09-17T05:39:39Z] Writing metrics + run manifest took 2s
===== TIMINGS SUMMARY =====
Step                                      Seconds
fastp trimming                                 81
bbduk cleanup                                 157
FastQC (raw+clean, concurrent)                151
Salmon quant                                  436
Kraken2 classification                         91
STAR alignment → sorted BAM                1059
Salmon quant (from STAR transcriptome BAM)      376
Mosdepth coverage + targets (>=8x)             77
MarkDuplicates                                195
Samtools QC                                   122
Inferring strandedness (auto)                   5
Picard CollectRnaSeqMetrics                     4
SplitNCigarReads (scatter-gather)            2277
bcftools calling (scatter raw over targets BED)…      415
bcftools filtering… (QUAL>=30, DP>=10)        3
MultiQC summary                                 3
Packaging QC + logs                             0
Packaging variants                              0
Writing metrics + run manifest                  2
TOTAL                                        5454
[2025-09-17T05:39:39Z] Cleaning expanded alignment directory (keeping logs inside QC tar)
[2025-09-17T05:39:40Z] Success.
[2025-09-17T05:39:40Z] Removing job cache: /cache/SRR8052772
