[2025-09-18T17:05:06Z] Reference bundle directory detected; probing: /indices/Human_GENCODE49_GRCh38/reference
[2025-09-18T17:05:06Z] Using reference in place: /indices/Human_GENCODE49_GRCh38/reference
[2025-09-18T17:05:06Z] GATK reference: /indices/Human_GENCODE49_GRCh38/reference/genome.fa.gz
[2025-09-18T17:05:06Z] STAR index directory detected; using in place: /indices/Human_GENCODE49_GRCh38/star_index
[2025-09-18T17:05:06Z] Salmon index directory detected; using in place: /indices/Human_GENCODE49_GRCh38/salmon_index
[2025-09-18T17:05:06Z] Variant resources directory detected; using in place: /indices/Human_GENCODE49_GRCh38/variant_resources
[2025-09-18T17:05:06Z] Kraken2 input: /indices/Human_GENCODE49_GRCh38/minikraken2_v2_8GB_201904_UPDATE
[2025-09-18T17:05:06Z] Kraken2 DB dir (in place): /indices/Human_GENCODE49_GRCh38/minikraken2_v2_8GB_201904_UPDATE
[2025-09-18T17:05:06Z] fastp trimming
[2025-09-18T17:06:20Z] fastp trimming took 74s
[2025-09-18T17:06:20Z] bbduk cleanup
[2025-09-18T17:08:53Z] bbduk cleanup took 153s
[2025-09-18T17:08:53Z] FastQC (raw+clean, concurrent)
[2025-09-18T17:11:31Z] FastQC (raw+clean, concurrent) took 158s
[2025-09-18T17:11:31Z] Salmon quant
[2025-09-18T17:19:09Z] Salmon quant took 458s
[2025-09-18T17:19:09Z] Kraken2 classification
[2025-09-18T17:20:48Z] Kraken2 classification took 99s
[2025-09-18T17:20:48Z] STAR alignment → sorted BAM
[2025-09-18T17:42:44Z] STAR alignment → sorted BAM took 1316s
[2025-09-18T17:42:44Z] Salmon quant (from STAR transcriptome BAM)
[2025-09-18T17:47:57Z] Salmon quant (from STAR transcriptome BAM) took 313s
[2025-09-18T17:47:57Z] Mosdepth coverage + targets (>=8x)
[2025-09-18T17:48:48Z] Mosdepth coverage + targets (>=8x) took 51s
[2025-09-18T17:48:48Z] Note: MarkDuplicates cannot be region-restricted; running on full BAM
[2025-09-18T17:48:48Z] MarkDuplicates
[2025-09-18T17:51:46Z] MarkDuplicates took 178s
[2025-09-18T17:51:46Z] Samtools QC
[2025-09-18T17:54:16Z] Samtools QC took 150s
[2025-09-18T17:54:16Z] Inferring strandedness (auto)
[2025-09-18T17:54:19Z] Inferring strandedness (auto) took 3s
[2025-09-18T17:54:19Z] Picard CollectRnaSeqMetrics
[2025-09-18T17:54:22Z] Picard CollectRnaSeqMetrics took 3s
[2025-09-18T17:54:22Z] SplitNCigarReads (scatter-gather)
[2025-09-18T17:54:22Z] Preparing SplitNCigarReads shards from targets BED: /cache/SRR8052850/coverage/SRR8052850.targets.8x.classical.bed
[2025-09-18T17:54:22Z] SplitNCigarReads (targets): 25 contigs → 2 shards (max procs=2)
[2025-09-18T18:41:32Z] Merging 2 SplitNCigarReads parts (targets)
[2025-09-18T18:42:49Z] Sorting merged SplitNCigarReads BAM
[bam_sort_core] merging from 6 files and 8 in-memory blocks...
[2025-09-18T18:44:58Z] SplitNCigarReads (scatter-gather) took 3036s
[2025-09-18T18:44:58Z] bcftools calling (scatter raw over targets BED)…
[2025-09-18T18:44:58Z] bcftools scatter: 25 contigs → 2 shards (max procs=2)
[2025-09-18T18:49:23Z] Concatenating 2 bcftools shard VCFs
Checking the headers and starting positions of 2 files
Concatenating /cache/SRR8052850/variants/parts/SRR8052850.bcftools.raw.part0.vcf.gz	0.376785 seconds
Concatenating /cache/SRR8052850/variants/parts/SRR8052850.bcftools.raw.part1.vcf.gz	0.246324 seconds
[2025-09-18T18:49:24Z] bcftools calling (scatter raw over targets BED)… took 266s
[2025-09-18T18:49:24Z] bcftools filtering… (QUAL>=30, DP>=10)
Lines   total/split/joined/realigned/mismatch_removed/dup_removed/skipped:	343758/145/0/16545/0/0/0
[2025-09-18T18:49:28Z] bcftools filtering… (QUAL>=30, DP>=10) took 4s
[2025-09-18T18:49:28Z] MultiQC summary
[2025-09-18T18:49:32Z] MultiQC summary took 4s
[2025-09-18T18:49:32Z] Packaging QC + logs
[2025-09-18T18:49:32Z] Packaging QC + logs took 0s
[2025-09-18T18:49:32Z] Packaging variants
[2025-09-18T18:49:32Z] Packaging variants took 0s
[2025-09-18T18:49:32Z] Writing metrics + run manifest
[2025-09-18T18:49:34Z] Writing metrics + run manifest took 2s
===== TIMINGS SUMMARY =====
Step                                      Seconds
fastp trimming                                 74
bbduk cleanup                                 153
FastQC (raw+clean, concurrent)                158
Salmon quant                                  458
Kraken2 classification                         99
STAR alignment → sorted BAM                1316
Salmon quant (from STAR transcriptome BAM)      313
Mosdepth coverage + targets (>=8x)             51
MarkDuplicates                                178
Samtools QC                                   150
Inferring strandedness (auto)                   3
Picard CollectRnaSeqMetrics                     3
SplitNCigarReads (scatter-gather)            3036
bcftools calling (scatter raw over targets BED)…      266
bcftools filtering… (QUAL>=30, DP>=10)        4
MultiQC summary                                 4
Packaging QC + logs                             0
Packaging variants                              0
Writing metrics + run manifest                  2
TOTAL                                        6268
[2025-09-18T18:49:34Z] Cleaning expanded alignment directory (keeping logs inside QC tar)
[2025-09-18T18:49:34Z] Success.
[2025-09-18T18:49:34Z] Removing job cache: /cache/SRR8052850
