[2025-09-16T12:07:44Z] Reference bundle directory detected; probing: /indices/Human_GENCODE49_GRCh38/reference
[2025-09-16T12:07:44Z] Using reference in place: /indices/Human_GENCODE49_GRCh38/reference
[2025-09-16T12:07:44Z] GATK reference: /indices/Human_GENCODE49_GRCh38/reference/genome.fa.gz
[2025-09-16T12:07:44Z] STAR index directory detected; using in place: /indices/Human_GENCODE49_GRCh38/star_index
[2025-09-16T12:07:44Z] Salmon index directory detected; using in place: /indices/Human_GENCODE49_GRCh38/salmon_index
[2025-09-16T12:07:44Z] Variant resources directory detected; using in place: /indices/Human_GENCODE49_GRCh38/variant_resources
[2025-09-16T12:07:44Z] Kraken2 input: /indices/Human_GENCODE49_GRCh38/minikraken2_v2_8GB_201904_UPDATE
[2025-09-16T12:07:44Z] Kraken2 DB dir (in place): /indices/Human_GENCODE49_GRCh38/minikraken2_v2_8GB_201904_UPDATE
[2025-09-16T12:07:44Z] fastp trimming
[2025-09-16T12:09:04Z] fastp trimming took 80s
[2025-09-16T12:09:04Z] bbduk cleanup
[2025-09-16T12:11:20Z] bbduk cleanup took 136s
[2025-09-16T12:11:20Z] FastQC (raw+clean, concurrent)
[2025-09-16T12:13:51Z] FastQC (raw+clean, concurrent) took 151s
[2025-09-16T12:13:51Z] Salmon quant
[2025-09-16T12:22:09Z] Salmon quant took 498s
[2025-09-16T12:22:09Z] Kraken2 classification
[2025-09-16T12:23:49Z] Kraken2 classification took 100s
[2025-09-16T12:23:49Z] STAR alignment → sorted BAM
[2025-09-16T12:43:35Z] STAR alignment → sorted BAM took 1186s
[2025-09-16T12:43:35Z] Salmon quant (from STAR transcriptome BAM)
[2025-09-16T12:50:57Z] Salmon quant (from STAR transcriptome BAM) took 442s
[2025-09-16T12:50:57Z] Mosdepth coverage + targets (>=8x)
[2025-09-16T12:52:04Z] Mosdepth coverage + targets (>=8x) took 67s
[2025-09-16T12:52:04Z] Note: MarkDuplicates cannot be region-restricted; running on full BAM
[2025-09-16T12:52:04Z] MarkDuplicates
[2025-09-16T12:56:25Z] MarkDuplicates took 261s
[2025-09-16T12:56:25Z] Samtools QC
[2025-09-16T12:58:47Z] Samtools QC took 142s
[2025-09-16T12:58:47Z] Inferring strandedness (auto)
[2025-09-16T12:58:51Z] Inferring strandedness (auto) took 4s
[2025-09-16T12:58:51Z] Picard CollectRnaSeqMetrics
[2025-09-16T12:58:57Z] Picard CollectRnaSeqMetrics took 6s
[2025-09-16T12:58:57Z] SplitNCigarReads (scatter-gather)
[2025-09-16T12:58:57Z] Preparing SplitNCigarReads shards from targets BED: /cache/SRR8052736/coverage/SRR8052736.targets.8x.classical.bed
[2025-09-16T12:58:57Z] SplitNCigarReads (targets): 25 contigs → 2 shards (max procs=2)
[2025-09-16T13:41:10Z] Merging 2 SplitNCigarReads parts (targets)
[2025-09-16T13:42:10Z] Sorting merged SplitNCigarReads BAM
[bam_sort_core] merging from 5 files and 8 in-memory blocks...
[2025-09-16T13:44:23Z] SplitNCigarReads (scatter-gather) took 2726s
[2025-09-16T13:44:23Z] bcftools calling (scatter raw over targets BED)…
[2025-09-16T13:44:23Z] bcftools scatter: 25 contigs → 2 shards (max procs=2)
[2025-09-16T13:49:34Z] Concatenating 2 bcftools shard VCFs
Checking the headers and starting positions of 2 files
Concatenating /cache/SRR8052736/variants/parts/SRR8052736.bcftools.raw.part0.vcf.gz	0.306002 seconds
Concatenating /cache/SRR8052736/variants/parts/SRR8052736.bcftools.raw.part1.vcf.gz	0.235067 seconds
[2025-09-16T13:49:34Z] bcftools calling (scatter raw over targets BED)… took 311s
[2025-09-16T13:49:34Z] bcftools filtering… (QUAL>=30, DP>=10)
Lines   total/split/joined/realigned/mismatch_removed/dup_removed/skipped:	329691/213/0/13797/0/0/0
[2025-09-16T13:49:37Z] bcftools filtering… (QUAL>=30, DP>=10) took 3s
[2025-09-16T13:49:37Z] MultiQC summary
[2025-09-16T13:49:40Z] MultiQC summary took 3s
[2025-09-16T13:49:40Z] Packaging QC + logs
[2025-09-16T13:49:40Z] Packaging QC + logs took 0s
[2025-09-16T13:49:40Z] Packaging variants
[2025-09-16T13:49:40Z] Packaging variants took 0s
[2025-09-16T13:49:40Z] Writing metrics + run manifest
[2025-09-16T13:49:42Z] Writing metrics + run manifest took 2s
===== TIMINGS SUMMARY =====
Step                                      Seconds
fastp trimming                                 80
bbduk cleanup                                 136
FastQC (raw+clean, concurrent)                151
Salmon quant                                  498
Kraken2 classification                        100
STAR alignment → sorted BAM                1186
Salmon quant (from STAR transcriptome BAM)      442
Mosdepth coverage + targets (>=8x)             67
MarkDuplicates                                261
Samtools QC                                   142
Inferring strandedness (auto)                   4
Picard CollectRnaSeqMetrics                     6
SplitNCigarReads (scatter-gather)            2726
bcftools calling (scatter raw over targets BED)…      311
bcftools filtering… (QUAL>=30, DP>=10)        3
MultiQC summary                                 3
Packaging QC + logs                             0
Packaging variants                              0
Writing metrics + run manifest                  2
TOTAL                                        6118
[2025-09-16T13:49:42Z] Cleaning expanded alignment directory (keeping logs inside QC tar)
[2025-09-16T13:49:43Z] Success.
[2025-09-16T13:49:43Z] Removing job cache: /cache/SRR8052736
