[2025-09-18T16:12:39Z] Reference bundle directory detected; probing: /indices/Human_GENCODE49_GRCh38/reference
[2025-09-18T16:12:39Z] Using reference in place: /indices/Human_GENCODE49_GRCh38/reference
[2025-09-18T16:12:39Z] GATK reference: /indices/Human_GENCODE49_GRCh38/reference/genome.fa.gz
[2025-09-18T16:12:39Z] STAR index directory detected; using in place: /indices/Human_GENCODE49_GRCh38/star_index
[2025-09-18T16:12:39Z] Salmon index directory detected; using in place: /indices/Human_GENCODE49_GRCh38/salmon_index
[2025-09-18T16:12:39Z] Variant resources directory detected; using in place: /indices/Human_GENCODE49_GRCh38/variant_resources
[2025-09-18T16:12:39Z] Kraken2 input: /indices/Human_GENCODE49_GRCh38/minikraken2_v2_8GB_201904_UPDATE
[2025-09-18T16:12:39Z] Kraken2 DB dir (in place): /indices/Human_GENCODE49_GRCh38/minikraken2_v2_8GB_201904_UPDATE
[2025-09-18T16:12:39Z] fastp trimming
[2025-09-18T16:13:57Z] fastp trimming took 78s
[2025-09-18T16:13:57Z] bbduk cleanup
[2025-09-18T16:16:28Z] bbduk cleanup took 151s
[2025-09-18T16:16:28Z] FastQC (raw+clean, concurrent)
[2025-09-18T16:19:02Z] FastQC (raw+clean, concurrent) took 154s
[2025-09-18T16:19:02Z] Salmon quant
[2025-09-18T16:26:25Z] Salmon quant took 443s
[2025-09-18T16:26:25Z] Kraken2 classification
[2025-09-18T16:27:53Z] Kraken2 classification took 88s
[2025-09-18T16:27:53Z] STAR alignment → sorted BAM
[2025-09-18T16:48:06Z] STAR alignment → sorted BAM took 1213s
[2025-09-18T16:48:06Z] Salmon quant (from STAR transcriptome BAM)
[2025-09-18T16:53:35Z] Salmon quant (from STAR transcriptome BAM) took 329s
[2025-09-18T16:53:35Z] Mosdepth coverage + targets (>=8x)
[2025-09-18T16:54:41Z] Mosdepth coverage + targets (>=8x) took 66s
[2025-09-18T16:54:41Z] Note: MarkDuplicates cannot be region-restricted; running on full BAM
[2025-09-18T16:54:41Z] MarkDuplicates
[2025-09-18T16:58:22Z] MarkDuplicates took 221s
[2025-09-18T16:58:22Z] Samtools QC
[2025-09-18T17:00:27Z] Samtools QC took 125s
[2025-09-18T17:00:27Z] Inferring strandedness (auto)
[2025-09-18T17:00:29Z] Inferring strandedness (auto) took 2s
[2025-09-18T17:00:29Z] Picard CollectRnaSeqMetrics
[2025-09-18T17:00:31Z] Picard CollectRnaSeqMetrics took 2s
[2025-09-18T17:00:31Z] SplitNCigarReads (scatter-gather)
[2025-09-18T17:00:31Z] Preparing SplitNCigarReads shards from targets BED: /cache/SRR8052848/coverage/SRR8052848.targets.8x.classical.bed
[2025-09-18T17:00:31Z] SplitNCigarReads (targets): 25 contigs → 2 shards (max procs=2)
[2025-09-18T17:54:03Z] Merging 2 SplitNCigarReads parts (targets)
[2025-09-18T17:55:10Z] Sorting merged SplitNCigarReads BAM
[bam_sort_core] merging from 6 files and 8 in-memory blocks...
[2025-09-18T17:57:32Z] SplitNCigarReads (scatter-gather) took 3421s
[2025-09-18T17:57:32Z] bcftools calling (scatter raw over targets BED)…
[2025-09-18T17:57:32Z] bcftools scatter: 25 contigs → 2 shards (max procs=2)
[2025-09-18T18:02:09Z] Concatenating 2 bcftools shard VCFs
Checking the headers and starting positions of 2 files
Concatenating /cache/SRR8052848/variants/parts/SRR8052848.bcftools.raw.part0.vcf.gz	0.418471 seconds
Concatenating /cache/SRR8052848/variants/parts/SRR8052848.bcftools.raw.part1.vcf.gz	0.305266 seconds
[2025-09-18T18:02:10Z] bcftools calling (scatter raw over targets BED)… took 278s
[2025-09-18T18:02:10Z] bcftools filtering… (QUAL>=30, DP>=10)
Lines   total/split/joined/realigned/mismatch_removed/dup_removed/skipped:	344342/155/0/16533/0/0/0
[2025-09-18T18:02:13Z] bcftools filtering… (QUAL>=30, DP>=10) took 3s
[2025-09-18T18:02:13Z] MultiQC summary
[2025-09-18T18:02:17Z] MultiQC summary took 4s
[2025-09-18T18:02:17Z] Packaging QC + logs
[2025-09-18T18:02:17Z] Packaging QC + logs took 0s
[2025-09-18T18:02:17Z] Packaging variants
[2025-09-18T18:02:17Z] Packaging variants took 0s
[2025-09-18T18:02:17Z] Writing metrics + run manifest
[2025-09-18T18:02:18Z] Writing metrics + run manifest took 1s
===== TIMINGS SUMMARY =====
Step                                      Seconds
fastp trimming                                 78
bbduk cleanup                                 151
FastQC (raw+clean, concurrent)                154
Salmon quant                                  443
Kraken2 classification                         88
STAR alignment → sorted BAM                1213
Salmon quant (from STAR transcriptome BAM)      329
Mosdepth coverage + targets (>=8x)             66
MarkDuplicates                                221
Samtools QC                                   125
Inferring strandedness (auto)                   2
Picard CollectRnaSeqMetrics                     2
SplitNCigarReads (scatter-gather)            3421
bcftools calling (scatter raw over targets BED)…      278
bcftools filtering… (QUAL>=30, DP>=10)        3
MultiQC summary                                 4
Packaging QC + logs                             0
Packaging variants                              0
Writing metrics + run manifest                  1
TOTAL                                        6579
[2025-09-18T18:02:18Z] Cleaning expanded alignment directory (keeping logs inside QC tar)
[2025-09-18T18:02:19Z] Success.
[2025-09-18T18:02:19Z] Removing job cache: /cache/SRR8052848
