[2025-09-17T13:10:54Z] Reference bundle directory detected; probing: /indices/Human_GENCODE49_GRCh38/reference
[2025-09-17T13:10:54Z] Using reference in place: /indices/Human_GENCODE49_GRCh38/reference
[2025-09-17T13:10:54Z] GATK reference: /indices/Human_GENCODE49_GRCh38/reference/genome.fa.gz
[2025-09-17T13:10:54Z] STAR index directory detected; using in place: /indices/Human_GENCODE49_GRCh38/star_index
[2025-09-17T13:10:54Z] Salmon index directory detected; using in place: /indices/Human_GENCODE49_GRCh38/salmon_index
[2025-09-17T13:10:54Z] Variant resources directory detected; using in place: /indices/Human_GENCODE49_GRCh38/variant_resources
[2025-09-17T13:10:54Z] Kraken2 input: /indices/Human_GENCODE49_GRCh38/minikraken2_v2_8GB_201904_UPDATE
[2025-09-17T13:10:54Z] Kraken2 DB dir (in place): /indices/Human_GENCODE49_GRCh38/minikraken2_v2_8GB_201904_UPDATE
[2025-09-17T13:10:54Z] fastp trimming
[2025-09-17T13:12:35Z] fastp trimming took 101s
[2025-09-17T13:12:35Z] bbduk cleanup
[2025-09-17T13:15:25Z] bbduk cleanup took 170s
[2025-09-17T13:15:25Z] FastQC (raw+clean, concurrent)
[2025-09-17T13:18:39Z] FastQC (raw+clean, concurrent) took 194s
[2025-09-17T13:18:39Z] Salmon quant
[2025-09-17T13:28:30Z] Salmon quant took 591s
[2025-09-17T13:28:30Z] Kraken2 classification
[2025-09-17T13:30:14Z] Kraken2 classification took 104s
[2025-09-17T13:30:14Z] STAR alignment → sorted BAM
[2025-09-17T13:52:26Z] STAR alignment → sorted BAM took 1332s
[2025-09-17T13:52:26Z] Salmon quant (from STAR transcriptome BAM)
[2025-09-17T13:59:19Z] Salmon quant (from STAR transcriptome BAM) took 413s
[2025-09-17T13:59:19Z] Mosdepth coverage + targets (>=8x)
[2025-09-17T14:00:20Z] Mosdepth coverage + targets (>=8x) took 61s
[2025-09-17T14:00:20Z] Note: MarkDuplicates cannot be region-restricted; running on full BAM
[2025-09-17T14:00:20Z] MarkDuplicates
[2025-09-17T14:03:44Z] MarkDuplicates took 204s
[2025-09-17T14:03:44Z] Samtools QC
[2025-09-17T14:05:56Z] Samtools QC took 132s
[2025-09-17T14:05:56Z] Inferring strandedness (auto)
[2025-09-17T14:05:59Z] Inferring strandedness (auto) took 3s
[2025-09-17T14:05:59Z] Picard CollectRnaSeqMetrics
[2025-09-17T14:06:02Z] Picard CollectRnaSeqMetrics took 3s
[2025-09-17T14:06:02Z] SplitNCigarReads (scatter-gather)
[2025-09-17T14:06:02Z] Preparing SplitNCigarReads shards from targets BED: /cache/SRR8052793/coverage/SRR8052793.targets.8x.classical.bed
[2025-09-17T14:06:02Z] SplitNCigarReads (targets): 25 contigs → 2 shards (max procs=2)
[2025-09-17T14:47:37Z] Merging 2 SplitNCigarReads parts (targets)
[2025-09-17T14:48:35Z] Sorting merged SplitNCigarReads BAM
[bam_sort_core] merging from 5 files and 8 in-memory blocks...
[2025-09-17T14:50:49Z] SplitNCigarReads (scatter-gather) took 2687s
[2025-09-17T14:50:49Z] bcftools calling (scatter raw over targets BED)…
[2025-09-17T14:50:49Z] bcftools scatter: 25 contigs → 2 shards (max procs=2)
[2025-09-17T14:59:29Z] Concatenating 2 bcftools shard VCFs
Checking the headers and starting positions of 2 files
Concatenating /cache/SRR8052793/variants/parts/SRR8052793.bcftools.raw.part0.vcf.gz	0.778966 seconds
Concatenating /cache/SRR8052793/variants/parts/SRR8052793.bcftools.raw.part1.vcf.gz	0.579683 seconds
[2025-09-17T14:59:30Z] bcftools calling (scatter raw over targets BED)… took 521s
[2025-09-17T14:59:30Z] bcftools filtering… (QUAL>=30, DP>=10)
Lines   total/split/joined/realigned/mismatch_removed/dup_removed/skipped:	634367/503/0/31486/0/0/0
[2025-09-17T14:59:34Z] bcftools filtering… (QUAL>=30, DP>=10) took 4s
[2025-09-17T14:59:34Z] MultiQC summary
[2025-09-17T14:59:37Z] MultiQC summary took 3s
[2025-09-17T14:59:37Z] Packaging QC + logs
[2025-09-17T14:59:38Z] Packaging QC + logs took 1s
[2025-09-17T14:59:38Z] Packaging variants
[2025-09-17T14:59:38Z] Packaging variants took 0s
[2025-09-17T14:59:38Z] Writing metrics + run manifest
[2025-09-17T14:59:39Z] Writing metrics + run manifest took 1s
===== TIMINGS SUMMARY =====
Step                                      Seconds
fastp trimming                                101
bbduk cleanup                                 170
FastQC (raw+clean, concurrent)                194
Salmon quant                                  591
Kraken2 classification                        104
STAR alignment → sorted BAM                1332
Salmon quant (from STAR transcriptome BAM)      413
Mosdepth coverage + targets (>=8x)             61
MarkDuplicates                                204
Samtools QC                                   132
Inferring strandedness (auto)                   3
Picard CollectRnaSeqMetrics                     3
SplitNCigarReads (scatter-gather)            2687
bcftools calling (scatter raw over targets BED)…      521
bcftools filtering… (QUAL>=30, DP>=10)        4
MultiQC summary                                 3
Packaging QC + logs                             1
Packaging variants                              0
Writing metrics + run manifest                  1
TOTAL                                        6525
[2025-09-17T14:59:39Z] Cleaning expanded alignment directory (keeping logs inside QC tar)
[2025-09-17T14:59:40Z] Success.
[2025-09-17T14:59:40Z] Removing job cache: /cache/SRR8052793
