[2025-09-17T10:35:10Z] Reference bundle directory detected; probing: /indices/Human_GENCODE49_GRCh38/reference
[2025-09-17T10:35:10Z] Using reference in place: /indices/Human_GENCODE49_GRCh38/reference
[2025-09-17T10:35:10Z] GATK reference: /indices/Human_GENCODE49_GRCh38/reference/genome.fa.gz
[2025-09-17T10:35:10Z] STAR index directory detected; using in place: /indices/Human_GENCODE49_GRCh38/star_index
[2025-09-17T10:35:10Z] Salmon index directory detected; using in place: /indices/Human_GENCODE49_GRCh38/salmon_index
[2025-09-17T10:35:10Z] Variant resources directory detected; using in place: /indices/Human_GENCODE49_GRCh38/variant_resources
[2025-09-17T10:35:10Z] Kraken2 input: /indices/Human_GENCODE49_GRCh38/minikraken2_v2_8GB_201904_UPDATE
[2025-09-17T10:35:10Z] Kraken2 DB dir (in place): /indices/Human_GENCODE49_GRCh38/minikraken2_v2_8GB_201904_UPDATE
[2025-09-17T10:35:10Z] fastp trimming
[2025-09-17T10:36:20Z] fastp trimming took 70s
[2025-09-17T10:36:20Z] bbduk cleanup
[2025-09-17T10:37:50Z] bbduk cleanup took 90s
[2025-09-17T10:37:50Z] FastQC (raw+clean, concurrent)
[2025-09-17T10:39:28Z] FastQC (raw+clean, concurrent) took 98s
[2025-09-17T10:39:28Z] Salmon quant
[2025-09-17T10:46:19Z] Salmon quant took 411s
[2025-09-17T10:46:19Z] Kraken2 classification
[2025-09-17T10:47:18Z] Kraken2 classification took 59s
[2025-09-17T10:47:18Z] STAR alignment → sorted BAM
[2025-09-17T11:00:20Z] STAR alignment → sorted BAM took 782s
[2025-09-17T11:00:20Z] Salmon quant (from STAR transcriptome BAM)
[2025-09-17T11:05:21Z] Salmon quant (from STAR transcriptome BAM) took 301s
[2025-09-17T11:05:21Z] Mosdepth coverage + targets (>=8x)
[2025-09-17T11:06:03Z] Mosdepth coverage + targets (>=8x) took 42s
[2025-09-17T11:06:03Z] Note: MarkDuplicates cannot be region-restricted; running on full BAM
[2025-09-17T11:06:03Z] MarkDuplicates
[2025-09-17T11:07:44Z] MarkDuplicates took 101s
[2025-09-17T11:07:44Z] Samtools QC
[2025-09-17T11:08:52Z] Samtools QC took 68s
[2025-09-17T11:08:52Z] Inferring strandedness (auto)
[2025-09-17T11:08:54Z] Inferring strandedness (auto) took 2s
[2025-09-17T11:08:54Z] Picard CollectRnaSeqMetrics
[2025-09-17T11:08:57Z] Picard CollectRnaSeqMetrics took 3s
[2025-09-17T11:08:57Z] SplitNCigarReads (scatter-gather)
[2025-09-17T11:08:57Z] Preparing SplitNCigarReads shards from targets BED: /cache/SRR8052787/coverage/SRR8052787.targets.8x.classical.bed
[2025-09-17T11:08:57Z] SplitNCigarReads (targets): 25 contigs → 2 shards (max procs=2)
[2025-09-17T11:29:16Z] Merging 2 SplitNCigarReads parts (targets)
[2025-09-17T11:29:53Z] Sorting merged SplitNCigarReads BAM
[bam_sort_core] merging from 3 files and 8 in-memory blocks...
[2025-09-17T11:31:23Z] SplitNCigarReads (scatter-gather) took 1346s
[2025-09-17T11:31:23Z] bcftools calling (scatter raw over targets BED)…
[2025-09-17T11:31:23Z] bcftools scatter: 25 contigs → 2 shards (max procs=2)
[2025-09-17T11:36:09Z] Concatenating 2 bcftools shard VCFs
Checking the headers and starting positions of 2 files
Concatenating /cache/SRR8052787/variants/parts/SRR8052787.bcftools.raw.part0.vcf.gz	0.364575 seconds
Concatenating /cache/SRR8052787/variants/parts/SRR8052787.bcftools.raw.part1.vcf.gz	0.230786 seconds
[2025-09-17T11:36:09Z] bcftools calling (scatter raw over targets BED)… took 286s
[2025-09-17T11:36:09Z] bcftools filtering… (QUAL>=30, DP>=10)
Lines   total/split/joined/realigned/mismatch_removed/dup_removed/skipped:	362929/246/0/17834/0/0/0
[2025-09-17T11:36:13Z] bcftools filtering… (QUAL>=30, DP>=10) took 4s
[2025-09-17T11:36:13Z] MultiQC summary
[2025-09-17T11:36:17Z] MultiQC summary took 4s
[2025-09-17T11:36:17Z] Packaging QC + logs
[2025-09-17T11:36:18Z] Packaging QC + logs took 1s
[2025-09-17T11:36:18Z] Packaging variants
[2025-09-17T11:36:18Z] Packaging variants took 0s
[2025-09-17T11:36:18Z] Writing metrics + run manifest
[2025-09-17T11:36:20Z] Writing metrics + run manifest took 2s
===== TIMINGS SUMMARY =====
Step                                      Seconds
fastp trimming                                 70
bbduk cleanup                                  90
FastQC (raw+clean, concurrent)                 98
Salmon quant                                  411
Kraken2 classification                         59
STAR alignment → sorted BAM                 782
Salmon quant (from STAR transcriptome BAM)      301
Mosdepth coverage + targets (>=8x)             42
MarkDuplicates                                101
Samtools QC                                    68
Inferring strandedness (auto)                   2
Picard CollectRnaSeqMetrics                     3
SplitNCigarReads (scatter-gather)            1346
bcftools calling (scatter raw over targets BED)…      286
bcftools filtering… (QUAL>=30, DP>=10)        4
MultiQC summary                                 4
Packaging QC + logs                             1
Packaging variants                              0
Writing metrics + run manifest                  2
TOTAL                                        3670
[2025-09-17T11:36:20Z] Cleaning expanded alignment directory (keeping logs inside QC tar)
[2025-09-17T11:36:21Z] Success.
[2025-09-17T11:36:21Z] Removing job cache: /cache/SRR8052787
