[2025-09-17T05:39:42Z] Reference bundle directory detected; probing: /indices/Human_GENCODE49_GRCh38/reference
[2025-09-17T05:39:42Z] Using reference in place: /indices/Human_GENCODE49_GRCh38/reference
[2025-09-17T05:39:42Z] GATK reference: /indices/Human_GENCODE49_GRCh38/reference/genome.fa.gz
[2025-09-17T05:39:42Z] STAR index directory detected; using in place: /indices/Human_GENCODE49_GRCh38/star_index
[2025-09-17T05:39:42Z] Salmon index directory detected; using in place: /indices/Human_GENCODE49_GRCh38/salmon_index
[2025-09-17T05:39:42Z] Variant resources directory detected; using in place: /indices/Human_GENCODE49_GRCh38/variant_resources
[2025-09-17T05:39:42Z] Kraken2 input: /indices/Human_GENCODE49_GRCh38/minikraken2_v2_8GB_201904_UPDATE
[2025-09-17T05:39:42Z] Kraken2 DB dir (in place): /indices/Human_GENCODE49_GRCh38/minikraken2_v2_8GB_201904_UPDATE
[2025-09-17T05:39:42Z] fastp trimming
[2025-09-17T05:40:40Z] fastp trimming took 58s
[2025-09-17T05:40:40Z] bbduk cleanup
[2025-09-17T05:42:21Z] bbduk cleanup took 101s
[2025-09-17T05:42:21Z] FastQC (raw+clean, concurrent)
[2025-09-17T05:44:08Z] FastQC (raw+clean, concurrent) took 107s
[2025-09-17T05:44:08Z] Salmon quant
[2025-09-17T05:51:05Z] Salmon quant took 417s
[2025-09-17T05:51:05Z] Kraken2 classification
[2025-09-17T05:52:19Z] Kraken2 classification took 74s
[2025-09-17T05:52:19Z] STAR alignment → sorted BAM
[2025-09-17T06:10:50Z] STAR alignment → sorted BAM took 1111s
[2025-09-17T06:10:50Z] Salmon quant (from STAR transcriptome BAM)
[2025-09-17T06:16:36Z] Salmon quant (from STAR transcriptome BAM) took 346s
[2025-09-17T06:16:36Z] Mosdepth coverage + targets (>=8x)
[2025-09-17T06:17:45Z] Mosdepth coverage + targets (>=8x) took 69s
[2025-09-17T06:17:45Z] Note: MarkDuplicates cannot be region-restricted; running on full BAM
[2025-09-17T06:17:45Z] MarkDuplicates
[2025-09-17T06:20:12Z] MarkDuplicates took 147s
[2025-09-17T06:20:12Z] Samtools QC
[2025-09-17T06:21:35Z] Samtools QC took 83s
[2025-09-17T06:21:35Z] Inferring strandedness (auto)
[2025-09-17T06:21:37Z] Inferring strandedness (auto) took 2s
[2025-09-17T06:21:37Z] Picard CollectRnaSeqMetrics
[2025-09-17T06:21:40Z] Picard CollectRnaSeqMetrics took 3s
[2025-09-17T06:21:40Z] SplitNCigarReads (scatter-gather)
[2025-09-17T06:21:40Z] Preparing SplitNCigarReads shards from targets BED: /cache/SRR8052775/coverage/SRR8052775.targets.8x.classical.bed
[2025-09-17T06:21:40Z] SplitNCigarReads (targets): 25 contigs → 2 shards (max procs=2)
[2025-09-17T06:46:53Z] Merging 2 SplitNCigarReads parts (targets)
[2025-09-17T06:47:32Z] Sorting merged SplitNCigarReads BAM
[bam_sort_core] merging from 3 files and 8 in-memory blocks...
[2025-09-17T06:48:53Z] SplitNCigarReads (scatter-gather) took 1633s
[2025-09-17T06:48:53Z] bcftools calling (scatter raw over targets BED)…
[2025-09-17T06:48:53Z] bcftools scatter: 25 contigs → 2 shards (max procs=2)
[2025-09-17T06:51:35Z] Concatenating 2 bcftools shard VCFs
Checking the headers and starting positions of 2 files
Concatenating /cache/SRR8052775/variants/parts/SRR8052775.bcftools.raw.part0.vcf.gz	0.215190 seconds
Concatenating /cache/SRR8052775/variants/parts/SRR8052775.bcftools.raw.part1.vcf.gz	0.135599 seconds
[2025-09-17T06:51:36Z] bcftools calling (scatter raw over targets BED)… took 163s
[2025-09-17T06:51:36Z] bcftools filtering… (QUAL>=30, DP>=10)
Lines   total/split/joined/realigned/mismatch_removed/dup_removed/skipped:	203192/151/0/7651/0/0/0
[2025-09-17T06:51:39Z] bcftools filtering… (QUAL>=30, DP>=10) took 3s
[2025-09-17T06:51:39Z] MultiQC summary
[2025-09-17T06:51:43Z] MultiQC summary took 4s
[2025-09-17T06:51:43Z] Packaging QC + logs
[2025-09-17T06:51:43Z] Packaging QC + logs took 0s
[2025-09-17T06:51:43Z] Packaging variants
[2025-09-17T06:51:43Z] Packaging variants took 0s
[2025-09-17T06:51:43Z] Writing metrics + run manifest
[2025-09-17T06:51:45Z] Writing metrics + run manifest took 2s
===== TIMINGS SUMMARY =====
Step                                      Seconds
fastp trimming                                 58
bbduk cleanup                                 101
FastQC (raw+clean, concurrent)                107
Salmon quant                                  417
Kraken2 classification                         74
STAR alignment → sorted BAM                1111
Salmon quant (from STAR transcriptome BAM)      346
Mosdepth coverage + targets (>=8x)             69
MarkDuplicates                                147
Samtools QC                                    83
Inferring strandedness (auto)                   2
Picard CollectRnaSeqMetrics                     3
SplitNCigarReads (scatter-gather)            1633
bcftools calling (scatter raw over targets BED)…      163
bcftools filtering… (QUAL>=30, DP>=10)        3
MultiQC summary                                 4
Packaging QC + logs                             0
Packaging variants                              0
Writing metrics + run manifest                  2
TOTAL                                        4323
[2025-09-17T06:51:45Z] Cleaning expanded alignment directory (keeping logs inside QC tar)
[2025-09-17T06:51:46Z] Success.
[2025-09-17T06:51:46Z] Removing job cache: /cache/SRR8052775
