[2025-09-16T02:22:06Z] Reference bundle directory detected; probing: /indices/Human_GENCODE49_GRCh38/reference
[2025-09-16T02:22:06Z] Using reference in place: /indices/Human_GENCODE49_GRCh38/reference
[2025-09-16T02:22:06Z] GATK reference: /indices/Human_GENCODE49_GRCh38/reference/genome.fa.gz
[2025-09-16T02:22:06Z] STAR index directory detected; using in place: /indices/Human_GENCODE49_GRCh38/star_index
[2025-09-16T02:22:06Z] Salmon index directory detected; using in place: /indices/Human_GENCODE49_GRCh38/salmon_index
[2025-09-16T02:22:06Z] Variant resources directory detected; using in place: /indices/Human_GENCODE49_GRCh38/variant_resources
[2025-09-16T02:22:06Z] Kraken2 input: /indices/Human_GENCODE49_GRCh38/minikraken2_v2_8GB_201904_UPDATE
[2025-09-16T02:22:06Z] Kraken2 DB dir (in place): /indices/Human_GENCODE49_GRCh38/minikraken2_v2_8GB_201904_UPDATE
[2025-09-16T02:22:06Z] fastp trimming
[2025-09-16T02:23:03Z] fastp trimming took 57s
[2025-09-16T02:23:03Z] bbduk cleanup
[2025-09-16T02:24:31Z] bbduk cleanup took 88s
[2025-09-16T02:24:31Z] FastQC (raw+clean, concurrent)
[2025-09-16T02:26:37Z] FastQC (raw+clean, concurrent) took 126s
[2025-09-16T02:26:37Z] Salmon quant
[2025-09-16T02:32:29Z] Salmon quant took 352s
[2025-09-16T02:32:29Z] Kraken2 classification
[2025-09-16T02:33:22Z] Kraken2 classification took 53s
[2025-09-16T02:33:22Z] STAR alignment → sorted BAM
[2025-09-16T02:44:39Z] STAR alignment → sorted BAM took 677s
[2025-09-16T02:44:39Z] Salmon quant (from STAR transcriptome BAM)
[2025-09-16T02:49:38Z] Salmon quant (from STAR transcriptome BAM) took 299s
[2025-09-16T02:49:38Z] Mosdepth coverage + targets (>=8x)
[2025-09-16T02:50:24Z] Mosdepth coverage + targets (>=8x) took 46s
[2025-09-16T02:50:24Z] Note: MarkDuplicates cannot be region-restricted; running on full BAM
[2025-09-16T02:50:24Z] MarkDuplicates
[2025-09-16T02:52:35Z] MarkDuplicates took 131s
[2025-09-16T02:52:35Z] Samtools QC
[2025-09-16T02:53:54Z] Samtools QC took 79s
[2025-09-16T02:53:54Z] Inferring strandedness (auto)
[2025-09-16T02:53:57Z] Inferring strandedness (auto) took 3s
[2025-09-16T02:53:57Z] Picard CollectRnaSeqMetrics
[2025-09-16T02:53:59Z] Picard CollectRnaSeqMetrics took 2s
[2025-09-16T02:53:59Z] SplitNCigarReads (scatter-gather)
[2025-09-16T02:53:59Z] Preparing SplitNCigarReads shards from targets BED: /cache/SRR8052715/coverage/SRR8052715.targets.8x.classical.bed
[2025-09-16T02:53:59Z] SplitNCigarReads (targets): 25 contigs → 2 shards (max procs=2)
[2025-09-16T03:19:13Z] Merging 2 SplitNCigarReads parts (targets)
[2025-09-16T03:19:53Z] Sorting merged SplitNCigarReads BAM
[bam_sort_core] merging from 3 files and 8 in-memory blocks...
[2025-09-16T03:21:01Z] SplitNCigarReads (scatter-gather) took 1622s
[2025-09-16T03:21:01Z] bcftools calling (scatter raw over targets BED)…
[2025-09-16T03:21:01Z] bcftools scatter: 25 contigs → 2 shards (max procs=2)
[2025-09-16T03:25:30Z] Concatenating 2 bcftools shard VCFs
Checking the headers and starting positions of 2 files
Concatenating /cache/SRR8052715/variants/parts/SRR8052715.bcftools.raw.part0.vcf.gz	0.436318 seconds
Concatenating /cache/SRR8052715/variants/parts/SRR8052715.bcftools.raw.part1.vcf.gz	0.332106 seconds
[2025-09-16T03:25:31Z] bcftools calling (scatter raw over targets BED)… took 270s
[2025-09-16T03:25:31Z] bcftools filtering… (QUAL>=30, DP>=10)
Lines   total/split/joined/realigned/mismatch_removed/dup_removed/skipped:	427870/231/0/17981/0/0/0
[2025-09-16T03:25:39Z] bcftools filtering… (QUAL>=30, DP>=10) took 8s
[2025-09-16T03:25:39Z] MultiQC summary
[2025-09-16T03:25:44Z] MultiQC summary took 5s
[2025-09-16T03:25:44Z] Packaging QC + logs
[2025-09-16T03:25:44Z] Packaging QC + logs took 0s
[2025-09-16T03:25:44Z] Packaging variants
[2025-09-16T03:25:44Z] Packaging variants took 0s
[2025-09-16T03:25:44Z] Writing metrics + run manifest
[2025-09-16T03:25:47Z] Writing metrics + run manifest took 3s
===== TIMINGS SUMMARY =====
Step                                      Seconds
fastp trimming                                 57
bbduk cleanup                                  88
FastQC (raw+clean, concurrent)                126
Salmon quant                                  352
Kraken2 classification                         53
STAR alignment → sorted BAM                 677
Salmon quant (from STAR transcriptome BAM)      299
Mosdepth coverage + targets (>=8x)             46
MarkDuplicates                                131
Samtools QC                                    79
Inferring strandedness (auto)                   3
Picard CollectRnaSeqMetrics                     2
SplitNCigarReads (scatter-gather)            1622
bcftools calling (scatter raw over targets BED)…      270
bcftools filtering… (QUAL>=30, DP>=10)        8
MultiQC summary                                 5
Packaging QC + logs                             0
Packaging variants                              0
Writing metrics + run manifest                  3
TOTAL                                        3821
[2025-09-16T03:25:47Z] Cleaning expanded alignment directory (keeping logs inside QC tar)
[2025-09-16T03:25:48Z] Success.
[2025-09-16T03:25:48Z] Removing job cache: /cache/SRR8052715
