[2025-09-17T18:57:24Z] Reference bundle directory detected; probing: /indices/Human_GENCODE49_GRCh38/reference
[2025-09-17T18:57:24Z] Using reference in place: /indices/Human_GENCODE49_GRCh38/reference
[2025-09-17T18:57:24Z] GATK reference: /indices/Human_GENCODE49_GRCh38/reference/genome.fa.gz
[2025-09-17T18:57:24Z] STAR index directory detected; using in place: /indices/Human_GENCODE49_GRCh38/star_index
[2025-09-17T18:57:24Z] Salmon index directory detected; using in place: /indices/Human_GENCODE49_GRCh38/salmon_index
[2025-09-17T18:57:24Z] Variant resources directory detected; using in place: /indices/Human_GENCODE49_GRCh38/variant_resources
[2025-09-17T18:57:24Z] Kraken2 input: /indices/Human_GENCODE49_GRCh38/minikraken2_v2_8GB_201904_UPDATE
[2025-09-17T18:57:24Z] Kraken2 DB dir (in place): /indices/Human_GENCODE49_GRCh38/minikraken2_v2_8GB_201904_UPDATE
[2025-09-17T18:57:24Z] fastp trimming
[2025-09-17T18:58:55Z] fastp trimming took 91s
[2025-09-17T18:58:55Z] bbduk cleanup
[2025-09-17T19:01:36Z] bbduk cleanup took 161s
[2025-09-17T19:01:36Z] FastQC (raw+clean, concurrent)
[2025-09-17T19:04:43Z] FastQC (raw+clean, concurrent) took 187s
[2025-09-17T19:04:43Z] Salmon quant
[2025-09-17T19:13:46Z] Salmon quant took 543s
[2025-09-17T19:13:46Z] Kraken2 classification
[2025-09-17T19:15:36Z] Kraken2 classification took 110s
[2025-09-17T19:15:36Z] STAR alignment → sorted BAM
[2025-09-17T19:40:22Z] STAR alignment → sorted BAM took 1486s
[2025-09-17T19:40:22Z] Salmon quant (from STAR transcriptome BAM)
[2025-09-17T19:47:29Z] Salmon quant (from STAR transcriptome BAM) took 427s
[2025-09-17T19:47:29Z] Mosdepth coverage + targets (>=8x)
[2025-09-17T19:48:33Z] Mosdepth coverage + targets (>=8x) took 64s
[2025-09-17T19:48:33Z] Note: MarkDuplicates cannot be region-restricted; running on full BAM
[2025-09-17T19:48:33Z] MarkDuplicates
[2025-09-17T19:51:54Z] MarkDuplicates took 201s
[2025-09-17T19:51:54Z] Samtools QC
[2025-09-17T19:54:07Z] Samtools QC took 133s
[2025-09-17T19:54:07Z] Inferring strandedness (auto)
[2025-09-17T19:54:10Z] Inferring strandedness (auto) took 3s
[2025-09-17T19:54:10Z] Picard CollectRnaSeqMetrics
[2025-09-17T19:54:13Z] Picard CollectRnaSeqMetrics took 3s
[2025-09-17T19:54:13Z] SplitNCigarReads (scatter-gather)
[2025-09-17T19:54:13Z] Preparing SplitNCigarReads shards from targets BED: /cache/SRR8052805/coverage/SRR8052805.targets.8x.classical.bed
[2025-09-17T19:54:13Z] SplitNCigarReads (targets): 25 contigs → 2 shards (max procs=2)
[2025-09-17T20:29:47Z] Merging 2 SplitNCigarReads parts (targets)
[2025-09-17T20:30:57Z] Sorting merged SplitNCigarReads BAM
[bam_sort_core] merging from 5 files and 8 in-memory blocks...
[2025-09-17T20:33:19Z] SplitNCigarReads (scatter-gather) took 2346s
[2025-09-17T20:33:19Z] bcftools calling (scatter raw over targets BED)…
[2025-09-17T20:33:20Z] bcftools scatter: 25 contigs → 2 shards (max procs=2)
[2025-09-17T20:40:34Z] Concatenating 2 bcftools shard VCFs
Checking the headers and starting positions of 2 files
Concatenating /cache/SRR8052805/variants/parts/SRR8052805.bcftools.raw.part0.vcf.gz	0.474119 seconds
Concatenating /cache/SRR8052805/variants/parts/SRR8052805.bcftools.raw.part1.vcf.gz	0.341337 seconds
[2025-09-17T20:40:35Z] bcftools calling (scatter raw over targets BED)… took 436s
[2025-09-17T20:40:35Z] bcftools filtering… (QUAL>=30, DP>=10)
Lines   total/split/joined/realigned/mismatch_removed/dup_removed/skipped:	488118/349/0/21617/0/0/0
[2025-09-17T20:40:38Z] bcftools filtering… (QUAL>=30, DP>=10) took 3s
[2025-09-17T20:40:38Z] MultiQC summary
[2025-09-17T20:40:41Z] MultiQC summary took 3s
[2025-09-17T20:40:41Z] Packaging QC + logs
[2025-09-17T20:40:41Z] Packaging QC + logs took 0s
[2025-09-17T20:40:41Z] Packaging variants
[2025-09-17T20:40:41Z] Packaging variants took 0s
[2025-09-17T20:40:41Z] Writing metrics + run manifest
[2025-09-17T20:40:43Z] Writing metrics + run manifest took 2s
===== TIMINGS SUMMARY =====
Step                                      Seconds
fastp trimming                                 91
bbduk cleanup                                 161
FastQC (raw+clean, concurrent)                187
Salmon quant                                  543
Kraken2 classification                        110
STAR alignment → sorted BAM                1486
Salmon quant (from STAR transcriptome BAM)      427
Mosdepth coverage + targets (>=8x)             64
MarkDuplicates                                201
Samtools QC                                   133
Inferring strandedness (auto)                   3
Picard CollectRnaSeqMetrics                     3
SplitNCigarReads (scatter-gather)            2346
bcftools calling (scatter raw over targets BED)…      436
bcftools filtering… (QUAL>=30, DP>=10)        3
MultiQC summary                                 3
Packaging QC + logs                             0
Packaging variants                              0
Writing metrics + run manifest                  2
TOTAL                                        6199
[2025-09-17T20:40:43Z] Cleaning expanded alignment directory (keeping logs inside QC tar)
[2025-09-17T20:40:45Z] Success.
[2025-09-17T20:40:45Z] Removing job cache: /cache/SRR8052805
