[2025-09-18T02:25:53Z] Reference bundle directory detected; probing: /indices/Human_GENCODE49_GRCh38/reference
[2025-09-18T02:25:53Z] Using reference in place: /indices/Human_GENCODE49_GRCh38/reference
[2025-09-18T02:25:53Z] GATK reference: /indices/Human_GENCODE49_GRCh38/reference/genome.fa.gz
[2025-09-18T02:25:53Z] STAR index directory detected; using in place: /indices/Human_GENCODE49_GRCh38/star_index
[2025-09-18T02:25:53Z] Salmon index directory detected; using in place: /indices/Human_GENCODE49_GRCh38/salmon_index
[2025-09-18T02:25:53Z] Variant resources directory detected; using in place: /indices/Human_GENCODE49_GRCh38/variant_resources
[2025-09-18T02:25:53Z] Kraken2 input: /indices/Human_GENCODE49_GRCh38/minikraken2_v2_8GB_201904_UPDATE
[2025-09-18T02:25:53Z] Kraken2 DB dir (in place): /indices/Human_GENCODE49_GRCh38/minikraken2_v2_8GB_201904_UPDATE
[2025-09-18T02:25:54Z] fastp trimming
[2025-09-18T02:27:00Z] fastp trimming took 66s
[2025-09-18T02:27:00Z] bbduk cleanup
[2025-09-18T02:29:02Z] bbduk cleanup took 122s
[2025-09-18T02:29:02Z] FastQC (raw+clean, concurrent)
[2025-09-18T02:31:02Z] FastQC (raw+clean, concurrent) took 120s
[2025-09-18T02:31:02Z] Salmon quant
[2025-09-18T02:38:54Z] Salmon quant took 472s
[2025-09-18T02:38:54Z] Kraken2 classification
[2025-09-18T02:40:12Z] Kraken2 classification took 78s
[2025-09-18T02:40:12Z] STAR alignment → sorted BAM
[2025-09-18T02:56:40Z] STAR alignment → sorted BAM took 988s
[2025-09-18T02:56:40Z] Salmon quant (from STAR transcriptome BAM)
[2025-09-18T03:02:36Z] Salmon quant (from STAR transcriptome BAM) took 356s
[2025-09-18T03:02:36Z] Mosdepth coverage + targets (>=8x)
[2025-09-18T03:03:35Z] Mosdepth coverage + targets (>=8x) took 59s
[2025-09-18T03:03:35Z] Note: MarkDuplicates cannot be region-restricted; running on full BAM
[2025-09-18T03:03:35Z] MarkDuplicates
[2025-09-18T03:06:31Z] MarkDuplicates took 176s
[2025-09-18T03:06:31Z] Samtools QC
[2025-09-18T03:07:59Z] Samtools QC took 88s
[2025-09-18T03:07:59Z] Inferring strandedness (auto)
[2025-09-18T03:08:02Z] Inferring strandedness (auto) took 3s
[2025-09-18T03:08:02Z] Picard CollectRnaSeqMetrics
[2025-09-18T03:08:05Z] Picard CollectRnaSeqMetrics took 3s
[2025-09-18T03:08:05Z] SplitNCigarReads (scatter-gather)
[2025-09-18T03:08:05Z] Preparing SplitNCigarReads shards from targets BED: /cache/SRR8052820/coverage/SRR8052820.targets.8x.classical.bed
[2025-09-18T03:08:05Z] SplitNCigarReads (targets): 25 contigs → 2 shards (max procs=2)
[2025-09-18T03:36:25Z] Merging 2 SplitNCigarReads parts (targets)
[2025-09-18T03:37:20Z] Sorting merged SplitNCigarReads BAM
[bam_sort_core] merging from 4 files and 8 in-memory blocks...
[2025-09-18T03:39:06Z] SplitNCigarReads (scatter-gather) took 1861s
[2025-09-18T03:39:06Z] bcftools calling (scatter raw over targets BED)…
[2025-09-18T03:39:06Z] bcftools scatter: 25 contigs → 2 shards (max procs=2)
[2025-09-18T03:44:53Z] Concatenating 2 bcftools shard VCFs
Checking the headers and starting positions of 2 files
Concatenating /cache/SRR8052820/variants/parts/SRR8052820.bcftools.raw.part0.vcf.gz	0.507908 seconds
Concatenating /cache/SRR8052820/variants/parts/SRR8052820.bcftools.raw.part1.vcf.gz	0.336077 seconds
[2025-09-18T03:44:54Z] bcftools calling (scatter raw over targets BED)… took 348s
[2025-09-18T03:44:54Z] bcftools filtering… (QUAL>=30, DP>=10)
Lines   total/split/joined/realigned/mismatch_removed/dup_removed/skipped:	475926/349/0/23610/0/0/0
[2025-09-18T03:44:58Z] bcftools filtering… (QUAL>=30, DP>=10) took 4s
[2025-09-18T03:44:58Z] MultiQC summary
[2025-09-18T03:45:00Z] MultiQC summary took 2s
[2025-09-18T03:45:00Z] Packaging QC + logs
[2025-09-18T03:45:01Z] Packaging QC + logs took 1s
[2025-09-18T03:45:01Z] Packaging variants
[2025-09-18T03:45:01Z] Packaging variants took 0s
[2025-09-18T03:45:01Z] Writing metrics + run manifest
[2025-09-18T03:45:02Z] Writing metrics + run manifest took 1s
===== TIMINGS SUMMARY =====
Step                                      Seconds
fastp trimming                                 66
bbduk cleanup                                 122
FastQC (raw+clean, concurrent)                120
Salmon quant                                  472
Kraken2 classification                         78
STAR alignment → sorted BAM                 988
Salmon quant (from STAR transcriptome BAM)      356
Mosdepth coverage + targets (>=8x)             59
MarkDuplicates                                176
Samtools QC                                    88
Inferring strandedness (auto)                   3
Picard CollectRnaSeqMetrics                     3
SplitNCigarReads (scatter-gather)            1861
bcftools calling (scatter raw over targets BED)…      348
bcftools filtering… (QUAL>=30, DP>=10)        4
MultiQC summary                                 2
Packaging QC + logs                             1
Packaging variants                              0
Writing metrics + run manifest                  1
TOTAL                                        4748
[2025-09-18T03:45:02Z] Cleaning expanded alignment directory (keeping logs inside QC tar)
[2025-09-18T03:45:03Z] Success.
[2025-09-18T03:45:03Z] Removing job cache: /cache/SRR8052820
