[2025-09-17T12:40:16Z] Reference bundle directory detected; probing: /indices/Human_GENCODE49_GRCh38/reference
[2025-09-17T12:40:16Z] Using reference in place: /indices/Human_GENCODE49_GRCh38/reference
[2025-09-17T12:40:16Z] GATK reference: /indices/Human_GENCODE49_GRCh38/reference/genome.fa.gz
[2025-09-17T12:40:16Z] STAR index directory detected; using in place: /indices/Human_GENCODE49_GRCh38/star_index
[2025-09-17T12:40:16Z] Salmon index directory detected; using in place: /indices/Human_GENCODE49_GRCh38/salmon_index
[2025-09-17T12:40:16Z] Variant resources directory detected; using in place: /indices/Human_GENCODE49_GRCh38/variant_resources
[2025-09-17T12:40:16Z] Kraken2 input: /indices/Human_GENCODE49_GRCh38/minikraken2_v2_8GB_201904_UPDATE
[2025-09-17T12:40:16Z] Kraken2 DB dir (in place): /indices/Human_GENCODE49_GRCh38/minikraken2_v2_8GB_201904_UPDATE
[2025-09-17T12:40:16Z] fastp trimming
[2025-09-17T12:41:22Z] fastp trimming took 66s
[2025-09-17T12:41:22Z] bbduk cleanup
[2025-09-17T12:43:14Z] bbduk cleanup took 112s
[2025-09-17T12:43:14Z] FastQC (raw+clean, concurrent)
[2025-09-17T12:45:25Z] FastQC (raw+clean, concurrent) took 131s
[2025-09-17T12:45:25Z] Salmon quant
[2025-09-17T12:52:41Z] Salmon quant took 436s
[2025-09-17T12:52:41Z] Kraken2 classification
[2025-09-17T12:54:01Z] Kraken2 classification took 80s
[2025-09-17T12:54:01Z] STAR alignment → sorted BAM
[2025-09-17T13:10:55Z] STAR alignment → sorted BAM took 1014s
[2025-09-17T13:10:55Z] Salmon quant (from STAR transcriptome BAM)
[2025-09-17T13:17:17Z] Salmon quant (from STAR transcriptome BAM) took 382s
[2025-09-17T13:17:17Z] Mosdepth coverage + targets (>=8x)
[2025-09-17T13:18:13Z] Mosdepth coverage + targets (>=8x) took 56s
[2025-09-17T13:18:13Z] Note: MarkDuplicates cannot be region-restricted; running on full BAM
[2025-09-17T13:18:13Z] MarkDuplicates
[2025-09-17T13:21:15Z] MarkDuplicates took 182s
[2025-09-17T13:21:15Z] Samtools QC
[2025-09-17T13:23:11Z] Samtools QC took 116s
[2025-09-17T13:23:11Z] Inferring strandedness (auto)
[2025-09-17T13:23:14Z] Inferring strandedness (auto) took 3s
[2025-09-17T13:23:14Z] Picard CollectRnaSeqMetrics
[2025-09-17T13:23:18Z] Picard CollectRnaSeqMetrics took 4s
[2025-09-17T13:23:18Z] SplitNCigarReads (scatter-gather)
[2025-09-17T13:23:18Z] Preparing SplitNCigarReads shards from targets BED: /cache/SRR8052791/coverage/SRR8052791.targets.8x.classical.bed
[2025-09-17T13:23:18Z] SplitNCigarReads (targets): 25 contigs → 2 shards (max procs=2)
[2025-09-17T13:53:06Z] Merging 2 SplitNCigarReads parts (targets)
[2025-09-17T13:53:51Z] Sorting merged SplitNCigarReads BAM
[bam_sort_core] merging from 4 files and 8 in-memory blocks...
[2025-09-17T13:55:26Z] SplitNCigarReads (scatter-gather) took 1928s
[2025-09-17T13:55:26Z] bcftools calling (scatter raw over targets BED)…
[2025-09-17T13:55:26Z] bcftools scatter: 25 contigs → 2 shards (max procs=2)
[2025-09-17T14:00:17Z] Concatenating 2 bcftools shard VCFs
Checking the headers and starting positions of 2 files
Concatenating /cache/SRR8052791/variants/parts/SRR8052791.bcftools.raw.part0.vcf.gz	0.306715 seconds
Concatenating /cache/SRR8052791/variants/parts/SRR8052791.bcftools.raw.part1.vcf.gz	0.209169 seconds
[2025-09-17T14:00:18Z] bcftools calling (scatter raw over targets BED)… took 292s
[2025-09-17T14:00:18Z] bcftools filtering… (QUAL>=30, DP>=10)
Lines   total/split/joined/realigned/mismatch_removed/dup_removed/skipped:	364942/264/0/14855/0/0/0
[2025-09-17T14:00:21Z] bcftools filtering… (QUAL>=30, DP>=10) took 3s
[2025-09-17T14:00:21Z] MultiQC summary
[2025-09-17T14:00:24Z] MultiQC summary took 3s
[2025-09-17T14:00:24Z] Packaging QC + logs
[2025-09-17T14:00:25Z] Packaging QC + logs took 1s
[2025-09-17T14:00:25Z] Packaging variants
[2025-09-17T14:00:25Z] Packaging variants took 0s
[2025-09-17T14:00:25Z] Writing metrics + run manifest
[2025-09-17T14:00:26Z] Writing metrics + run manifest took 1s
===== TIMINGS SUMMARY =====
Step                                      Seconds
fastp trimming                                 66
bbduk cleanup                                 112
FastQC (raw+clean, concurrent)                131
Salmon quant                                  436
Kraken2 classification                         80
STAR alignment → sorted BAM                1014
Salmon quant (from STAR transcriptome BAM)      382
Mosdepth coverage + targets (>=8x)             56
MarkDuplicates                                182
Samtools QC                                   116
Inferring strandedness (auto)                   3
Picard CollectRnaSeqMetrics                     4
SplitNCigarReads (scatter-gather)            1928
bcftools calling (scatter raw over targets BED)…      292
bcftools filtering… (QUAL>=30, DP>=10)        3
MultiQC summary                                 3
Packaging QC + logs                             1
Packaging variants                              0
Writing metrics + run manifest                  1
TOTAL                                        4810
[2025-09-17T14:00:26Z] Cleaning expanded alignment directory (keeping logs inside QC tar)
[2025-09-17T14:00:27Z] Success.
[2025-09-17T14:00:27Z] Removing job cache: /cache/SRR8052791
