[2025-09-17T03:01:39Z] Reference bundle directory detected; probing: /indices/Human_GENCODE49_GRCh38/reference
[2025-09-17T03:01:39Z] Using reference in place: /indices/Human_GENCODE49_GRCh38/reference
[2025-09-17T03:01:39Z] GATK reference: /indices/Human_GENCODE49_GRCh38/reference/genome.fa.gz
[2025-09-17T03:01:39Z] STAR index directory detected; using in place: /indices/Human_GENCODE49_GRCh38/star_index
[2025-09-17T03:01:39Z] Salmon index directory detected; using in place: /indices/Human_GENCODE49_GRCh38/salmon_index
[2025-09-17T03:01:39Z] Variant resources directory detected; using in place: /indices/Human_GENCODE49_GRCh38/variant_resources
[2025-09-17T03:01:39Z] Kraken2 input: /indices/Human_GENCODE49_GRCh38/minikraken2_v2_8GB_201904_UPDATE
[2025-09-17T03:01:39Z] Kraken2 DB dir (in place): /indices/Human_GENCODE49_GRCh38/minikraken2_v2_8GB_201904_UPDATE
[2025-09-17T03:01:39Z] fastp trimming
[2025-09-17T03:03:02Z] fastp trimming took 83s
[2025-09-17T03:03:02Z] bbduk cleanup
[2025-09-17T03:05:47Z] bbduk cleanup took 165s
[2025-09-17T03:05:47Z] FastQC (raw+clean, concurrent)
[2025-09-17T03:08:37Z] FastQC (raw+clean, concurrent) took 170s
[2025-09-17T03:08:37Z] Salmon quant
[2025-09-17T03:17:39Z] Salmon quant took 542s
[2025-09-17T03:17:39Z] Kraken2 classification
[2025-09-17T03:18:59Z] Kraken2 classification took 80s
[2025-09-17T03:18:59Z] STAR alignment → sorted BAM
[2025-09-17T03:38:42Z] STAR alignment → sorted BAM took 1183s
[2025-09-17T03:38:42Z] Salmon quant (from STAR transcriptome BAM)
[2025-09-17T03:44:33Z] Salmon quant (from STAR transcriptome BAM) took 351s
[2025-09-17T03:44:33Z] Mosdepth coverage + targets (>=8x)
[2025-09-17T03:45:30Z] Mosdepth coverage + targets (>=8x) took 57s
[2025-09-17T03:45:30Z] Note: MarkDuplicates cannot be region-restricted; running on full BAM
[2025-09-17T03:45:30Z] MarkDuplicates
[2025-09-17T03:48:24Z] MarkDuplicates took 174s
[2025-09-17T03:48:24Z] Samtools QC
[2025-09-17T03:50:11Z] Samtools QC took 107s
[2025-09-17T03:50:11Z] Inferring strandedness (auto)
[2025-09-17T03:50:14Z] Inferring strandedness (auto) took 3s
[2025-09-17T03:50:14Z] Picard CollectRnaSeqMetrics
[2025-09-17T03:50:17Z] Picard CollectRnaSeqMetrics took 3s
[2025-09-17T03:50:17Z] SplitNCigarReads (scatter-gather)
[2025-09-17T03:50:17Z] Preparing SplitNCigarReads shards from targets BED: /cache/SRR8052771/coverage/SRR8052771.targets.8x.classical.bed
[2025-09-17T03:50:17Z] SplitNCigarReads (targets): 25 contigs → 2 shards (max procs=2)
[2025-09-17T04:22:28Z] Merging 2 SplitNCigarReads parts (targets)
[2025-09-17T04:23:25Z] Sorting merged SplitNCigarReads BAM
[bam_sort_core] merging from 5 files and 8 in-memory blocks...
[2025-09-17T04:25:14Z] SplitNCigarReads (scatter-gather) took 2097s
[2025-09-17T04:25:14Z] bcftools calling (scatter raw over targets BED)…
[2025-09-17T04:25:14Z] bcftools scatter: 25 contigs → 2 shards (max procs=2)
[2025-09-17T04:30:55Z] Concatenating 2 bcftools shard VCFs
Checking the headers and starting positions of 2 files
Concatenating /cache/SRR8052771/variants/parts/SRR8052771.bcftools.raw.part0.vcf.gz	0.464229 seconds
Concatenating /cache/SRR8052771/variants/parts/SRR8052771.bcftools.raw.part1.vcf.gz	0.342400 seconds
[2025-09-17T04:30:56Z] bcftools calling (scatter raw over targets BED)… took 342s
[2025-09-17T04:30:56Z] bcftools filtering… (QUAL>=30, DP>=10)
Lines   total/split/joined/realigned/mismatch_removed/dup_removed/skipped:	416956/256/0/17762/0/0/0
[2025-09-17T04:31:00Z] bcftools filtering… (QUAL>=30, DP>=10) took 4s
[2025-09-17T04:31:00Z] MultiQC summary
[2025-09-17T04:31:04Z] MultiQC summary took 4s
[2025-09-17T04:31:04Z] Packaging QC + logs
[2025-09-17T04:31:04Z] Packaging QC + logs took 0s
[2025-09-17T04:31:04Z] Packaging variants
[2025-09-17T04:31:05Z] Packaging variants took 1s
[2025-09-17T04:31:05Z] Writing metrics + run manifest
[2025-09-17T04:31:07Z] Writing metrics + run manifest took 2s
===== TIMINGS SUMMARY =====
Step                                      Seconds
fastp trimming                                 83
bbduk cleanup                                 165
FastQC (raw+clean, concurrent)                170
Salmon quant                                  542
Kraken2 classification                         80
STAR alignment → sorted BAM                1183
Salmon quant (from STAR transcriptome BAM)      351
Mosdepth coverage + targets (>=8x)             57
MarkDuplicates                                174
Samtools QC                                   107
Inferring strandedness (auto)                   3
Picard CollectRnaSeqMetrics                     3
SplitNCigarReads (scatter-gather)            2097
bcftools calling (scatter raw over targets BED)…      342
bcftools filtering… (QUAL>=30, DP>=10)        4
MultiQC summary                                 4
Packaging QC + logs                             0
Packaging variants                              1
Writing metrics + run manifest                  2
TOTAL                                        5368
[2025-09-17T04:31:07Z] Cleaning expanded alignment directory (keeping logs inside QC tar)
[2025-09-17T04:31:08Z] Success.
[2025-09-17T04:31:08Z] Removing job cache: /cache/SRR8052771
