[2025-09-16T13:51:50Z] Reference bundle directory detected; probing: /indices/Human_GENCODE49_GRCh38/reference
[2025-09-16T13:51:50Z] Using reference in place: /indices/Human_GENCODE49_GRCh38/reference
[2025-09-16T13:51:50Z] GATK reference: /indices/Human_GENCODE49_GRCh38/reference/genome.fa.gz
[2025-09-16T13:51:50Z] STAR index directory detected; using in place: /indices/Human_GENCODE49_GRCh38/star_index
[2025-09-16T13:51:50Z] Salmon index directory detected; using in place: /indices/Human_GENCODE49_GRCh38/salmon_index
[2025-09-16T13:51:50Z] Variant resources directory detected; using in place: /indices/Human_GENCODE49_GRCh38/variant_resources
[2025-09-16T13:51:50Z] Kraken2 input: /indices/Human_GENCODE49_GRCh38/minikraken2_v2_8GB_201904_UPDATE
[2025-09-16T13:51:50Z] Kraken2 DB dir (in place): /indices/Human_GENCODE49_GRCh38/minikraken2_v2_8GB_201904_UPDATE
[2025-09-16T13:51:50Z] fastp trimming
[2025-09-16T13:52:30Z] fastp trimming took 40s
[2025-09-16T13:52:30Z] bbduk cleanup
[2025-09-16T13:53:36Z] bbduk cleanup took 66s
[2025-09-16T13:53:36Z] FastQC (raw+clean, concurrent)
[2025-09-16T13:54:49Z] FastQC (raw+clean, concurrent) took 73s
[2025-09-16T13:54:49Z] Salmon quant
[2025-09-16T14:00:33Z] Salmon quant took 344s
[2025-09-16T14:00:33Z] Kraken2 classification
[2025-09-16T14:01:21Z] Kraken2 classification took 48s
[2025-09-16T14:01:21Z] STAR alignment → sorted BAM
[2025-09-16T14:11:54Z] STAR alignment → sorted BAM took 633s
[2025-09-16T14:11:54Z] Salmon quant (from STAR transcriptome BAM)
[2025-09-16T14:17:25Z] Salmon quant (from STAR transcriptome BAM) took 331s
[2025-09-16T14:17:25Z] Mosdepth coverage + targets (>=8x)
[2025-09-16T14:18:32Z] Mosdepth coverage + targets (>=8x) took 67s
[2025-09-16T14:18:32Z] Note: MarkDuplicates cannot be region-restricted; running on full BAM
[2025-09-16T14:18:32Z] MarkDuplicates
[2025-09-16T14:20:09Z] MarkDuplicates took 97s
[2025-09-16T14:20:09Z] Samtools QC
[2025-09-16T14:21:18Z] Samtools QC took 69s
[2025-09-16T14:21:18Z] Inferring strandedness (auto)
[2025-09-16T14:21:22Z] Inferring strandedness (auto) took 4s
[2025-09-16T14:21:22Z] Picard CollectRnaSeqMetrics
[2025-09-16T14:21:27Z] Picard CollectRnaSeqMetrics took 5s
[2025-09-16T14:21:28Z] SplitNCigarReads (scatter-gather)
[2025-09-16T14:21:28Z] Preparing SplitNCigarReads shards from targets BED: /cache/SRR8052740/coverage/SRR8052740.targets.8x.classical.bed
[2025-09-16T14:21:28Z] SplitNCigarReads (targets): 25 contigs → 2 shards (max procs=2)
[2025-09-16T14:42:51Z] Merging 2 SplitNCigarReads parts (targets)
[2025-09-16T14:43:19Z] Sorting merged SplitNCigarReads BAM
[bam_sort_core] merging from 2 files and 8 in-memory blocks...
[2025-09-16T14:44:13Z] SplitNCigarReads (scatter-gather) took 1366s
[2025-09-16T14:44:13Z] bcftools calling (scatter raw over targets BED)…
[2025-09-16T14:44:13Z] bcftools scatter: 25 contigs → 2 shards (max procs=2)
[2025-09-16T14:47:37Z] Concatenating 2 bcftools shard VCFs
Checking the headers and starting positions of 2 files
Concatenating /cache/SRR8052740/variants/parts/SRR8052740.bcftools.raw.part0.vcf.gz	0.332826 seconds
Concatenating /cache/SRR8052740/variants/parts/SRR8052740.bcftools.raw.part1.vcf.gz	0.239280 seconds
[2025-09-16T14:47:38Z] bcftools calling (scatter raw over targets BED)… took 205s
[2025-09-16T14:47:38Z] bcftools filtering… (QUAL>=30, DP>=10)
Lines   total/split/joined/realigned/mismatch_removed/dup_removed/skipped:	280072/207/0/11018/0/0/0
[2025-09-16T14:47:40Z] bcftools filtering… (QUAL>=30, DP>=10) took 2s
[2025-09-16T14:47:40Z] MultiQC summary
[2025-09-16T14:47:44Z] MultiQC summary took 4s
[2025-09-16T14:47:44Z] Packaging QC + logs
[2025-09-16T14:47:44Z] Packaging QC + logs took 0s
[2025-09-16T14:47:44Z] Packaging variants
[2025-09-16T14:47:44Z] Packaging variants took 0s
[2025-09-16T14:47:44Z] Writing metrics + run manifest
[2025-09-16T14:47:46Z] Writing metrics + run manifest took 2s
===== TIMINGS SUMMARY =====
Step                                      Seconds
fastp trimming                                 40
bbduk cleanup                                  66
FastQC (raw+clean, concurrent)                 73
Salmon quant                                  344
Kraken2 classification                         48
STAR alignment → sorted BAM                 633
Salmon quant (from STAR transcriptome BAM)      331
Mosdepth coverage + targets (>=8x)             67
MarkDuplicates                                 97
Samtools QC                                    69
Inferring strandedness (auto)                   4
Picard CollectRnaSeqMetrics                     5
SplitNCigarReads (scatter-gather)            1366
bcftools calling (scatter raw over targets BED)…      205
bcftools filtering… (QUAL>=30, DP>=10)        2
MultiQC summary                                 4
Packaging QC + logs                             0
Packaging variants                              0
Writing metrics + run manifest                  2
TOTAL                                        3356
[2025-09-16T14:47:46Z] Cleaning expanded alignment directory (keeping logs inside QC tar)
[2025-09-16T14:47:46Z] Success.
[2025-09-16T14:47:46Z] Removing job cache: /cache/SRR8052740
