[2025-09-18T11:10:30Z] Reference bundle directory detected; probing: /indices/Human_GENCODE49_GRCh38/reference
[2025-09-18T11:10:30Z] Using reference in place: /indices/Human_GENCODE49_GRCh38/reference
[2025-09-18T11:10:30Z] GATK reference: /indices/Human_GENCODE49_GRCh38/reference/genome.fa.gz
[2025-09-18T11:10:30Z] STAR index directory detected; using in place: /indices/Human_GENCODE49_GRCh38/star_index
[2025-09-18T11:10:30Z] Salmon index directory detected; using in place: /indices/Human_GENCODE49_GRCh38/salmon_index
[2025-09-18T11:10:30Z] Variant resources directory detected; using in place: /indices/Human_GENCODE49_GRCh38/variant_resources
[2025-09-18T11:10:30Z] Kraken2 input: /indices/Human_GENCODE49_GRCh38/minikraken2_v2_8GB_201904_UPDATE
[2025-09-18T11:10:30Z] Kraken2 DB dir (in place): /indices/Human_GENCODE49_GRCh38/minikraken2_v2_8GB_201904_UPDATE
[2025-09-18T11:10:30Z] fastp trimming
[2025-09-18T11:10:49Z] fastp trimming took 19s
[2025-09-18T11:10:49Z] bbduk cleanup
[2025-09-18T11:11:21Z] bbduk cleanup took 32s
[2025-09-18T11:11:21Z] FastQC (raw+clean, concurrent)
[2025-09-18T11:12:00Z] FastQC (raw+clean, concurrent) took 39s
[2025-09-18T11:12:00Z] Salmon quant
[2025-09-18T11:16:33Z] Salmon quant took 273s
[2025-09-18T11:16:33Z] Kraken2 classification
[2025-09-18T11:17:07Z] Kraken2 classification took 34s
[2025-09-18T11:17:07Z] STAR alignment → sorted BAM
[2025-09-18T11:24:08Z] STAR alignment → sorted BAM took 421s
[2025-09-18T11:24:08Z] Salmon quant (from STAR transcriptome BAM)
[2025-09-18T11:28:05Z] Salmon quant (from STAR transcriptome BAM) took 237s
[2025-09-18T11:28:05Z] Mosdepth coverage + targets (>=8x)
[2025-09-18T11:28:38Z] Mosdepth coverage + targets (>=8x) took 33s
[2025-09-18T11:28:38Z] Note: MarkDuplicates cannot be region-restricted; running on full BAM
[2025-09-18T11:28:38Z] MarkDuplicates
[2025-09-18T11:29:26Z] MarkDuplicates took 48s
[2025-09-18T11:29:26Z] Samtools QC
[2025-09-18T11:29:53Z] Samtools QC took 27s
[2025-09-18T11:29:53Z] Inferring strandedness (auto)
[2025-09-18T11:29:55Z] Inferring strandedness (auto) took 2s
[2025-09-18T11:29:55Z] Picard CollectRnaSeqMetrics
[2025-09-18T11:29:58Z] Picard CollectRnaSeqMetrics took 3s
[2025-09-18T11:29:58Z] SplitNCigarReads (scatter-gather)
[2025-09-18T11:29:58Z] Preparing SplitNCigarReads shards from targets BED: /cache/SRR8052838/coverage/SRR8052838.targets.8x.classical.bed
[2025-09-18T11:29:58Z] SplitNCigarReads (targets): 25 contigs → 2 shards (max procs=2)
[2025-09-18T11:38:39Z] Merging 2 SplitNCigarReads parts (targets)
[2025-09-18T11:38:53Z] Sorting merged SplitNCigarReads BAM
[bam_sort_core] merging from 1 files and 8 in-memory blocks...
[2025-09-18T11:39:23Z] SplitNCigarReads (scatter-gather) took 565s
[2025-09-18T11:39:23Z] bcftools calling (scatter raw over targets BED)…
[2025-09-18T11:39:23Z] bcftools scatter: 25 contigs → 2 shards (max procs=2)
[2025-09-18T11:41:24Z] Concatenating 2 bcftools shard VCFs
Checking the headers and starting positions of 2 files
Concatenating /cache/SRR8052838/variants/parts/SRR8052838.bcftools.raw.part0.vcf.gz	0.158405 seconds
Concatenating /cache/SRR8052838/variants/parts/SRR8052838.bcftools.raw.part1.vcf.gz	0.095327 seconds
[2025-09-18T11:41:24Z] bcftools calling (scatter raw over targets BED)… took 121s
[2025-09-18T11:41:24Z] bcftools filtering… (QUAL>=30, DP>=10)
Lines   total/split/joined/realigned/mismatch_removed/dup_removed/skipped:	155969/90/0/6108/0/0/0
[2025-09-18T11:41:26Z] bcftools filtering… (QUAL>=30, DP>=10) took 2s
[2025-09-18T11:41:26Z] MultiQC summary
[2025-09-18T11:41:29Z] MultiQC summary took 3s
[2025-09-18T11:41:29Z] Packaging QC + logs
[2025-09-18T11:41:29Z] Packaging QC + logs took 0s
[2025-09-18T11:41:29Z] Packaging variants
[2025-09-18T11:41:29Z] Packaging variants took 0s
[2025-09-18T11:41:29Z] Writing metrics + run manifest
[2025-09-18T11:41:31Z] Writing metrics + run manifest took 2s
===== TIMINGS SUMMARY =====
Step                                      Seconds
fastp trimming                                 19
bbduk cleanup                                  32
FastQC (raw+clean, concurrent)                 39
Salmon quant                                  273
Kraken2 classification                         34
STAR alignment → sorted BAM                 421
Salmon quant (from STAR transcriptome BAM)      237
Mosdepth coverage + targets (>=8x)             33
MarkDuplicates                                 48
Samtools QC                                    27
Inferring strandedness (auto)                   2
Picard CollectRnaSeqMetrics                     3
SplitNCigarReads (scatter-gather)             565
bcftools calling (scatter raw over targets BED)…      121
bcftools filtering… (QUAL>=30, DP>=10)        2
MultiQC summary                                 3
Packaging QC + logs                             0
Packaging variants                              0
Writing metrics + run manifest                  2
TOTAL                                        1861
[2025-09-18T11:41:31Z] Cleaning expanded alignment directory (keeping logs inside QC tar)
[2025-09-18T11:41:31Z] Success.
[2025-09-18T11:41:31Z] Removing job cache: /cache/SRR8052838
