[2025-09-15T23:22:34Z] Reference bundle directory detected; probing: /indices/Human_GENCODE49_GRCh38/reference
[2025-09-15T23:22:34Z] Using reference in place: /indices/Human_GENCODE49_GRCh38/reference
[2025-09-15T23:22:34Z] GATK reference: /indices/Human_GENCODE49_GRCh38/reference/genome.fa.gz
[2025-09-15T23:22:34Z] STAR index directory detected; using in place: /indices/Human_GENCODE49_GRCh38/star_index
[2025-09-15T23:22:34Z] Salmon index directory detected; using in place: /indices/Human_GENCODE49_GRCh38/salmon_index
[2025-09-15T23:22:34Z] Variant resources directory detected; using in place: /indices/Human_GENCODE49_GRCh38/variant_resources
[2025-09-15T23:22:34Z] Kraken2 input: /indices/Human_GENCODE49_GRCh38/minikraken2_v2_8GB_201904_UPDATE
[2025-09-15T23:22:34Z] Kraken2 DB dir (in place): /indices/Human_GENCODE49_GRCh38/minikraken2_v2_8GB_201904_UPDATE
[2025-09-15T23:22:34Z] fastp trimming
[2025-09-15T23:23:41Z] fastp trimming took 67s
[2025-09-15T23:23:41Z] bbduk cleanup
[2025-09-15T23:25:59Z] bbduk cleanup took 138s
[2025-09-15T23:25:59Z] FastQC (raw+clean, concurrent)
[2025-09-15T23:28:10Z] FastQC (raw+clean, concurrent) took 131s
[2025-09-15T23:28:10Z] Salmon quant
[2025-09-15T23:35:18Z] Salmon quant took 428s
[2025-09-15T23:35:18Z] Kraken2 classification
[2025-09-15T23:36:47Z] Kraken2 classification took 89s
[2025-09-15T23:36:47Z] STAR alignment → sorted BAM
[2025-09-15T23:52:19Z] STAR alignment → sorted BAM took 932s
[2025-09-15T23:52:19Z] Salmon quant (from STAR transcriptome BAM)
[2025-09-15T23:57:54Z] Salmon quant (from STAR transcriptome BAM) took 335s
[2025-09-15T23:57:54Z] Mosdepth coverage + targets (>=8x)
[2025-09-15T23:58:45Z] Mosdepth coverage + targets (>=8x) took 51s
[2025-09-15T23:58:45Z] Note: MarkDuplicates cannot be region-restricted; running on full BAM
[2025-09-15T23:58:45Z] MarkDuplicates
[2025-09-16T00:01:51Z] MarkDuplicates took 186s
[2025-09-16T00:01:51Z] Samtools QC
[2025-09-16T00:03:51Z] Samtools QC took 120s
[2025-09-16T00:03:51Z] Inferring strandedness (auto)
[2025-09-16T00:03:54Z] Inferring strandedness (auto) took 3s
[2025-09-16T00:03:54Z] Picard CollectRnaSeqMetrics
[2025-09-16T00:03:58Z] Picard CollectRnaSeqMetrics took 4s
[2025-09-16T00:03:58Z] SplitNCigarReads (scatter-gather)
[2025-09-16T00:03:58Z] Preparing SplitNCigarReads shards from targets BED: /cache/SRR8052709/coverage/SRR8052709.targets.8x.classical.bed
[2025-09-16T00:03:58Z] SplitNCigarReads (targets): 25 contigs → 2 shards (max procs=2)
[2025-09-16T00:32:40Z] Merging 2 SplitNCigarReads parts (targets)
[2025-09-16T00:33:27Z] Sorting merged SplitNCigarReads BAM
[bam_sort_core] merging from 4 files and 8 in-memory blocks...
[2025-09-16T00:35:00Z] SplitNCigarReads (scatter-gather) took 1862s
[2025-09-16T00:35:00Z] bcftools calling (scatter raw over targets BED)…
[2025-09-16T00:35:00Z] bcftools scatter: 25 contigs → 2 shards (max procs=2)
[2025-09-16T00:38:56Z] Concatenating 2 bcftools shard VCFs
Checking the headers and starting positions of 2 files
Concatenating /cache/SRR8052709/variants/parts/SRR8052709.bcftools.raw.part0.vcf.gz	0.342082 seconds
Concatenating /cache/SRR8052709/variants/parts/SRR8052709.bcftools.raw.part1.vcf.gz	0.268543 seconds
[2025-09-16T00:38:57Z] bcftools calling (scatter raw over targets BED)… took 237s
[2025-09-16T00:38:57Z] bcftools filtering… (QUAL>=30, DP>=10)
Lines   total/split/joined/realigned/mismatch_removed/dup_removed/skipped:	330566/200/0/13409/0/0/0
[2025-09-16T00:39:01Z] bcftools filtering… (QUAL>=30, DP>=10) took 4s
[2025-09-16T00:39:01Z] MultiQC summary
[2025-09-16T00:39:04Z] MultiQC summary took 3s
[2025-09-16T00:39:04Z] Packaging QC + logs
[2025-09-16T00:39:04Z] Packaging QC + logs took 0s
[2025-09-16T00:39:04Z] Packaging variants
[2025-09-16T00:39:04Z] Packaging variants took 0s
[2025-09-16T00:39:04Z] Writing metrics + run manifest
[2025-09-16T00:39:07Z] Writing metrics + run manifest took 3s
===== TIMINGS SUMMARY =====
Step                                      Seconds
fastp trimming                                 67
bbduk cleanup                                 138
FastQC (raw+clean, concurrent)                131
Salmon quant                                  428
Kraken2 classification                         89
STAR alignment → sorted BAM                 932
Salmon quant (from STAR transcriptome BAM)      335
Mosdepth coverage + targets (>=8x)             51
MarkDuplicates                                186
Samtools QC                                   120
Inferring strandedness (auto)                   3
Picard CollectRnaSeqMetrics                     4
SplitNCigarReads (scatter-gather)            1862
bcftools calling (scatter raw over targets BED)…      237
bcftools filtering… (QUAL>=30, DP>=10)        4
MultiQC summary                                 3
Packaging QC + logs                             0
Packaging variants                              0
Writing metrics + run manifest                  3
TOTAL                                        4593
[2025-09-16T00:39:07Z] Cleaning expanded alignment directory (keeping logs inside QC tar)
[2025-09-16T00:39:08Z] Success.
[2025-09-16T00:39:08Z] Removing job cache: /cache/SRR8052709
