[2025-09-17T17:07:00Z] Reference bundle directory detected; probing: /indices/Human_GENCODE49_GRCh38/reference
[2025-09-17T17:07:00Z] Using reference in place: /indices/Human_GENCODE49_GRCh38/reference
[2025-09-17T17:07:00Z] GATK reference: /indices/Human_GENCODE49_GRCh38/reference/genome.fa.gz
[2025-09-17T17:07:00Z] STAR index directory detected; using in place: /indices/Human_GENCODE49_GRCh38/star_index
[2025-09-17T17:07:00Z] Salmon index directory detected; using in place: /indices/Human_GENCODE49_GRCh38/salmon_index
[2025-09-17T17:07:00Z] Variant resources directory detected; using in place: /indices/Human_GENCODE49_GRCh38/variant_resources
[2025-09-17T17:07:00Z] Kraken2 input: /indices/Human_GENCODE49_GRCh38/minikraken2_v2_8GB_201904_UPDATE
[2025-09-17T17:07:00Z] Kraken2 DB dir (in place): /indices/Human_GENCODE49_GRCh38/minikraken2_v2_8GB_201904_UPDATE
[2025-09-17T17:07:00Z] fastp trimming
[2025-09-17T17:08:11Z] fastp trimming took 71s
[2025-09-17T17:08:11Z] bbduk cleanup
[2025-09-17T17:09:45Z] bbduk cleanup took 94s
[2025-09-17T17:09:45Z] FastQC (raw+clean, concurrent)
[2025-09-17T17:12:22Z] FastQC (raw+clean, concurrent) took 157s
[2025-09-17T17:12:22Z] Salmon quant
[2025-09-17T17:19:15Z] Salmon quant took 413s
[2025-09-17T17:19:15Z] Kraken2 classification
[2025-09-17T17:20:42Z] Kraken2 classification took 87s
[2025-09-17T17:20:42Z] STAR alignment → sorted BAM
[2025-09-17T17:33:57Z] STAR alignment → sorted BAM took 795s
[2025-09-17T17:33:57Z] Salmon quant (from STAR transcriptome BAM)
[2025-09-17T17:38:33Z] Salmon quant (from STAR transcriptome BAM) took 276s
[2025-09-17T17:38:33Z] Mosdepth coverage + targets (>=8x)
[2025-09-17T17:39:28Z] Mosdepth coverage + targets (>=8x) took 55s
[2025-09-17T17:39:28Z] Note: MarkDuplicates cannot be region-restricted; running on full BAM
[2025-09-17T17:39:28Z] MarkDuplicates
[2025-09-17T17:41:37Z] MarkDuplicates took 129s
[2025-09-17T17:41:37Z] Samtools QC
[2025-09-17T17:42:38Z] Samtools QC took 61s
[2025-09-17T17:42:38Z] Inferring strandedness (auto)
[2025-09-17T17:42:42Z] Inferring strandedness (auto) took 4s
[2025-09-17T17:42:42Z] Picard CollectRnaSeqMetrics
[2025-09-17T17:42:46Z] Picard CollectRnaSeqMetrics took 4s
[2025-09-17T17:42:46Z] SplitNCigarReads (scatter-gather)
[2025-09-17T17:42:46Z] Preparing SplitNCigarReads shards from targets BED: /cache/SRR8052801/coverage/SRR8052801.targets.8x.classical.bed
[2025-09-17T17:42:46Z] SplitNCigarReads (targets): 25 contigs → 2 shards (max procs=2)
[2025-09-17T18:00:17Z] Merging 2 SplitNCigarReads parts (targets)
[2025-09-17T18:00:44Z] Sorting merged SplitNCigarReads BAM
[bam_sort_core] merging from 2 files and 8 in-memory blocks...
[2025-09-17T18:01:37Z] SplitNCigarReads (scatter-gather) took 1131s
[2025-09-17T18:01:37Z] bcftools calling (scatter raw over targets BED)…
[2025-09-17T18:01:37Z] bcftools scatter: 25 contigs → 2 shards (max procs=2)
[2025-09-17T18:06:17Z] Concatenating 2 bcftools shard VCFs
Checking the headers and starting positions of 2 files
Concatenating /cache/SRR8052801/variants/parts/SRR8052801.bcftools.raw.part0.vcf.gz	0.306709 seconds
Concatenating /cache/SRR8052801/variants/parts/SRR8052801.bcftools.raw.part1.vcf.gz	0.270194 seconds
[2025-09-17T18:06:18Z] bcftools calling (scatter raw over targets BED)… took 281s
[2025-09-17T18:06:18Z] bcftools filtering… (QUAL>=30, DP>=10)
Lines   total/split/joined/realigned/mismatch_removed/dup_removed/skipped:	332551/217/0/17372/0/0/0
[2025-09-17T18:06:21Z] bcftools filtering… (QUAL>=30, DP>=10) took 3s
[2025-09-17T18:06:21Z] MultiQC summary
[2025-09-17T18:06:26Z] MultiQC summary took 5s
[2025-09-17T18:06:26Z] Packaging QC + logs
[2025-09-17T18:06:26Z] Packaging QC + logs took 0s
[2025-09-17T18:06:26Z] Packaging variants
[2025-09-17T18:06:26Z] Packaging variants took 0s
[2025-09-17T18:06:26Z] Writing metrics + run manifest
[2025-09-17T18:06:28Z] Writing metrics + run manifest took 2s
===== TIMINGS SUMMARY =====
Step                                      Seconds
fastp trimming                                 71
bbduk cleanup                                  94
FastQC (raw+clean, concurrent)                157
Salmon quant                                  413
Kraken2 classification                         87
STAR alignment → sorted BAM                 795
Salmon quant (from STAR transcriptome BAM)      276
Mosdepth coverage + targets (>=8x)             55
MarkDuplicates                                129
Samtools QC                                    61
Inferring strandedness (auto)                   4
Picard CollectRnaSeqMetrics                     4
SplitNCigarReads (scatter-gather)            1131
bcftools calling (scatter raw over targets BED)…      281
bcftools filtering… (QUAL>=30, DP>=10)        3
MultiQC summary                                 5
Packaging QC + logs                             0
Packaging variants                              0
Writing metrics + run manifest                  2
TOTAL                                        3568
[2025-09-17T18:06:28Z] Cleaning expanded alignment directory (keeping logs inside QC tar)
[2025-09-17T18:06:29Z] Success.
[2025-09-17T18:06:29Z] Removing job cache: /cache/SRR8052801
