[2025-09-16T20:16:38Z] Reference bundle directory detected; probing: /indices/Human_GENCODE49_GRCh38/reference
[2025-09-16T20:16:38Z] Using reference in place: /indices/Human_GENCODE49_GRCh38/reference
[2025-09-16T20:16:38Z] GATK reference: /indices/Human_GENCODE49_GRCh38/reference/genome.fa.gz
[2025-09-16T20:16:38Z] STAR index directory detected; using in place: /indices/Human_GENCODE49_GRCh38/star_index
[2025-09-16T20:16:38Z] Salmon index directory detected; using in place: /indices/Human_GENCODE49_GRCh38/salmon_index
[2025-09-16T20:16:38Z] Variant resources directory detected; using in place: /indices/Human_GENCODE49_GRCh38/variant_resources
[2025-09-16T20:16:38Z] Kraken2 input: /indices/Human_GENCODE49_GRCh38/minikraken2_v2_8GB_201904_UPDATE
[2025-09-16T20:16:38Z] Kraken2 DB dir (in place): /indices/Human_GENCODE49_GRCh38/minikraken2_v2_8GB_201904_UPDATE
[2025-09-16T20:16:38Z] fastp trimming
[2025-09-16T20:18:32Z] fastp trimming took 114s
[2025-09-16T20:18:32Z] bbduk cleanup
[2025-09-16T20:21:27Z] bbduk cleanup took 175s
[2025-09-16T20:21:27Z] FastQC (raw+clean, concurrent)
[2025-09-16T20:25:12Z] FastQC (raw+clean, concurrent) took 225s
[2025-09-16T20:25:12Z] Salmon quant
[2025-09-16T20:34:34Z] Salmon quant took 562s
[2025-09-16T20:34:34Z] Kraken2 classification
[2025-09-16T20:36:18Z] Kraken2 classification took 104s
[2025-09-16T20:36:18Z] STAR alignment → sorted BAM
[2025-09-16T20:57:56Z] STAR alignment → sorted BAM took 1298s
[2025-09-16T20:57:56Z] Salmon quant (from STAR transcriptome BAM)
[2025-09-16T21:04:32Z] Salmon quant (from STAR transcriptome BAM) took 396s
[2025-09-16T21:04:32Z] Mosdepth coverage + targets (>=8x)
[2025-09-16T21:05:38Z] Mosdepth coverage + targets (>=8x) took 66s
[2025-09-16T21:05:38Z] Note: MarkDuplicates cannot be region-restricted; running on full BAM
[2025-09-16T21:05:38Z] MarkDuplicates
[2025-09-16T21:09:16Z] MarkDuplicates took 218s
[2025-09-16T21:09:16Z] Samtools QC
[2025-09-16T21:11:23Z] Samtools QC took 127s
[2025-09-16T21:11:23Z] Inferring strandedness (auto)
[2025-09-16T21:11:26Z] Inferring strandedness (auto) took 3s
[2025-09-16T21:11:26Z] Picard CollectRnaSeqMetrics
[2025-09-16T21:11:28Z] Picard CollectRnaSeqMetrics took 2s
[2025-09-16T21:11:28Z] SplitNCigarReads (scatter-gather)
[2025-09-16T21:11:28Z] Preparing SplitNCigarReads shards from targets BED: /cache/SRR8052755/coverage/SRR8052755.targets.8x.classical.bed
[2025-09-16T21:11:28Z] SplitNCigarReads (targets): 25 contigs → 2 shards (max procs=2)
[2025-09-16T21:55:16Z] Merging 2 SplitNCigarReads parts (targets)
[2025-09-16T21:56:32Z] Sorting merged SplitNCigarReads BAM
[bam_sort_core] merging from 5 files and 8 in-memory blocks...
[2025-09-16T21:58:22Z] SplitNCigarReads (scatter-gather) took 2814s
[2025-09-16T21:58:22Z] bcftools calling (scatter raw over targets BED)…
[2025-09-16T21:58:22Z] bcftools scatter: 25 contigs → 2 shards (max procs=2)
[2025-09-16T22:06:01Z] Concatenating 2 bcftools shard VCFs
Checking the headers and starting positions of 2 files
Concatenating /cache/SRR8052755/variants/parts/SRR8052755.bcftools.raw.part0.vcf.gz	0.843462 seconds
Concatenating /cache/SRR8052755/variants/parts/SRR8052755.bcftools.raw.part1.vcf.gz	0.619097 seconds
[2025-09-16T22:06:03Z] bcftools calling (scatter raw over targets BED)… took 461s
[2025-09-16T22:06:03Z] bcftools filtering… (QUAL>=30, DP>=10)
Lines   total/split/joined/realigned/mismatch_removed/dup_removed/skipped:	671687/610/0/35731/0/0/0
[2025-09-16T22:06:07Z] bcftools filtering… (QUAL>=30, DP>=10) took 4s
[2025-09-16T22:06:07Z] MultiQC summary
[2025-09-16T22:06:10Z] MultiQC summary took 3s
[2025-09-16T22:06:10Z] Packaging QC + logs
[2025-09-16T22:06:11Z] Packaging QC + logs took 1s
[2025-09-16T22:06:11Z] Packaging variants
[2025-09-16T22:06:11Z] Packaging variants took 0s
[2025-09-16T22:06:11Z] Writing metrics + run manifest
[2025-09-16T22:06:12Z] Writing metrics + run manifest took 1s
===== TIMINGS SUMMARY =====
Step                                      Seconds
fastp trimming                                114
bbduk cleanup                                 175
FastQC (raw+clean, concurrent)                225
Salmon quant                                  562
Kraken2 classification                        104
STAR alignment → sorted BAM                1298
Salmon quant (from STAR transcriptome BAM)      396
Mosdepth coverage + targets (>=8x)             66
MarkDuplicates                                218
Samtools QC                                   127
Inferring strandedness (auto)                   3
Picard CollectRnaSeqMetrics                     2
SplitNCigarReads (scatter-gather)            2814
bcftools calling (scatter raw over targets BED)…      461
bcftools filtering… (QUAL>=30, DP>=10)        4
MultiQC summary                                 3
Packaging QC + logs                             1
Packaging variants                              0
Writing metrics + run manifest                  1
TOTAL                                        6574
[2025-09-16T22:06:12Z] Cleaning expanded alignment directory (keeping logs inside QC tar)
[2025-09-16T22:06:13Z] Success.
[2025-09-16T22:06:13Z] Removing job cache: /cache/SRR8052755
