[2025-09-17T09:23:33Z] Reference bundle directory detected; probing: /indices/Human_GENCODE49_GRCh38/reference
[2025-09-17T09:23:33Z] Using reference in place: /indices/Human_GENCODE49_GRCh38/reference
[2025-09-17T09:23:33Z] GATK reference: /indices/Human_GENCODE49_GRCh38/reference/genome.fa.gz
[2025-09-17T09:23:33Z] STAR index directory detected; using in place: /indices/Human_GENCODE49_GRCh38/star_index
[2025-09-17T09:23:33Z] Salmon index directory detected; using in place: /indices/Human_GENCODE49_GRCh38/salmon_index
[2025-09-17T09:23:33Z] Variant resources directory detected; using in place: /indices/Human_GENCODE49_GRCh38/variant_resources
[2025-09-17T09:23:33Z] Kraken2 input: /indices/Human_GENCODE49_GRCh38/minikraken2_v2_8GB_201904_UPDATE
[2025-09-17T09:23:33Z] Kraken2 DB dir (in place): /indices/Human_GENCODE49_GRCh38/minikraken2_v2_8GB_201904_UPDATE
[2025-09-17T09:23:33Z] fastp trimming
[2025-09-17T09:24:33Z] fastp trimming took 60s
[2025-09-17T09:24:33Z] bbduk cleanup
[2025-09-17T09:26:22Z] bbduk cleanup took 109s
[2025-09-17T09:26:22Z] FastQC (raw+clean, concurrent)
[2025-09-17T09:28:18Z] FastQC (raw+clean, concurrent) took 116s
[2025-09-17T09:28:18Z] Salmon quant
[2025-09-17T09:35:15Z] Salmon quant took 417s
[2025-09-17T09:35:15Z] Kraken2 classification
[2025-09-17T09:36:47Z] Kraken2 classification took 92s
[2025-09-17T09:36:47Z] STAR alignment → sorted BAM
[2025-09-17T09:52:35Z] STAR alignment → sorted BAM took 948s
[2025-09-17T09:52:35Z] Salmon quant (from STAR transcriptome BAM)
[2025-09-17T09:57:56Z] Salmon quant (from STAR transcriptome BAM) took 321s
[2025-09-17T09:57:56Z] Mosdepth coverage + targets (>=8x)
[2025-09-17T09:58:53Z] Mosdepth coverage + targets (>=8x) took 57s
[2025-09-17T09:58:53Z] Note: MarkDuplicates cannot be region-restricted; running on full BAM
[2025-09-17T09:58:53Z] MarkDuplicates
[2025-09-17T10:01:21Z] MarkDuplicates took 148s
[2025-09-17T10:01:21Z] Samtools QC
[2025-09-17T10:02:35Z] Samtools QC took 74s
[2025-09-17T10:02:35Z] Inferring strandedness (auto)
[2025-09-17T10:02:37Z] Inferring strandedness (auto) took 2s
[2025-09-17T10:02:37Z] Picard CollectRnaSeqMetrics
[2025-09-17T10:02:39Z] Picard CollectRnaSeqMetrics took 2s
[2025-09-17T10:02:39Z] SplitNCigarReads (scatter-gather)
[2025-09-17T10:02:39Z] Preparing SplitNCigarReads shards from targets BED: /cache/SRR8052784/coverage/SRR8052784.targets.8x.classical.bed
[2025-09-17T10:02:40Z] SplitNCigarReads (targets): 25 contigs → 2 shards (max procs=2)
[2025-09-17T10:27:41Z] Merging 2 SplitNCigarReads parts (targets)
[2025-09-17T10:28:21Z] Sorting merged SplitNCigarReads BAM
[bam_sort_core] merging from 3 files and 8 in-memory blocks...
[2025-09-17T10:29:31Z] SplitNCigarReads (scatter-gather) took 1612s
[2025-09-17T10:29:31Z] bcftools calling (scatter raw over targets BED)…
[2025-09-17T10:29:31Z] bcftools scatter: 25 contigs → 2 shards (max procs=2)
[2025-09-17T10:34:58Z] Concatenating 2 bcftools shard VCFs
Checking the headers and starting positions of 2 files
Concatenating /cache/SRR8052784/variants/parts/SRR8052784.bcftools.raw.part0.vcf.gz	0.649513 seconds
Concatenating /cache/SRR8052784/variants/parts/SRR8052784.bcftools.raw.part1.vcf.gz	0.361171 seconds
[2025-09-17T10:34:59Z] bcftools calling (scatter raw over targets BED)… took 328s
[2025-09-17T10:34:59Z] bcftools filtering… (QUAL>=30, DP>=10)
Lines   total/split/joined/realigned/mismatch_removed/dup_removed/skipped:	411233/327/0/22079/0/0/0
[2025-09-17T10:35:03Z] bcftools filtering… (QUAL>=30, DP>=10) took 4s
[2025-09-17T10:35:03Z] MultiQC summary
[2025-09-17T10:35:06Z] MultiQC summary took 3s
[2025-09-17T10:35:06Z] Packaging QC + logs
[2025-09-17T10:35:06Z] Packaging QC + logs took 0s
[2025-09-17T10:35:06Z] Packaging variants
[2025-09-17T10:35:06Z] Packaging variants took 0s
[2025-09-17T10:35:06Z] Writing metrics + run manifest
[2025-09-17T10:35:08Z] Writing metrics + run manifest took 2s
===== TIMINGS SUMMARY =====
Step                                      Seconds
fastp trimming                                 60
bbduk cleanup                                 109
FastQC (raw+clean, concurrent)                116
Salmon quant                                  417
Kraken2 classification                         92
STAR alignment → sorted BAM                 948
Salmon quant (from STAR transcriptome BAM)      321
Mosdepth coverage + targets (>=8x)             57
MarkDuplicates                                148
Samtools QC                                    74
Inferring strandedness (auto)                   2
Picard CollectRnaSeqMetrics                     2
SplitNCigarReads (scatter-gather)            1612
bcftools calling (scatter raw over targets BED)…      328
bcftools filtering… (QUAL>=30, DP>=10)        4
MultiQC summary                                 3
Packaging QC + logs                             0
Packaging variants                              0
Writing metrics + run manifest                  2
TOTAL                                        4295
[2025-09-17T10:35:08Z] Cleaning expanded alignment directory (keeping logs inside QC tar)
[2025-09-17T10:35:09Z] Success.
[2025-09-17T10:35:09Z] Removing job cache: /cache/SRR8052784
