[2025-09-17T14:59:41Z] Reference bundle directory detected; probing: /indices/Human_GENCODE49_GRCh38/reference
[2025-09-17T14:59:41Z] Using reference in place: /indices/Human_GENCODE49_GRCh38/reference
[2025-09-17T14:59:41Z] GATK reference: /indices/Human_GENCODE49_GRCh38/reference/genome.fa.gz
[2025-09-17T14:59:41Z] STAR index directory detected; using in place: /indices/Human_GENCODE49_GRCh38/star_index
[2025-09-17T14:59:41Z] Salmon index directory detected; using in place: /indices/Human_GENCODE49_GRCh38/salmon_index
[2025-09-17T14:59:41Z] Variant resources directory detected; using in place: /indices/Human_GENCODE49_GRCh38/variant_resources
[2025-09-17T14:59:41Z] Kraken2 input: /indices/Human_GENCODE49_GRCh38/minikraken2_v2_8GB_201904_UPDATE
[2025-09-17T14:59:41Z] Kraken2 DB dir (in place): /indices/Human_GENCODE49_GRCh38/minikraken2_v2_8GB_201904_UPDATE
[2025-09-17T14:59:41Z] fastp trimming
[2025-09-17T15:01:14Z] fastp trimming took 93s
[2025-09-17T15:01:14Z] bbduk cleanup
[2025-09-17T15:04:00Z] bbduk cleanup took 166s
[2025-09-17T15:04:00Z] FastQC (raw+clean, concurrent)
[2025-09-17T15:07:08Z] FastQC (raw+clean, concurrent) took 188s
[2025-09-17T15:07:08Z] Salmon quant
[2025-09-17T15:17:04Z] Salmon quant took 596s
[2025-09-17T15:17:04Z] Kraken2 classification
[2025-09-17T15:18:54Z] Kraken2 classification took 110s
[2025-09-17T15:18:54Z] STAR alignment → sorted BAM
[2025-09-17T15:40:10Z] STAR alignment → sorted BAM took 1276s
[2025-09-17T15:40:10Z] Salmon quant (from STAR transcriptome BAM)
[2025-09-17T15:47:22Z] Salmon quant (from STAR transcriptome BAM) took 432s
[2025-09-17T15:47:22Z] Mosdepth coverage + targets (>=8x)
[2025-09-17T15:48:30Z] Mosdepth coverage + targets (>=8x) took 68s
[2025-09-17T15:48:30Z] Note: MarkDuplicates cannot be region-restricted; running on full BAM
[2025-09-17T15:48:30Z] MarkDuplicates
[2025-09-17T15:51:35Z] MarkDuplicates took 185s
[2025-09-17T15:51:35Z] Samtools QC
[2025-09-17T15:54:16Z] Samtools QC took 161s
[2025-09-17T15:54:16Z] Inferring strandedness (auto)
[2025-09-17T15:54:19Z] Inferring strandedness (auto) took 3s
[2025-09-17T15:54:19Z] Picard CollectRnaSeqMetrics
[2025-09-17T15:54:22Z] Picard CollectRnaSeqMetrics took 3s
[2025-09-17T15:54:22Z] SplitNCigarReads (scatter-gather)
[2025-09-17T15:54:22Z] Preparing SplitNCigarReads shards from targets BED: /cache/SRR8052796/coverage/SRR8052796.targets.8x.classical.bed
[2025-09-17T15:54:22Z] SplitNCigarReads (targets): 25 contigs → 2 shards (max procs=2)
[2025-09-17T16:38:13Z] Merging 2 SplitNCigarReads parts (targets)
[2025-09-17T16:39:20Z] Sorting merged SplitNCigarReads BAM
[bam_sort_core] merging from 6 files and 8 in-memory blocks...
[2025-09-17T16:41:33Z] SplitNCigarReads (scatter-gather) took 2831s
[2025-09-17T16:41:33Z] bcftools calling (scatter raw over targets BED)…
[2025-09-17T16:41:33Z] bcftools scatter: 25 contigs → 2 shards (max procs=2)
[2025-09-17T16:47:49Z] Concatenating 2 bcftools shard VCFs
Checking the headers and starting positions of 2 files
Concatenating /cache/SRR8052796/variants/parts/SRR8052796.bcftools.raw.part0.vcf.gz	0.709806 seconds
Concatenating /cache/SRR8052796/variants/parts/SRR8052796.bcftools.raw.part1.vcf.gz	0.318786 seconds
[2025-09-17T16:47:51Z] bcftools calling (scatter raw over targets BED)… took 378s
[2025-09-17T16:47:51Z] bcftools filtering… (QUAL>=30, DP>=10)
Lines   total/split/joined/realigned/mismatch_removed/dup_removed/skipped:	541524/391/0/22401/0/0/0
[2025-09-17T16:47:54Z] bcftools filtering… (QUAL>=30, DP>=10) took 3s
[2025-09-17T16:47:54Z] MultiQC summary
[2025-09-17T16:47:57Z] MultiQC summary took 3s
[2025-09-17T16:47:57Z] Packaging QC + logs
[2025-09-17T16:47:57Z] Packaging QC + logs took 0s
[2025-09-17T16:47:57Z] Packaging variants
[2025-09-17T16:47:57Z] Packaging variants took 0s
[2025-09-17T16:47:57Z] Writing metrics + run manifest
[2025-09-17T16:47:59Z] Writing metrics + run manifest took 2s
===== TIMINGS SUMMARY =====
Step                                      Seconds
fastp trimming                                 93
bbduk cleanup                                 166
FastQC (raw+clean, concurrent)                188
Salmon quant                                  596
Kraken2 classification                        110
STAR alignment → sorted BAM                1276
Salmon quant (from STAR transcriptome BAM)      432
Mosdepth coverage + targets (>=8x)             68
MarkDuplicates                                185
Samtools QC                                   161
Inferring strandedness (auto)                   3
Picard CollectRnaSeqMetrics                     3
SplitNCigarReads (scatter-gather)            2831
bcftools calling (scatter raw over targets BED)…      378
bcftools filtering… (QUAL>=30, DP>=10)        3
MultiQC summary                                 3
Packaging QC + logs                             0
Packaging variants                              0
Writing metrics + run manifest                  2
TOTAL                                        6498
[2025-09-17T16:47:59Z] Cleaning expanded alignment directory (keeping logs inside QC tar)
[2025-09-17T16:48:00Z] Success.
[2025-09-17T16:48:00Z] Removing job cache: /cache/SRR8052796
