[2025-09-17T20:40:46Z] Reference bundle directory detected; probing: /indices/Human_GENCODE49_GRCh38/reference
[2025-09-17T20:40:46Z] Using reference in place: /indices/Human_GENCODE49_GRCh38/reference
[2025-09-17T20:40:46Z] GATK reference: /indices/Human_GENCODE49_GRCh38/reference/genome.fa.gz
[2025-09-17T20:40:46Z] STAR index directory detected; using in place: /indices/Human_GENCODE49_GRCh38/star_index
[2025-09-17T20:40:46Z] Salmon index directory detected; using in place: /indices/Human_GENCODE49_GRCh38/salmon_index
[2025-09-17T20:40:46Z] Variant resources directory detected; using in place: /indices/Human_GENCODE49_GRCh38/variant_resources
[2025-09-17T20:40:46Z] Kraken2 input: /indices/Human_GENCODE49_GRCh38/minikraken2_v2_8GB_201904_UPDATE
[2025-09-17T20:40:46Z] Kraken2 DB dir (in place): /indices/Human_GENCODE49_GRCh38/minikraken2_v2_8GB_201904_UPDATE
[2025-09-17T20:40:46Z] fastp trimming
[2025-09-17T20:41:33Z] fastp trimming took 47s
[2025-09-17T20:41:33Z] bbduk cleanup
[2025-09-17T20:42:59Z] bbduk cleanup took 86s
[2025-09-17T20:42:59Z] FastQC (raw+clean, concurrent)
[2025-09-17T20:44:46Z] FastQC (raw+clean, concurrent) took 107s
[2025-09-17T20:44:46Z] Salmon quant
[2025-09-17T20:51:44Z] Salmon quant took 418s
[2025-09-17T20:51:44Z] Kraken2 classification
[2025-09-17T20:52:39Z] Kraken2 classification took 55s
[2025-09-17T20:52:39Z] STAR alignment → sorted BAM
[2025-09-17T21:05:43Z] STAR alignment → sorted BAM took 784s
[2025-09-17T21:05:43Z] Salmon quant (from STAR transcriptome BAM)
[2025-09-17T21:10:44Z] Salmon quant (from STAR transcriptome BAM) took 301s
[2025-09-17T21:10:44Z] Mosdepth coverage + targets (>=8x)
[2025-09-17T21:11:35Z] Mosdepth coverage + targets (>=8x) took 51s
[2025-09-17T21:11:35Z] Note: MarkDuplicates cannot be region-restricted; running on full BAM
[2025-09-17T21:11:35Z] MarkDuplicates
[2025-09-17T21:13:28Z] MarkDuplicates took 113s
[2025-09-17T21:13:28Z] Samtools QC
[2025-09-17T21:14:33Z] Samtools QC took 65s
[2025-09-17T21:14:33Z] Inferring strandedness (auto)
[2025-09-17T21:14:35Z] Inferring strandedness (auto) took 2s
[2025-09-17T21:14:35Z] Picard CollectRnaSeqMetrics
[2025-09-17T21:14:38Z] Picard CollectRnaSeqMetrics took 3s
[2025-09-17T21:14:38Z] SplitNCigarReads (scatter-gather)
[2025-09-17T21:14:38Z] Preparing SplitNCigarReads shards from targets BED: /cache/SRR8052810/coverage/SRR8052810.targets.8x.classical.bed
[2025-09-17T21:14:38Z] SplitNCigarReads (targets): 25 contigs → 2 shards (max procs=2)
[2025-09-17T21:35:28Z] Merging 2 SplitNCigarReads parts (targets)
[2025-09-17T21:36:06Z] Sorting merged SplitNCigarReads BAM
[bam_sort_core] merging from 3 files and 8 in-memory blocks...
[2025-09-17T21:37:32Z] SplitNCigarReads (scatter-gather) took 1374s
[2025-09-17T21:37:32Z] bcftools calling (scatter raw over targets BED)…
[2025-09-17T21:37:32Z] bcftools scatter: 25 contigs → 2 shards (max procs=2)
[2025-09-17T21:41:47Z] Concatenating 2 bcftools shard VCFs
Checking the headers and starting positions of 2 files
Concatenating /cache/SRR8052810/variants/parts/SRR8052810.bcftools.raw.part0.vcf.gz	0.286966 seconds
Concatenating /cache/SRR8052810/variants/parts/SRR8052810.bcftools.raw.part1.vcf.gz	0.221860 seconds
[2025-09-17T21:41:48Z] bcftools calling (scatter raw over targets BED)… took 256s
[2025-09-17T21:41:48Z] bcftools filtering… (QUAL>=30, DP>=10)
Lines   total/split/joined/realigned/mismatch_removed/dup_removed/skipped:	313313/222/0/16184/0/0/0
[2025-09-17T21:41:51Z] bcftools filtering… (QUAL>=30, DP>=10) took 3s
[2025-09-17T21:41:51Z] MultiQC summary
[2025-09-17T21:41:54Z] MultiQC summary took 3s
[2025-09-17T21:41:54Z] Packaging QC + logs
[2025-09-17T21:41:55Z] Packaging QC + logs took 1s
[2025-09-17T21:41:55Z] Packaging variants
[2025-09-17T21:41:55Z] Packaging variants took 0s
[2025-09-17T21:41:55Z] Writing metrics + run manifest
[2025-09-17T21:41:59Z] Writing metrics + run manifest took 4s
===== TIMINGS SUMMARY =====
Step                                      Seconds
fastp trimming                                 47
bbduk cleanup                                  86
FastQC (raw+clean, concurrent)                107
Salmon quant                                  418
Kraken2 classification                         55
STAR alignment → sorted BAM                 784
Salmon quant (from STAR transcriptome BAM)      301
Mosdepth coverage + targets (>=8x)             51
MarkDuplicates                                113
Samtools QC                                    65
Inferring strandedness (auto)                   2
Picard CollectRnaSeqMetrics                     3
SplitNCigarReads (scatter-gather)            1374
bcftools calling (scatter raw over targets BED)…      256
bcftools filtering… (QUAL>=30, DP>=10)        3
MultiQC summary                                 3
Packaging QC + logs                             1
Packaging variants                              0
Writing metrics + run manifest                  4
TOTAL                                        3673
[2025-09-17T21:41:59Z] Cleaning expanded alignment directory (keeping logs inside QC tar)
[2025-09-17T21:41:59Z] Success.
[2025-09-17T21:41:59Z] Removing job cache: /cache/SRR8052810
