[2025-09-16T06:57:49Z] Reference bundle directory detected; probing: /indices/Human_GENCODE49_GRCh38/reference
[2025-09-16T06:57:49Z] Using reference in place: /indices/Human_GENCODE49_GRCh38/reference
[2025-09-16T06:57:49Z] GATK reference: /indices/Human_GENCODE49_GRCh38/reference/genome.fa.gz
[2025-09-16T06:57:49Z] STAR index directory detected; using in place: /indices/Human_GENCODE49_GRCh38/star_index
[2025-09-16T06:57:49Z] Salmon index directory detected; using in place: /indices/Human_GENCODE49_GRCh38/salmon_index
[2025-09-16T06:57:49Z] Variant resources directory detected; using in place: /indices/Human_GENCODE49_GRCh38/variant_resources
[2025-09-16T06:57:49Z] Kraken2 input: /indices/Human_GENCODE49_GRCh38/minikraken2_v2_8GB_201904_UPDATE
[2025-09-16T06:57:49Z] Kraken2 DB dir (in place): /indices/Human_GENCODE49_GRCh38/minikraken2_v2_8GB_201904_UPDATE
[2025-09-16T06:57:49Z] fastp trimming
[2025-09-16T06:59:16Z] fastp trimming took 87s
[2025-09-16T06:59:16Z] bbduk cleanup
[2025-09-16T07:01:55Z] bbduk cleanup took 159s
[2025-09-16T07:01:55Z] FastQC (raw+clean, concurrent)
[2025-09-16T07:04:45Z] FastQC (raw+clean, concurrent) took 170s
[2025-09-16T07:04:45Z] Salmon quant
[2025-09-16T07:14:31Z] Salmon quant took 586s
[2025-09-16T07:14:31Z] Kraken2 classification
[2025-09-16T07:16:18Z] Kraken2 classification took 107s
[2025-09-16T07:16:18Z] STAR alignment → sorted BAM
[2025-09-16T07:36:09Z] STAR alignment → sorted BAM took 1191s
[2025-09-16T07:36:09Z] Salmon quant (from STAR transcriptome BAM)
[2025-09-16T07:42:41Z] Salmon quant (from STAR transcriptome BAM) took 392s
[2025-09-16T07:42:41Z] Mosdepth coverage + targets (>=8x)
[2025-09-16T07:43:39Z] Mosdepth coverage + targets (>=8x) took 58s
[2025-09-16T07:43:39Z] Note: MarkDuplicates cannot be region-restricted; running on full BAM
[2025-09-16T07:43:39Z] MarkDuplicates
[2025-09-16T07:46:20Z] MarkDuplicates took 161s
[2025-09-16T07:46:20Z] Samtools QC
[2025-09-16T07:48:11Z] Samtools QC took 111s
[2025-09-16T07:48:11Z] Inferring strandedness (auto)
[2025-09-16T07:48:14Z] Inferring strandedness (auto) took 3s
[2025-09-16T07:48:14Z] Picard CollectRnaSeqMetrics
[2025-09-16T07:48:16Z] Picard CollectRnaSeqMetrics took 2s
[2025-09-16T07:48:16Z] SplitNCigarReads (scatter-gather)
[2025-09-16T07:48:16Z] Preparing SplitNCigarReads shards from targets BED: /cache/SRR8052726/coverage/SRR8052726.targets.8x.classical.bed
[2025-09-16T07:48:16Z] SplitNCigarReads (targets): 25 contigs → 2 shards (max procs=2)
[2025-09-16T08:21:01Z] Merging 2 SplitNCigarReads parts (targets)
[2025-09-16T08:22:29Z] Sorting merged SplitNCigarReads BAM
[bam_sort_core] merging from 5 files and 8 in-memory blocks...
[2025-09-16T08:24:26Z] SplitNCigarReads (scatter-gather) took 2170s
[2025-09-16T08:24:26Z] bcftools calling (scatter raw over targets BED)…
[2025-09-16T08:24:26Z] bcftools scatter: 25 contigs → 2 shards (max procs=2)
[2025-09-16T08:32:19Z] Concatenating 2 bcftools shard VCFs
Checking the headers and starting positions of 2 files
Concatenating /cache/SRR8052726/variants/parts/SRR8052726.bcftools.raw.part0.vcf.gz	0.657388 seconds
Concatenating /cache/SRR8052726/variants/parts/SRR8052726.bcftools.raw.part1.vcf.gz	0.394445 seconds
[2025-09-16T08:32:20Z] bcftools calling (scatter raw over targets BED)… took 474s
[2025-09-16T08:32:20Z] bcftools filtering… (QUAL>=30, DP>=10)
Lines   total/split/joined/realigned/mismatch_removed/dup_removed/skipped:	515805/462/0/26575/0/0/0
[2025-09-16T08:32:24Z] bcftools filtering… (QUAL>=30, DP>=10) took 4s
[2025-09-16T08:32:24Z] MultiQC summary
[2025-09-16T08:32:27Z] MultiQC summary took 3s
[2025-09-16T08:32:27Z] Packaging QC + logs
[2025-09-16T08:32:28Z] Packaging QC + logs took 1s
[2025-09-16T08:32:28Z] Packaging variants
[2025-09-16T08:32:28Z] Packaging variants took 0s
[2025-09-16T08:32:28Z] Writing metrics + run manifest
[2025-09-16T08:32:29Z] Writing metrics + run manifest took 1s
===== TIMINGS SUMMARY =====
Step                                      Seconds
fastp trimming                                 87
bbduk cleanup                                 159
FastQC (raw+clean, concurrent)                170
Salmon quant                                  586
Kraken2 classification                        107
STAR alignment → sorted BAM                1191
Salmon quant (from STAR transcriptome BAM)      392
Mosdepth coverage + targets (>=8x)             58
MarkDuplicates                                161
Samtools QC                                   111
Inferring strandedness (auto)                   3
Picard CollectRnaSeqMetrics                     2
SplitNCigarReads (scatter-gather)            2170
bcftools calling (scatter raw over targets BED)…      474
bcftools filtering… (QUAL>=30, DP>=10)        4
MultiQC summary                                 3
Packaging QC + logs                             1
Packaging variants                              0
Writing metrics + run manifest                  1
TOTAL                                        5680
[2025-09-16T08:32:29Z] Cleaning expanded alignment directory (keeping logs inside QC tar)
[2025-09-16T08:32:30Z] Success.
[2025-09-16T08:32:30Z] Removing job cache: /cache/SRR8052726
