[2025-09-16T12:31:26Z] Reference bundle directory detected; probing: /indices/Human_GENCODE49_GRCh38/reference
[2025-09-16T12:31:26Z] Using reference in place: /indices/Human_GENCODE49_GRCh38/reference
[2025-09-16T12:31:26Z] GATK reference: /indices/Human_GENCODE49_GRCh38/reference/genome.fa.gz
[2025-09-16T12:31:26Z] STAR index directory detected; using in place: /indices/Human_GENCODE49_GRCh38/star_index
[2025-09-16T12:31:26Z] Salmon index directory detected; using in place: /indices/Human_GENCODE49_GRCh38/salmon_index
[2025-09-16T12:31:26Z] Variant resources directory detected; using in place: /indices/Human_GENCODE49_GRCh38/variant_resources
[2025-09-16T12:31:26Z] Kraken2 input: /indices/Human_GENCODE49_GRCh38/minikraken2_v2_8GB_201904_UPDATE
[2025-09-16T12:31:26Z] Kraken2 DB dir (in place): /indices/Human_GENCODE49_GRCh38/minikraken2_v2_8GB_201904_UPDATE
[2025-09-16T12:31:26Z] fastp trimming
[2025-09-16T12:32:26Z] fastp trimming took 60s
[2025-09-16T12:32:26Z] bbduk cleanup
[2025-09-16T12:34:13Z] bbduk cleanup took 107s
[2025-09-16T12:34:13Z] FastQC (raw+clean, concurrent)
[2025-09-16T12:36:24Z] FastQC (raw+clean, concurrent) took 131s
[2025-09-16T12:36:24Z] Salmon quant
[2025-09-16T12:44:51Z] Salmon quant took 507s
[2025-09-16T12:44:51Z] Kraken2 classification
[2025-09-16T12:46:03Z] Kraken2 classification took 72s
[2025-09-16T12:46:03Z] STAR alignment → sorted BAM
[2025-09-16T13:03:26Z] STAR alignment → sorted BAM took 1043s
[2025-09-16T13:03:26Z] Salmon quant (from STAR transcriptome BAM)
[2025-09-16T13:08:55Z] Salmon quant (from STAR transcriptome BAM) took 329s
[2025-09-16T13:08:55Z] Mosdepth coverage + targets (>=8x)
[2025-09-16T13:09:47Z] Mosdepth coverage + targets (>=8x) took 52s
[2025-09-16T13:09:47Z] Note: MarkDuplicates cannot be region-restricted; running on full BAM
[2025-09-16T13:09:47Z] MarkDuplicates
[2025-09-16T13:13:08Z] MarkDuplicates took 201s
[2025-09-16T13:13:08Z] Samtools QC
[2025-09-16T13:14:54Z] Samtools QC took 106s
[2025-09-16T13:14:54Z] Inferring strandedness (auto)
[2025-09-16T13:14:56Z] Inferring strandedness (auto) took 2s
[2025-09-16T13:14:56Z] Picard CollectRnaSeqMetrics
[2025-09-16T13:14:59Z] Picard CollectRnaSeqMetrics took 3s
[2025-09-16T13:14:59Z] SplitNCigarReads (scatter-gather)
[2025-09-16T13:14:59Z] Preparing SplitNCigarReads shards from targets BED: /cache/SRR8052737/coverage/SRR8052737.targets.8x.classical.bed
[2025-09-16T13:14:59Z] SplitNCigarReads (targets): 25 contigs → 2 shards (max procs=2)
[2025-09-16T13:45:33Z] Merging 2 SplitNCigarReads parts (targets)
[2025-09-16T13:46:18Z] Sorting merged SplitNCigarReads BAM
[bam_sort_core] merging from 4 files and 8 in-memory blocks...
[2025-09-16T13:47:44Z] SplitNCigarReads (scatter-gather) took 1965s
[2025-09-16T13:47:44Z] bcftools calling (scatter raw over targets BED)…
[2025-09-16T13:47:44Z] bcftools scatter: 25 contigs → 2 shards (max procs=2)
[2025-09-16T13:51:38Z] Concatenating 2 bcftools shard VCFs
Checking the headers and starting positions of 2 files
Concatenating /cache/SRR8052737/variants/parts/SRR8052737.bcftools.raw.part0.vcf.gz	0.300601 seconds
Concatenating /cache/SRR8052737/variants/parts/SRR8052737.bcftools.raw.part1.vcf.gz	0.203397 seconds
[2025-09-16T13:51:39Z] bcftools calling (scatter raw over targets BED)… took 235s
[2025-09-16T13:51:39Z] bcftools filtering… (QUAL>=30, DP>=10)
Lines   total/split/joined/realigned/mismatch_removed/dup_removed/skipped:	300093/169/0/11959/0/0/0
[2025-09-16T13:51:42Z] bcftools filtering… (QUAL>=30, DP>=10) took 3s
[2025-09-16T13:51:42Z] MultiQC summary
[2025-09-16T13:51:44Z] MultiQC summary took 2s
[2025-09-16T13:51:44Z] Packaging QC + logs
[2025-09-16T13:51:45Z] Packaging QC + logs took 1s
[2025-09-16T13:51:45Z] Packaging variants
[2025-09-16T13:51:45Z] Packaging variants took 0s
[2025-09-16T13:51:45Z] Writing metrics + run manifest
[2025-09-16T13:51:46Z] Writing metrics + run manifest took 1s
===== TIMINGS SUMMARY =====
Step                                      Seconds
fastp trimming                                 60
bbduk cleanup                                 107
FastQC (raw+clean, concurrent)                131
Salmon quant                                  507
Kraken2 classification                         72
STAR alignment → sorted BAM                1043
Salmon quant (from STAR transcriptome BAM)      329
Mosdepth coverage + targets (>=8x)             52
MarkDuplicates                                201
Samtools QC                                   106
Inferring strandedness (auto)                   2
Picard CollectRnaSeqMetrics                     3
SplitNCigarReads (scatter-gather)            1965
bcftools calling (scatter raw over targets BED)…      235
bcftools filtering… (QUAL>=30, DP>=10)        3
MultiQC summary                                 2
Packaging QC + logs                             1
Packaging variants                              0
Writing metrics + run manifest                  1
TOTAL                                        4820
[2025-09-16T13:51:46Z] Cleaning expanded alignment directory (keeping logs inside QC tar)
[2025-09-16T13:51:48Z] Success.
[2025-09-16T13:51:48Z] Removing job cache: /cache/SRR8052737
