[2025-09-16T17:01:21Z] Reference bundle directory detected; probing: /indices/Human_GENCODE49_GRCh38/reference
[2025-09-16T17:01:21Z] Using reference in place: /indices/Human_GENCODE49_GRCh38/reference
[2025-09-16T17:01:21Z] GATK reference: /indices/Human_GENCODE49_GRCh38/reference/genome.fa.gz
[2025-09-16T17:01:21Z] STAR index directory detected; using in place: /indices/Human_GENCODE49_GRCh38/star_index
[2025-09-16T17:01:21Z] Salmon index directory detected; using in place: /indices/Human_GENCODE49_GRCh38/salmon_index
[2025-09-16T17:01:21Z] Variant resources directory detected; using in place: /indices/Human_GENCODE49_GRCh38/variant_resources
[2025-09-16T17:01:21Z] Kraken2 input: /indices/Human_GENCODE49_GRCh38/minikraken2_v2_8GB_201904_UPDATE
[2025-09-16T17:01:21Z] Kraken2 DB dir (in place): /indices/Human_GENCODE49_GRCh38/minikraken2_v2_8GB_201904_UPDATE
[2025-09-16T17:01:21Z] fastp trimming
[2025-09-16T17:02:46Z] fastp trimming took 85s
[2025-09-16T17:02:46Z] bbduk cleanup
[2025-09-16T17:05:12Z] bbduk cleanup took 146s
[2025-09-16T17:05:12Z] FastQC (raw+clean, concurrent)
[2025-09-16T17:08:30Z] FastQC (raw+clean, concurrent) took 198s
[2025-09-16T17:08:30Z] Salmon quant
[2025-09-16T17:16:43Z] Salmon quant took 493s
[2025-09-16T17:16:43Z] Kraken2 classification
[2025-09-16T17:18:17Z] Kraken2 classification took 94s
[2025-09-16T17:18:17Z] STAR alignment → sorted BAM
[2025-09-16T17:37:21Z] STAR alignment → sorted BAM took 1144s
[2025-09-16T17:37:21Z] Salmon quant (from STAR transcriptome BAM)
[2025-09-16T17:43:43Z] Salmon quant (from STAR transcriptome BAM) took 382s
[2025-09-16T17:43:43Z] Mosdepth coverage + targets (>=8x)
[2025-09-16T17:44:44Z] Mosdepth coverage + targets (>=8x) took 61s
[2025-09-16T17:44:44Z] Note: MarkDuplicates cannot be region-restricted; running on full BAM
[2025-09-16T17:44:44Z] MarkDuplicates
[2025-09-16T17:47:24Z] MarkDuplicates took 160s
[2025-09-16T17:47:24Z] Samtools QC
[2025-09-16T17:49:09Z] Samtools QC took 105s
[2025-09-16T17:49:09Z] Inferring strandedness (auto)
[2025-09-16T17:49:12Z] Inferring strandedness (auto) took 3s
[2025-09-16T17:49:12Z] Picard CollectRnaSeqMetrics
[2025-09-16T17:49:14Z] Picard CollectRnaSeqMetrics took 2s
[2025-09-16T17:49:14Z] SplitNCigarReads (scatter-gather)
[2025-09-16T17:49:14Z] Preparing SplitNCigarReads shards from targets BED: /cache/SRR8052748/coverage/SRR8052748.targets.8x.classical.bed
[2025-09-16T17:49:14Z] SplitNCigarReads (targets): 25 contigs → 2 shards (max procs=2)
[2025-09-16T18:21:23Z] Merging 2 SplitNCigarReads parts (targets)
[2025-09-16T18:22:31Z] Sorting merged SplitNCigarReads BAM
[bam_sort_core] merging from 4 files and 8 in-memory blocks...
[2025-09-16T18:24:42Z] SplitNCigarReads (scatter-gather) took 2128s
[2025-09-16T18:24:42Z] bcftools calling (scatter raw over targets BED)…
[2025-09-16T18:24:42Z] bcftools scatter: 25 contigs → 2 shards (max procs=2)
[2025-09-16T18:32:16Z] Concatenating 2 bcftools shard VCFs
Checking the headers and starting positions of 2 files
Concatenating /cache/SRR8052748/variants/parts/SRR8052748.bcftools.raw.part0.vcf.gz	0.711018 seconds
Concatenating /cache/SRR8052748/variants/parts/SRR8052748.bcftools.raw.part1.vcf.gz	0.507382 seconds
[2025-09-16T18:32:17Z] bcftools calling (scatter raw over targets BED)… took 455s
[2025-09-16T18:32:17Z] bcftools filtering… (QUAL>=30, DP>=10)
Lines   total/split/joined/realigned/mismatch_removed/dup_removed/skipped:	499916/463/0/26983/0/0/0
[2025-09-16T18:32:21Z] bcftools filtering… (QUAL>=30, DP>=10) took 4s
[2025-09-16T18:32:21Z] MultiQC summary
[2025-09-16T18:32:25Z] MultiQC summary took 4s
[2025-09-16T18:32:25Z] Packaging QC + logs
[2025-09-16T18:32:25Z] Packaging QC + logs took 0s
[2025-09-16T18:32:25Z] Packaging variants
[2025-09-16T18:32:25Z] Packaging variants took 0s
[2025-09-16T18:32:25Z] Writing metrics + run manifest
[2025-09-16T18:32:27Z] Writing metrics + run manifest took 2s
===== TIMINGS SUMMARY =====
Step                                      Seconds
fastp trimming                                 85
bbduk cleanup                                 146
FastQC (raw+clean, concurrent)                198
Salmon quant                                  493
Kraken2 classification                         94
STAR alignment → sorted BAM                1144
Salmon quant (from STAR transcriptome BAM)      382
Mosdepth coverage + targets (>=8x)             61
MarkDuplicates                                160
Samtools QC                                   105
Inferring strandedness (auto)                   3
Picard CollectRnaSeqMetrics                     2
SplitNCigarReads (scatter-gather)            2128
bcftools calling (scatter raw over targets BED)…      455
bcftools filtering… (QUAL>=30, DP>=10)        4
MultiQC summary                                 4
Packaging QC + logs                             0
Packaging variants                              0
Writing metrics + run manifest                  2
TOTAL                                        5466
[2025-09-16T18:32:27Z] Cleaning expanded alignment directory (keeping logs inside QC tar)
[2025-09-16T18:32:28Z] Success.
[2025-09-16T18:32:28Z] Removing job cache: /cache/SRR8052748
