[2025-09-16T02:52:56Z] Reference bundle directory detected; probing: /indices/Human_GENCODE49_GRCh38/reference
[2025-09-16T02:52:56Z] Using reference in place: /indices/Human_GENCODE49_GRCh38/reference
[2025-09-16T02:52:56Z] GATK reference: /indices/Human_GENCODE49_GRCh38/reference/genome.fa.gz
[2025-09-16T02:52:56Z] STAR index directory detected; using in place: /indices/Human_GENCODE49_GRCh38/star_index
[2025-09-16T02:52:56Z] Salmon index directory detected; using in place: /indices/Human_GENCODE49_GRCh38/salmon_index
[2025-09-16T02:52:56Z] Variant resources directory detected; using in place: /indices/Human_GENCODE49_GRCh38/variant_resources
[2025-09-16T02:52:56Z] Kraken2 input: /indices/Human_GENCODE49_GRCh38/minikraken2_v2_8GB_201904_UPDATE
[2025-09-16T02:52:56Z] Kraken2 DB dir (in place): /indices/Human_GENCODE49_GRCh38/minikraken2_v2_8GB_201904_UPDATE
[2025-09-16T02:52:56Z] fastp trimming
[2025-09-16T02:54:15Z] fastp trimming took 79s
[2025-09-16T02:54:15Z] bbduk cleanup
[2025-09-16T02:56:46Z] bbduk cleanup took 151s
[2025-09-16T02:56:46Z] FastQC (raw+clean, concurrent)
[2025-09-16T02:59:23Z] FastQC (raw+clean, concurrent) took 157s
[2025-09-16T02:59:23Z] Salmon quant
[2025-09-16T03:07:23Z] Salmon quant took 480s
[2025-09-16T03:07:23Z] Kraken2 classification
[2025-09-16T03:09:01Z] Kraken2 classification took 98s
[2025-09-16T03:09:01Z] STAR alignment → sorted BAM
[2025-09-16T03:27:50Z] STAR alignment → sorted BAM took 1129s
[2025-09-16T03:27:50Z] Salmon quant (from STAR transcriptome BAM)
[2025-09-16T03:34:21Z] Salmon quant (from STAR transcriptome BAM) took 391s
[2025-09-16T03:34:21Z] Mosdepth coverage + targets (>=8x)
[2025-09-16T03:35:47Z] Mosdepth coverage + targets (>=8x) took 86s
[2025-09-16T03:35:47Z] Note: MarkDuplicates cannot be region-restricted; running on full BAM
[2025-09-16T03:35:47Z] MarkDuplicates
[2025-09-16T03:39:41Z] MarkDuplicates took 234s
[2025-09-16T03:39:41Z] Samtools QC
[2025-09-16T03:41:51Z] Samtools QC took 130s
[2025-09-16T03:41:51Z] Inferring strandedness (auto)
[2025-09-16T03:41:54Z] Inferring strandedness (auto) took 3s
[2025-09-16T03:41:54Z] Picard CollectRnaSeqMetrics
[2025-09-16T03:41:57Z] Picard CollectRnaSeqMetrics took 3s
[2025-09-16T03:41:57Z] SplitNCigarReads (scatter-gather)
[2025-09-16T03:41:57Z] Preparing SplitNCigarReads shards from targets BED: /cache/SRR8052716/coverage/SRR8052716.targets.8x.classical.bed
[2025-09-16T03:41:57Z] SplitNCigarReads (targets): 25 contigs → 2 shards (max procs=2)
[2025-09-16T04:22:39Z] Merging 2 SplitNCigarReads parts (targets)
[2025-09-16T04:23:39Z] Sorting merged SplitNCigarReads BAM
[bam_sort_core] merging from 5 files and 8 in-memory blocks...
[2025-09-16T04:25:47Z] SplitNCigarReads (scatter-gather) took 2630s
[2025-09-16T04:25:47Z] bcftools calling (scatter raw over targets BED)…
[2025-09-16T04:25:47Z] bcftools scatter: 25 contigs → 2 shards (max procs=2)
[2025-09-16T04:33:09Z] Concatenating 2 bcftools shard VCFs
Checking the headers and starting positions of 2 files
Concatenating /cache/SRR8052716/variants/parts/SRR8052716.bcftools.raw.part0.vcf.gz	1.173240 seconds
Concatenating /cache/SRR8052716/variants/parts/SRR8052716.bcftools.raw.part1.vcf.gz	0.796810 seconds
[2025-09-16T04:33:11Z] bcftools calling (scatter raw over targets BED)… took 444s
[2025-09-16T04:33:11Z] bcftools filtering… (QUAL>=30, DP>=10)
Lines   total/split/joined/realigned/mismatch_removed/dup_removed/skipped:	612451/457/0/28524/0/0/0
[2025-09-16T04:33:17Z] bcftools filtering… (QUAL>=30, DP>=10) took 6s
[2025-09-16T04:33:17Z] MultiQC summary
[2025-09-16T04:33:21Z] MultiQC summary took 4s
[2025-09-16T04:33:21Z] Packaging QC + logs
[2025-09-16T04:33:21Z] Packaging QC + logs took 0s
[2025-09-16T04:33:21Z] Packaging variants
[2025-09-16T04:33:22Z] Packaging variants took 1s
[2025-09-16T04:33:22Z] Writing metrics + run manifest
[2025-09-16T04:33:23Z] Writing metrics + run manifest took 1s
===== TIMINGS SUMMARY =====
Step                                      Seconds
fastp trimming                                 79
bbduk cleanup                                 151
FastQC (raw+clean, concurrent)                157
Salmon quant                                  480
Kraken2 classification                         98
STAR alignment → sorted BAM                1129
Salmon quant (from STAR transcriptome BAM)      391
Mosdepth coverage + targets (>=8x)             86
MarkDuplicates                                234
Samtools QC                                   130
Inferring strandedness (auto)                   3
Picard CollectRnaSeqMetrics                     3
SplitNCigarReads (scatter-gather)            2630
bcftools calling (scatter raw over targets BED)…      444
bcftools filtering… (QUAL>=30, DP>=10)        6
MultiQC summary                                 4
Packaging QC + logs                             0
Packaging variants                              1
Writing metrics + run manifest                  1
TOTAL                                        6027
[2025-09-16T04:33:23Z] Cleaning expanded alignment directory (keeping logs inside QC tar)
[2025-09-16T04:33:24Z] Success.
[2025-09-16T04:33:24Z] Removing job cache: /cache/SRR8052716
