[2025-09-16T16:29:43Z] Reference bundle directory detected; probing: /indices/Human_GENCODE49_GRCh38/reference
[2025-09-16T16:29:43Z] Using reference in place: /indices/Human_GENCODE49_GRCh38/reference
[2025-09-16T16:29:43Z] GATK reference: /indices/Human_GENCODE49_GRCh38/reference/genome.fa.gz
[2025-09-16T16:29:43Z] STAR index directory detected; using in place: /indices/Human_GENCODE49_GRCh38/star_index
[2025-09-16T16:29:43Z] Salmon index directory detected; using in place: /indices/Human_GENCODE49_GRCh38/salmon_index
[2025-09-16T16:29:43Z] Variant resources directory detected; using in place: /indices/Human_GENCODE49_GRCh38/variant_resources
[2025-09-16T16:29:43Z] Kraken2 input: /indices/Human_GENCODE49_GRCh38/minikraken2_v2_8GB_201904_UPDATE
[2025-09-16T16:29:43Z] Kraken2 DB dir (in place): /indices/Human_GENCODE49_GRCh38/minikraken2_v2_8GB_201904_UPDATE
[2025-09-16T16:29:43Z] fastp trimming
[2025-09-16T16:31:11Z] fastp trimming took 88s
[2025-09-16T16:31:11Z] bbduk cleanup
[2025-09-16T16:33:39Z] bbduk cleanup took 148s
[2025-09-16T16:33:39Z] FastQC (raw+clean, concurrent)
[2025-09-16T16:37:04Z] FastQC (raw+clean, concurrent) took 205s
[2025-09-16T16:37:04Z] Salmon quant
[2025-09-16T16:46:53Z] Salmon quant took 589s
[2025-09-16T16:46:53Z] Kraken2 classification
[2025-09-16T16:48:26Z] Kraken2 classification took 93s
[2025-09-16T16:48:26Z] STAR alignment → sorted BAM
[2025-09-16T17:08:13Z] STAR alignment → sorted BAM took 1187s
[2025-09-16T17:08:13Z] Salmon quant (from STAR transcriptome BAM)
[2025-09-16T17:15:30Z] Salmon quant (from STAR transcriptome BAM) took 437s
[2025-09-16T17:15:30Z] Mosdepth coverage + targets (>=8x)
[2025-09-16T17:16:37Z] Mosdepth coverage + targets (>=8x) took 67s
[2025-09-16T17:16:37Z] Note: MarkDuplicates cannot be region-restricted; running on full BAM
[2025-09-16T17:16:37Z] MarkDuplicates
[2025-09-16T17:20:16Z] MarkDuplicates took 219s
[2025-09-16T17:20:16Z] Samtools QC
[2025-09-16T17:22:20Z] Samtools QC took 124s
[2025-09-16T17:22:20Z] Inferring strandedness (auto)
[2025-09-16T17:22:24Z] Inferring strandedness (auto) took 4s
[2025-09-16T17:22:24Z] Picard CollectRnaSeqMetrics
[2025-09-16T17:22:27Z] Picard CollectRnaSeqMetrics took 3s
[2025-09-16T17:22:27Z] SplitNCigarReads (scatter-gather)
[2025-09-16T17:22:27Z] Preparing SplitNCigarReads shards from targets BED: /cache/SRR8052747/coverage/SRR8052747.targets.8x.classical.bed
[2025-09-16T17:22:27Z] SplitNCigarReads (targets): 25 contigs → 2 shards (max procs=2)
[2025-09-16T17:55:44Z] Merging 2 SplitNCigarReads parts (targets)
[2025-09-16T17:56:47Z] Sorting merged SplitNCigarReads BAM
[bam_sort_core] merging from 5 files and 8 in-memory blocks...
[2025-09-16T17:58:49Z] SplitNCigarReads (scatter-gather) took 2182s
[2025-09-16T17:58:49Z] bcftools calling (scatter raw over targets BED)…
[2025-09-16T17:58:49Z] bcftools scatter: 25 contigs → 2 shards (max procs=2)
[2025-09-16T18:05:35Z] Concatenating 2 bcftools shard VCFs
Checking the headers and starting positions of 2 files
Concatenating /cache/SRR8052747/variants/parts/SRR8052747.bcftools.raw.part0.vcf.gz	0.644483 seconds
Concatenating /cache/SRR8052747/variants/parts/SRR8052747.bcftools.raw.part1.vcf.gz	0.411931 seconds
[2025-09-16T18:05:36Z] bcftools calling (scatter raw over targets BED)… took 407s
[2025-09-16T18:05:36Z] bcftools filtering… (QUAL>=30, DP>=10)
Lines   total/split/joined/realigned/mismatch_removed/dup_removed/skipped:	550456/440/0/23567/0/0/0
[2025-09-16T18:05:40Z] bcftools filtering… (QUAL>=30, DP>=10) took 4s
[2025-09-16T18:05:40Z] MultiQC summary
[2025-09-16T18:05:44Z] MultiQC summary took 4s
[2025-09-16T18:05:44Z] Packaging QC + logs
[2025-09-16T18:05:44Z] Packaging QC + logs took 0s
[2025-09-16T18:05:44Z] Packaging variants
[2025-09-16T18:05:44Z] Packaging variants took 0s
[2025-09-16T18:05:44Z] Writing metrics + run manifest
[2025-09-16T18:05:46Z] Writing metrics + run manifest took 2s
===== TIMINGS SUMMARY =====
Step                                      Seconds
fastp trimming                                 88
bbduk cleanup                                 148
FastQC (raw+clean, concurrent)                205
Salmon quant                                  589
Kraken2 classification                         93
STAR alignment → sorted BAM                1187
Salmon quant (from STAR transcriptome BAM)      437
Mosdepth coverage + targets (>=8x)             67
MarkDuplicates                                219
Samtools QC                                   124
Inferring strandedness (auto)                   4
Picard CollectRnaSeqMetrics                     3
SplitNCigarReads (scatter-gather)            2182
bcftools calling (scatter raw over targets BED)…      407
bcftools filtering… (QUAL>=30, DP>=10)        4
MultiQC summary                                 4
Packaging QC + logs                             0
Packaging variants                              0
Writing metrics + run manifest                  2
TOTAL                                        5763
[2025-09-16T18:05:46Z] Cleaning expanded alignment directory (keeping logs inside QC tar)
[2025-09-16T18:05:47Z] Success.
[2025-09-16T18:05:47Z] Removing job cache: /cache/SRR8052747
