[2025-09-18T09:11:28Z] Reference bundle directory detected; probing: /indices/Human_GENCODE49_GRCh38/reference
[2025-09-18T09:11:28Z] Using reference in place: /indices/Human_GENCODE49_GRCh38/reference
[2025-09-18T09:11:28Z] GATK reference: /indices/Human_GENCODE49_GRCh38/reference/genome.fa.gz
[2025-09-18T09:11:28Z] STAR index directory detected; using in place: /indices/Human_GENCODE49_GRCh38/star_index
[2025-09-18T09:11:28Z] Salmon index directory detected; using in place: /indices/Human_GENCODE49_GRCh38/salmon_index
[2025-09-18T09:11:28Z] Variant resources directory detected; using in place: /indices/Human_GENCODE49_GRCh38/variant_resources
[2025-09-18T09:11:28Z] Kraken2 input: /indices/Human_GENCODE49_GRCh38/minikraken2_v2_8GB_201904_UPDATE
[2025-09-18T09:11:28Z] Kraken2 DB dir (in place): /indices/Human_GENCODE49_GRCh38/minikraken2_v2_8GB_201904_UPDATE
[2025-09-18T09:11:28Z] fastp trimming
[2025-09-18T09:12:54Z] fastp trimming took 86s
[2025-09-18T09:12:54Z] bbduk cleanup
[2025-09-18T09:15:28Z] bbduk cleanup took 154s
[2025-09-18T09:15:28Z] FastQC (raw+clean, concurrent)
[2025-09-18T09:18:03Z] FastQC (raw+clean, concurrent) took 155s
[2025-09-18T09:18:03Z] Salmon quant
[2025-09-18T09:26:36Z] Salmon quant took 513s
[2025-09-18T09:26:36Z] Kraken2 classification
[2025-09-18T09:28:19Z] Kraken2 classification took 103s
[2025-09-18T09:28:19Z] STAR alignment → sorted BAM
[2025-09-18T09:51:06Z] STAR alignment → sorted BAM took 1367s
[2025-09-18T09:51:06Z] Salmon quant (from STAR transcriptome BAM)
[2025-09-18T09:58:24Z] Salmon quant (from STAR transcriptome BAM) took 438s
[2025-09-18T09:58:24Z] Mosdepth coverage + targets (>=8x)
[2025-09-18T09:59:39Z] Mosdepth coverage + targets (>=8x) took 75s
[2025-09-18T09:59:39Z] Note: MarkDuplicates cannot be region-restricted; running on full BAM
[2025-09-18T09:59:39Z] MarkDuplicates
[2025-09-18T10:02:49Z] MarkDuplicates took 190s
[2025-09-18T10:02:49Z] Samtools QC
[2025-09-18T10:04:41Z] Samtools QC took 112s
[2025-09-18T10:04:41Z] Inferring strandedness (auto)
[2025-09-18T10:04:44Z] Inferring strandedness (auto) took 3s
[2025-09-18T10:04:44Z] Picard CollectRnaSeqMetrics
[2025-09-18T10:04:47Z] Picard CollectRnaSeqMetrics took 3s
[2025-09-18T10:04:47Z] SplitNCigarReads (scatter-gather)
[2025-09-18T10:04:47Z] Preparing SplitNCigarReads shards from targets BED: /cache/SRR8052834/coverage/SRR8052834.targets.8x.classical.bed
[2025-09-18T10:04:48Z] SplitNCigarReads (targets): 25 contigs → 2 shards (max procs=2)
[2025-09-18T10:38:16Z] Merging 2 SplitNCigarReads parts (targets)
[2025-09-18T10:39:27Z] Sorting merged SplitNCigarReads BAM
[bam_sort_core] merging from 5 files and 8 in-memory blocks...
[2025-09-18T10:41:28Z] SplitNCigarReads (scatter-gather) took 2201s
[2025-09-18T10:41:28Z] bcftools calling (scatter raw over targets BED)…
[2025-09-18T10:41:28Z] bcftools scatter: 25 contigs → 2 shards (max procs=2)
[2025-09-18T10:47:45Z] Concatenating 2 bcftools shard VCFs
Checking the headers and starting positions of 2 files
Concatenating /cache/SRR8052834/variants/parts/SRR8052834.bcftools.raw.part0.vcf.gz	0.460892 seconds
Concatenating /cache/SRR8052834/variants/parts/SRR8052834.bcftools.raw.part1.vcf.gz	0.305482 seconds
[2025-09-18T10:47:46Z] bcftools calling (scatter raw over targets BED)… took 378s
[2025-09-18T10:47:46Z] bcftools filtering… (QUAL>=30, DP>=10)
Lines   total/split/joined/realigned/mismatch_removed/dup_removed/skipped:	421052/322/0/17689/0/0/0
[2025-09-18T10:47:49Z] bcftools filtering… (QUAL>=30, DP>=10) took 3s
[2025-09-18T10:47:49Z] MultiQC summary
[2025-09-18T10:47:53Z] MultiQC summary took 4s
[2025-09-18T10:47:53Z] Packaging QC + logs
[2025-09-18T10:47:53Z] Packaging QC + logs took 0s
[2025-09-18T10:47:53Z] Packaging variants
[2025-09-18T10:47:53Z] Packaging variants took 0s
[2025-09-18T10:47:53Z] Writing metrics + run manifest
[2025-09-18T10:47:54Z] Writing metrics + run manifest took 1s
===== TIMINGS SUMMARY =====
Step                                      Seconds
fastp trimming                                 86
bbduk cleanup                                 154
FastQC (raw+clean, concurrent)                155
Salmon quant                                  513
Kraken2 classification                        103
STAR alignment → sorted BAM                1367
Salmon quant (from STAR transcriptome BAM)      438
Mosdepth coverage + targets (>=8x)             75
MarkDuplicates                                190
Samtools QC                                   112
Inferring strandedness (auto)                   3
Picard CollectRnaSeqMetrics                     3
SplitNCigarReads (scatter-gather)            2201
bcftools calling (scatter raw over targets BED)…      378
bcftools filtering… (QUAL>=30, DP>=10)        3
MultiQC summary                                 4
Packaging QC + logs                             0
Packaging variants                              0
Writing metrics + run manifest                  1
TOTAL                                        5786
[2025-09-18T10:47:55Z] Cleaning expanded alignment directory (keeping logs inside QC tar)
[2025-09-18T10:47:56Z] Success.
[2025-09-18T10:47:56Z] Removing job cache: /cache/SRR8052834
