[2025-09-18T17:00:50Z] Reference bundle directory detected; probing: /indices/Human_GENCODE49_GRCh38/reference
[2025-09-18T17:00:50Z] Using reference in place: /indices/Human_GENCODE49_GRCh38/reference
[2025-09-18T17:00:50Z] GATK reference: /indices/Human_GENCODE49_GRCh38/reference/genome.fa.gz
[2025-09-18T17:00:50Z] STAR index directory detected; using in place: /indices/Human_GENCODE49_GRCh38/star_index
[2025-09-18T17:00:50Z] Salmon index directory detected; using in place: /indices/Human_GENCODE49_GRCh38/salmon_index
[2025-09-18T17:00:50Z] Variant resources directory detected; using in place: /indices/Human_GENCODE49_GRCh38/variant_resources
[2025-09-18T17:00:50Z] Kraken2 input: /indices/Human_GENCODE49_GRCh38/minikraken2_v2_8GB_201904_UPDATE
[2025-09-18T17:00:50Z] Kraken2 DB dir (in place): /indices/Human_GENCODE49_GRCh38/minikraken2_v2_8GB_201904_UPDATE
[2025-09-18T17:00:50Z] fastp trimming
[2025-09-18T17:02:06Z] fastp trimming took 76s
[2025-09-18T17:02:06Z] bbduk cleanup
[2025-09-18T17:04:35Z] bbduk cleanup took 149s
[2025-09-18T17:04:35Z] FastQC (raw+clean, concurrent)
[2025-09-18T17:07:15Z] FastQC (raw+clean, concurrent) took 160s
[2025-09-18T17:07:15Z] Salmon quant
[2025-09-18T17:15:02Z] Salmon quant took 467s
[2025-09-18T17:15:02Z] Kraken2 classification
[2025-09-18T17:16:39Z] Kraken2 classification took 97s
[2025-09-18T17:16:39Z] STAR alignment → sorted BAM
[2025-09-18T17:39:01Z] STAR alignment → sorted BAM took 1342s
[2025-09-18T17:39:01Z] Salmon quant (from STAR transcriptome BAM)
[2025-09-18T17:44:53Z] Salmon quant (from STAR transcriptome BAM) took 352s
[2025-09-18T17:44:53Z] Mosdepth coverage + targets (>=8x)
[2025-09-18T17:45:58Z] Mosdepth coverage + targets (>=8x) took 65s
[2025-09-18T17:45:58Z] Note: MarkDuplicates cannot be region-restricted; running on full BAM
[2025-09-18T17:45:58Z] MarkDuplicates
[2025-09-18T17:49:14Z] MarkDuplicates took 196s
[2025-09-18T17:49:14Z] Samtools QC
[2025-09-18T17:52:34Z] Samtools QC took 200s
[2025-09-18T17:52:34Z] Inferring strandedness (auto)
[2025-09-18T17:52:37Z] Inferring strandedness (auto) took 3s
[2025-09-18T17:52:37Z] Picard CollectRnaSeqMetrics
[2025-09-18T17:52:40Z] Picard CollectRnaSeqMetrics took 3s
[2025-09-18T17:52:40Z] SplitNCigarReads (scatter-gather)
[2025-09-18T17:52:40Z] Preparing SplitNCigarReads shards from targets BED: /cache/SRR8052849/coverage/SRR8052849.targets.8x.classical.bed
[2025-09-18T17:52:40Z] SplitNCigarReads (targets): 25 contigs → 2 shards (max procs=2)
[2025-09-18T18:48:37Z] Merging 2 SplitNCigarReads parts (targets)
[2025-09-18T18:49:42Z] Sorting merged SplitNCigarReads BAM
[bam_sort_core] merging from 6 files and 8 in-memory blocks...
[2025-09-18T18:52:05Z] SplitNCigarReads (scatter-gather) took 3565s
[2025-09-18T18:52:05Z] bcftools calling (scatter raw over targets BED)…
[2025-09-18T18:52:05Z] bcftools scatter: 25 contigs → 2 shards (max procs=2)
[2025-09-18T18:59:11Z] Concatenating 2 bcftools shard VCFs
Checking the headers and starting positions of 2 files
Concatenating /cache/SRR8052849/variants/parts/SRR8052849.bcftools.raw.part0.vcf.gz	0.676904 seconds
Concatenating /cache/SRR8052849/variants/parts/SRR8052849.bcftools.raw.part1.vcf.gz	0.327626 seconds
[2025-09-18T18:59:12Z] bcftools calling (scatter raw over targets BED)… took 427s
[2025-09-18T18:59:12Z] bcftools filtering… (QUAL>=30, DP>=10)
Lines   total/split/joined/realigned/mismatch_removed/dup_removed/skipped:	566695/275/0/26301/0/0/0
[2025-09-18T18:59:16Z] bcftools filtering… (QUAL>=30, DP>=10) took 4s
[2025-09-18T18:59:16Z] MultiQC summary
[2025-09-18T18:59:20Z] MultiQC summary took 4s
[2025-09-18T18:59:20Z] Packaging QC + logs
[2025-09-18T18:59:20Z] Packaging QC + logs took 0s
[2025-09-18T18:59:20Z] Packaging variants
[2025-09-18T18:59:20Z] Packaging variants took 0s
[2025-09-18T18:59:20Z] Writing metrics + run manifest
[2025-09-18T18:59:22Z] Writing metrics + run manifest took 2s
===== TIMINGS SUMMARY =====
Step                                      Seconds
fastp trimming                                 76
bbduk cleanup                                 149
FastQC (raw+clean, concurrent)                160
Salmon quant                                  467
Kraken2 classification                         97
STAR alignment → sorted BAM                1342
Salmon quant (from STAR transcriptome BAM)      352
Mosdepth coverage + targets (>=8x)             65
MarkDuplicates                                196
Samtools QC                                   200
Inferring strandedness (auto)                   3
Picard CollectRnaSeqMetrics                     3
SplitNCigarReads (scatter-gather)            3565
bcftools calling (scatter raw over targets BED)…      427
bcftools filtering… (QUAL>=30, DP>=10)        4
MultiQC summary                                 4
Packaging QC + logs                             0
Packaging variants                              0
Writing metrics + run manifest                  2
TOTAL                                        7112
[2025-09-18T18:59:22Z] Cleaning expanded alignment directory (keeping logs inside QC tar)
[2025-09-18T18:59:23Z] Success.
[2025-09-18T18:59:23Z] Removing job cache: /cache/SRR8052849
