[2025-09-17T02:21:08Z] Reference bundle directory detected; probing: /indices/Human_GENCODE49_GRCh38/reference
[2025-09-17T02:21:08Z] Using reference in place: /indices/Human_GENCODE49_GRCh38/reference
[2025-09-17T02:21:08Z] GATK reference: /indices/Human_GENCODE49_GRCh38/reference/genome.fa.gz
[2025-09-17T02:21:08Z] STAR index directory detected; using in place: /indices/Human_GENCODE49_GRCh38/star_index
[2025-09-17T02:21:08Z] Salmon index directory detected; using in place: /indices/Human_GENCODE49_GRCh38/salmon_index
[2025-09-17T02:21:08Z] Variant resources directory detected; using in place: /indices/Human_GENCODE49_GRCh38/variant_resources
[2025-09-17T02:21:08Z] Kraken2 input: /indices/Human_GENCODE49_GRCh38/minikraken2_v2_8GB_201904_UPDATE
[2025-09-17T02:21:08Z] Kraken2 DB dir (in place): /indices/Human_GENCODE49_GRCh38/minikraken2_v2_8GB_201904_UPDATE
[2025-09-17T02:21:08Z] fastp trimming
[2025-09-17T02:21:55Z] fastp trimming took 47s
[2025-09-17T02:21:55Z] bbduk cleanup
[2025-09-17T02:22:55Z] bbduk cleanup took 60s
[2025-09-17T02:22:55Z] FastQC (raw+clean, concurrent)
[2025-09-17T02:24:35Z] FastQC (raw+clean, concurrent) took 100s
[2025-09-17T02:24:35Z] Salmon quant
[2025-09-17T02:28:55Z] Salmon quant took 260s
[2025-09-17T02:28:55Z] Kraken2 classification
[2025-09-17T02:29:25Z] Kraken2 classification took 30s
[2025-09-17T02:29:25Z] STAR alignment → sorted BAM
[2025-09-17T02:36:08Z] STAR alignment → sorted BAM took 403s
[2025-09-17T02:36:08Z] Salmon quant (from STAR transcriptome BAM)
[2025-09-17T02:39:51Z] Salmon quant (from STAR transcriptome BAM) took 223s
[2025-09-17T02:39:51Z] Mosdepth coverage + targets (>=8x)
[2025-09-17T02:40:25Z] Mosdepth coverage + targets (>=8x) took 34s
[2025-09-17T02:40:25Z] Note: MarkDuplicates cannot be region-restricted; running on full BAM
[2025-09-17T02:40:25Z] MarkDuplicates
[2025-09-17T02:42:25Z] MarkDuplicates took 120s
[2025-09-17T02:42:25Z] Samtools QC
[2025-09-17T02:43:25Z] Samtools QC took 60s
[2025-09-17T02:43:25Z] Inferring strandedness (auto)
[2025-09-17T02:43:27Z] Inferring strandedness (auto) took 2s
[2025-09-17T02:43:27Z] Picard CollectRnaSeqMetrics
[2025-09-17T02:43:30Z] Picard CollectRnaSeqMetrics took 3s
[2025-09-17T02:43:30Z] SplitNCigarReads (scatter-gather)
[2025-09-17T02:43:30Z] Preparing SplitNCigarReads shards from targets BED: /cache/SRR8052768/coverage/SRR8052768.targets.8x.classical.bed
[2025-09-17T02:43:30Z] SplitNCigarReads (targets): 25 contigs → 2 shards (max procs=2)
[2025-09-17T02:58:07Z] Merging 2 SplitNCigarReads parts (targets)
[2025-09-17T02:58:28Z] Sorting merged SplitNCigarReads BAM
[bam_sort_core] merging from 1 files and 8 in-memory blocks...
[2025-09-17T02:59:06Z] SplitNCigarReads (scatter-gather) took 936s
[2025-09-17T02:59:06Z] bcftools calling (scatter raw over targets BED)…
[2025-09-17T02:59:07Z] bcftools scatter: 25 contigs → 2 shards (max procs=2)
[2025-09-17T03:01:29Z] Concatenating 2 bcftools shard VCFs
Checking the headers and starting positions of 2 files
Concatenating /cache/SRR8052768/variants/parts/SRR8052768.bcftools.raw.part0.vcf.gz	0.201164 seconds
Concatenating /cache/SRR8052768/variants/parts/SRR8052768.bcftools.raw.part1.vcf.gz	0.130683 seconds
[2025-09-17T03:01:29Z] bcftools calling (scatter raw over targets BED)… took 143s
[2025-09-17T03:01:29Z] bcftools filtering… (QUAL>=30, DP>=10)
Lines   total/split/joined/realigned/mismatch_removed/dup_removed/skipped:	177207/94/0/6838/0/0/0
[2025-09-17T03:01:32Z] bcftools filtering… (QUAL>=30, DP>=10) took 3s
[2025-09-17T03:01:32Z] MultiQC summary
[2025-09-17T03:01:35Z] MultiQC summary took 3s
[2025-09-17T03:01:35Z] Packaging QC + logs
[2025-09-17T03:01:35Z] Packaging QC + logs took 0s
[2025-09-17T03:01:35Z] Packaging variants
[2025-09-17T03:01:35Z] Packaging variants took 0s
[2025-09-17T03:01:35Z] Writing metrics + run manifest
[2025-09-17T03:01:37Z] Writing metrics + run manifest took 2s
===== TIMINGS SUMMARY =====
Step                                      Seconds
fastp trimming                                 47
bbduk cleanup                                  60
FastQC (raw+clean, concurrent)                100
Salmon quant                                  260
Kraken2 classification                         30
STAR alignment → sorted BAM                 403
Salmon quant (from STAR transcriptome BAM)      223
Mosdepth coverage + targets (>=8x)             34
MarkDuplicates                                120
Samtools QC                                    60
Inferring strandedness (auto)                   2
Picard CollectRnaSeqMetrics                     3
SplitNCigarReads (scatter-gather)             936
bcftools calling (scatter raw over targets BED)…      143
bcftools filtering… (QUAL>=30, DP>=10)        3
MultiQC summary                                 3
Packaging QC + logs                             0
Packaging variants                              0
Writing metrics + run manifest                  2
TOTAL                                        2429
[2025-09-17T03:01:37Z] Cleaning expanded alignment directory (keeping logs inside QC tar)
[2025-09-17T03:01:38Z] Success.
[2025-09-17T03:01:38Z] Removing job cache: /cache/SRR8052768
