[2025-09-18T13:26:45Z] Reference bundle directory detected; probing: /indices/Human_GENCODE49_GRCh38/reference
[2025-09-18T13:26:45Z] Using reference in place: /indices/Human_GENCODE49_GRCh38/reference
[2025-09-18T13:26:45Z] GATK reference: /indices/Human_GENCODE49_GRCh38/reference/genome.fa.gz
[2025-09-18T13:26:45Z] STAR index directory detected; using in place: /indices/Human_GENCODE49_GRCh38/star_index
[2025-09-18T13:26:45Z] Salmon index directory detected; using in place: /indices/Human_GENCODE49_GRCh38/salmon_index
[2025-09-18T13:26:45Z] Variant resources directory detected; using in place: /indices/Human_GENCODE49_GRCh38/variant_resources
[2025-09-18T13:26:45Z] Kraken2 input: /indices/Human_GENCODE49_GRCh38/minikraken2_v2_8GB_201904_UPDATE
[2025-09-18T13:26:45Z] Kraken2 DB dir (in place): /indices/Human_GENCODE49_GRCh38/minikraken2_v2_8GB_201904_UPDATE
[2025-09-18T13:26:45Z] fastp trimming
[2025-09-18T13:28:04Z] fastp trimming took 79s
[2025-09-18T13:28:04Z] bbduk cleanup
[2025-09-18T13:30:22Z] bbduk cleanup took 138s
[2025-09-18T13:30:22Z] FastQC (raw+clean, concurrent)
[2025-09-18T13:32:54Z] FastQC (raw+clean, concurrent) took 152s
[2025-09-18T13:32:54Z] Salmon quant
[2025-09-18T13:41:57Z] Salmon quant took 543s
[2025-09-18T13:41:57Z] Kraken2 classification
[2025-09-18T13:43:42Z] Kraken2 classification took 105s
[2025-09-18T13:43:42Z] STAR alignment → sorted BAM
[2025-09-18T14:04:53Z] STAR alignment → sorted BAM took 1271s
[2025-09-18T14:04:53Z] Salmon quant (from STAR transcriptome BAM)
[2025-09-18T14:12:12Z] Salmon quant (from STAR transcriptome BAM) took 439s
[2025-09-18T14:12:12Z] Mosdepth coverage + targets (>=8x)
[2025-09-18T14:13:25Z] Mosdepth coverage + targets (>=8x) took 73s
[2025-09-18T14:13:25Z] Note: MarkDuplicates cannot be region-restricted; running on full BAM
[2025-09-18T14:13:25Z] MarkDuplicates
[2025-09-18T14:16:21Z] MarkDuplicates took 176s
[2025-09-18T14:16:21Z] Samtools QC
[2025-09-18T14:18:14Z] Samtools QC took 113s
[2025-09-18T14:18:14Z] Inferring strandedness (auto)
[2025-09-18T14:18:17Z] Inferring strandedness (auto) took 3s
[2025-09-18T14:18:17Z] Picard CollectRnaSeqMetrics
[2025-09-18T14:18:21Z] Picard CollectRnaSeqMetrics took 4s
[2025-09-18T14:18:21Z] SplitNCigarReads (scatter-gather)
[2025-09-18T14:18:21Z] Preparing SplitNCigarReads shards from targets BED: /cache/SRR8052843/coverage/SRR8052843.targets.8x.classical.bed
[2025-09-18T14:18:21Z] SplitNCigarReads (targets): 25 contigs → 2 shards (max procs=2)
[2025-09-18T14:50:18Z] Merging 2 SplitNCigarReads parts (targets)
[2025-09-18T14:51:23Z] Sorting merged SplitNCigarReads BAM
[bam_sort_core] merging from 5 files and 8 in-memory blocks...
[2025-09-18T14:53:24Z] SplitNCigarReads (scatter-gather) took 2103s
[2025-09-18T14:53:24Z] bcftools calling (scatter raw over targets BED)…
[2025-09-18T14:53:24Z] bcftools scatter: 25 contigs → 2 shards (max procs=2)
[2025-09-18T14:59:15Z] Concatenating 2 bcftools shard VCFs
Checking the headers and starting positions of 2 files
Concatenating /cache/SRR8052843/variants/parts/SRR8052843.bcftools.raw.part0.vcf.gz	0.547570 seconds
Concatenating /cache/SRR8052843/variants/parts/SRR8052843.bcftools.raw.part1.vcf.gz	0.299619 seconds
[2025-09-18T14:59:16Z] bcftools calling (scatter raw over targets BED)… took 352s
[2025-09-18T14:59:16Z] bcftools filtering… (QUAL>=30, DP>=10)
Lines   total/split/joined/realigned/mismatch_removed/dup_removed/skipped:	436099/335/0/18470/0/0/0
[2025-09-18T14:59:20Z] bcftools filtering… (QUAL>=30, DP>=10) took 4s
[2025-09-18T14:59:20Z] MultiQC summary
[2025-09-18T14:59:23Z] MultiQC summary took 3s
[2025-09-18T14:59:23Z] Packaging QC + logs
[2025-09-18T14:59:23Z] Packaging QC + logs took 0s
[2025-09-18T14:59:23Z] Packaging variants
[2025-09-18T14:59:23Z] Packaging variants took 0s
[2025-09-18T14:59:23Z] Writing metrics + run manifest
[2025-09-18T14:59:25Z] Writing metrics + run manifest took 2s
===== TIMINGS SUMMARY =====
Step                                      Seconds
fastp trimming                                 79
bbduk cleanup                                 138
FastQC (raw+clean, concurrent)                152
Salmon quant                                  543
Kraken2 classification                        105
STAR alignment → sorted BAM                1271
Salmon quant (from STAR transcriptome BAM)      439
Mosdepth coverage + targets (>=8x)             73
MarkDuplicates                                176
Samtools QC                                   113
Inferring strandedness (auto)                   3
Picard CollectRnaSeqMetrics                     4
SplitNCigarReads (scatter-gather)            2103
bcftools calling (scatter raw over targets BED)…      352
bcftools filtering… (QUAL>=30, DP>=10)        4
MultiQC summary                                 3
Packaging QC + logs                             0
Packaging variants                              0
Writing metrics + run manifest                  2
TOTAL                                        5560
[2025-09-18T14:59:25Z] Cleaning expanded alignment directory (keeping logs inside QC tar)
[2025-09-18T14:59:26Z] Success.
[2025-09-18T14:59:26Z] Removing job cache: /cache/SRR8052843
