[2025-09-16T01:21:32Z] Reference bundle directory detected; probing: /indices/Human_GENCODE49_GRCh38/reference
[2025-09-16T01:21:32Z] Using reference in place: /indices/Human_GENCODE49_GRCh38/reference
[2025-09-16T01:21:32Z] GATK reference: /indices/Human_GENCODE49_GRCh38/reference/genome.fa.gz
[2025-09-16T01:21:32Z] STAR index directory detected; using in place: /indices/Human_GENCODE49_GRCh38/star_index
[2025-09-16T01:21:32Z] Salmon index directory detected; using in place: /indices/Human_GENCODE49_GRCh38/salmon_index
[2025-09-16T01:21:32Z] Variant resources directory detected; using in place: /indices/Human_GENCODE49_GRCh38/variant_resources
[2025-09-16T01:21:32Z] Kraken2 input: /indices/Human_GENCODE49_GRCh38/minikraken2_v2_8GB_201904_UPDATE
[2025-09-16T01:21:32Z] Kraken2 DB dir (in place): /indices/Human_GENCODE49_GRCh38/minikraken2_v2_8GB_201904_UPDATE
[2025-09-16T01:21:32Z] fastp trimming
[2025-09-16T01:22:45Z] fastp trimming took 73s
[2025-09-16T01:22:45Z] bbduk cleanup
[2025-09-16T01:24:58Z] bbduk cleanup took 133s
[2025-09-16T01:24:58Z] FastQC (raw+clean, concurrent)
[2025-09-16T01:27:23Z] FastQC (raw+clean, concurrent) took 145s
[2025-09-16T01:27:23Z] Salmon quant
[2025-09-16T01:35:05Z] Salmon quant took 462s
[2025-09-16T01:35:05Z] Kraken2 classification
[2025-09-16T01:36:25Z] Kraken2 classification took 80s
[2025-09-16T01:36:25Z] STAR alignment → sorted BAM
[2025-09-16T01:51:48Z] STAR alignment → sorted BAM took 923s
[2025-09-16T01:51:48Z] Salmon quant (from STAR transcriptome BAM)
[2025-09-16T01:57:35Z] Salmon quant (from STAR transcriptome BAM) took 347s
[2025-09-16T01:57:35Z] Mosdepth coverage + targets (>=8x)
[2025-09-16T01:58:33Z] Mosdepth coverage + targets (>=8x) took 58s
[2025-09-16T01:58:33Z] Note: MarkDuplicates cannot be region-restricted; running on full BAM
[2025-09-16T01:58:33Z] MarkDuplicates
[2025-09-16T02:01:08Z] MarkDuplicates took 155s
[2025-09-16T02:01:08Z] Samtools QC
[2025-09-16T02:03:06Z] Samtools QC took 118s
[2025-09-16T02:03:06Z] Inferring strandedness (auto)
[2025-09-16T02:03:09Z] Inferring strandedness (auto) took 3s
[2025-09-16T02:03:09Z] Picard CollectRnaSeqMetrics
[2025-09-16T02:03:11Z] Picard CollectRnaSeqMetrics took 2s
[2025-09-16T02:03:11Z] SplitNCigarReads (scatter-gather)
[2025-09-16T02:03:11Z] Preparing SplitNCigarReads shards from targets BED: /cache/SRR8052713/coverage/SRR8052713.targets.8x.classical.bed
[2025-09-16T02:03:11Z] SplitNCigarReads (targets): 25 contigs → 2 shards (max procs=2)
[2025-09-16T02:44:42Z] Merging 2 SplitNCigarReads parts (targets)
[2025-09-16T02:45:40Z] Sorting merged SplitNCigarReads BAM
[bam_sort_core] merging from 5 files and 8 in-memory blocks...
[2025-09-16T02:47:34Z] SplitNCigarReads (scatter-gather) took 2663s
[2025-09-16T02:47:34Z] bcftools calling (scatter raw over targets BED)…
[2025-09-16T02:47:34Z] bcftools scatter: 25 contigs → 2 shards (max procs=2)
[2025-09-16T02:52:45Z] Concatenating 2 bcftools shard VCFs
Checking the headers and starting positions of 2 files
Concatenating /cache/SRR8052713/variants/parts/SRR8052713.bcftools.raw.part0.vcf.gz	0.431623 seconds
Concatenating /cache/SRR8052713/variants/parts/SRR8052713.bcftools.raw.part1.vcf.gz	0.274835 seconds
[2025-09-16T02:52:45Z] bcftools calling (scatter raw over targets BED)… took 311s
[2025-09-16T02:52:45Z] bcftools filtering… (QUAL>=30, DP>=10)
Lines   total/split/joined/realigned/mismatch_removed/dup_removed/skipped:	424019/228/0/17859/0/0/0
[2025-09-16T02:52:49Z] bcftools filtering… (QUAL>=30, DP>=10) took 4s
[2025-09-16T02:52:49Z] MultiQC summary
[2025-09-16T02:52:51Z] MultiQC summary took 2s
[2025-09-16T02:52:51Z] Packaging QC + logs
[2025-09-16T02:52:52Z] Packaging QC + logs took 1s
[2025-09-16T02:52:52Z] Packaging variants
[2025-09-16T02:52:52Z] Packaging variants took 0s
[2025-09-16T02:52:52Z] Writing metrics + run manifest
[2025-09-16T02:52:53Z] Writing metrics + run manifest took 1s
===== TIMINGS SUMMARY =====
Step                                      Seconds
fastp trimming                                 73
bbduk cleanup                                 133
FastQC (raw+clean, concurrent)                145
Salmon quant                                  462
Kraken2 classification                         80
STAR alignment → sorted BAM                 923
Salmon quant (from STAR transcriptome BAM)      347
Mosdepth coverage + targets (>=8x)             58
MarkDuplicates                                155
Samtools QC                                   118
Inferring strandedness (auto)                   3
Picard CollectRnaSeqMetrics                     2
SplitNCigarReads (scatter-gather)            2663
bcftools calling (scatter raw over targets BED)…      311
bcftools filtering… (QUAL>=30, DP>=10)        4
MultiQC summary                                 2
Packaging QC + logs                             1
Packaging variants                              0
Writing metrics + run manifest                  1
TOTAL                                        5481
[2025-09-16T02:52:53Z] Cleaning expanded alignment directory (keeping logs inside QC tar)
[2025-09-16T02:52:54Z] Success.
[2025-09-16T02:52:54Z] Removing job cache: /cache/SRR8052713
