[2025-09-18T14:06:46Z] Reference bundle directory detected; probing: /indices/Human_GENCODE49_GRCh38/reference
[2025-09-18T14:06:46Z] Using reference in place: /indices/Human_GENCODE49_GRCh38/reference
[2025-09-18T14:06:46Z] GATK reference: /indices/Human_GENCODE49_GRCh38/reference/genome.fa.gz
[2025-09-18T14:06:46Z] STAR index directory detected; using in place: /indices/Human_GENCODE49_GRCh38/star_index
[2025-09-18T14:06:46Z] Salmon index directory detected; using in place: /indices/Human_GENCODE49_GRCh38/salmon_index
[2025-09-18T14:06:46Z] Variant resources directory detected; using in place: /indices/Human_GENCODE49_GRCh38/variant_resources
[2025-09-18T14:06:46Z] Kraken2 input: /indices/Human_GENCODE49_GRCh38/minikraken2_v2_8GB_201904_UPDATE
[2025-09-18T14:06:46Z] Kraken2 DB dir (in place): /indices/Human_GENCODE49_GRCh38/minikraken2_v2_8GB_201904_UPDATE
[2025-09-18T14:06:46Z] fastp trimming
[2025-09-18T14:08:27Z] fastp trimming took 101s
[2025-09-18T14:08:27Z] bbduk cleanup
[2025-09-18T14:11:46Z] bbduk cleanup took 199s
[2025-09-18T14:11:46Z] FastQC (raw+clean, concurrent)
[2025-09-18T14:15:37Z] FastQC (raw+clean, concurrent) took 231s
[2025-09-18T14:15:37Z] Salmon quant
[2025-09-18T14:23:46Z] Salmon quant took 489s
[2025-09-18T14:23:46Z] Kraken2 classification
[2025-09-18T14:25:23Z] Kraken2 classification took 97s
[2025-09-18T14:25:23Z] STAR alignment → sorted BAM
[2025-09-18T14:54:06Z] STAR alignment → sorted BAM took 1723s
[2025-09-18T14:54:06Z] Salmon quant (from STAR transcriptome BAM)
[2025-09-18T14:59:00Z] Salmon quant (from STAR transcriptome BAM) took 294s
[2025-09-18T14:59:00Z] Mosdepth coverage + targets (>=8x)
[2025-09-18T14:59:59Z] Mosdepth coverage + targets (>=8x) took 59s
[2025-09-18T14:59:59Z] Note: MarkDuplicates cannot be region-restricted; running on full BAM
[2025-09-18T14:59:59Z] MarkDuplicates
[2025-09-18T15:03:49Z] MarkDuplicates took 230s
[2025-09-18T15:03:49Z] Samtools QC
[2025-09-18T15:06:05Z] Samtools QC took 136s
[2025-09-18T15:06:05Z] Inferring strandedness (auto)
[2025-09-18T15:06:08Z] Inferring strandedness (auto) took 3s
[2025-09-18T15:06:08Z] Picard CollectRnaSeqMetrics
[2025-09-18T15:06:10Z] Picard CollectRnaSeqMetrics took 2s
[2025-09-18T15:06:10Z] SplitNCigarReads (scatter-gather)
[2025-09-18T15:06:10Z] Preparing SplitNCigarReads shards from targets BED: /cache/SRR8052845/coverage/SRR8052845.targets.8x.classical.bed
[2025-09-18T15:06:10Z] SplitNCigarReads (targets): 25 contigs → 2 shards (max procs=2)
[2025-09-18T16:04:13Z] Merging 2 SplitNCigarReads parts (targets)
[2025-09-18T16:05:41Z] Sorting merged SplitNCigarReads BAM
[bam_sort_core] merging from 6 files and 8 in-memory blocks...
[2025-09-18T16:08:02Z] SplitNCigarReads (scatter-gather) took 3712s
[2025-09-18T16:08:02Z] bcftools calling (scatter raw over targets BED)…
[2025-09-18T16:08:02Z] bcftools scatter: 25 contigs → 2 shards (max procs=2)
[2025-09-18T16:12:26Z] Concatenating 2 bcftools shard VCFs
Checking the headers and starting positions of 2 files
Concatenating /cache/SRR8052845/variants/parts/SRR8052845.bcftools.raw.part0.vcf.gz	0.305129 seconds
Concatenating /cache/SRR8052845/variants/parts/SRR8052845.bcftools.raw.part1.vcf.gz	0.192698 seconds
[2025-09-18T16:12:27Z] bcftools calling (scatter raw over targets BED)… took 265s
[2025-09-18T16:12:27Z] bcftools filtering… (QUAL>=30, DP>=10)
Lines   total/split/joined/realigned/mismatch_removed/dup_removed/skipped:	297598/142/0/13435/0/0/0
[2025-09-18T16:12:29Z] bcftools filtering… (QUAL>=30, DP>=10) took 2s
[2025-09-18T16:12:29Z] MultiQC summary
[2025-09-18T16:12:33Z] MultiQC summary took 4s
[2025-09-18T16:12:33Z] Packaging QC + logs
[2025-09-18T16:12:33Z] Packaging QC + logs took 0s
[2025-09-18T16:12:33Z] Packaging variants
[2025-09-18T16:12:33Z] Packaging variants took 0s
[2025-09-18T16:12:33Z] Writing metrics + run manifest
[2025-09-18T16:12:36Z] Writing metrics + run manifest took 3s
===== TIMINGS SUMMARY =====
Step                                      Seconds
fastp trimming                                101
bbduk cleanup                                 199
FastQC (raw+clean, concurrent)                231
Salmon quant                                  489
Kraken2 classification                         97
STAR alignment → sorted BAM                1723
Salmon quant (from STAR transcriptome BAM)      294
Mosdepth coverage + targets (>=8x)             59
MarkDuplicates                                230
Samtools QC                                   136
Inferring strandedness (auto)                   3
Picard CollectRnaSeqMetrics                     2
SplitNCigarReads (scatter-gather)            3712
bcftools calling (scatter raw over targets BED)…      265
bcftools filtering… (QUAL>=30, DP>=10)        2
MultiQC summary                                 4
Packaging QC + logs                             0
Packaging variants                              0
Writing metrics + run manifest                  3
TOTAL                                        7550
[2025-09-18T16:12:36Z] Cleaning expanded alignment directory (keeping logs inside QC tar)
[2025-09-18T16:12:37Z] Success.
[2025-09-18T16:12:37Z] Removing job cache: /cache/SRR8052845
