[2025-09-18T05:46:50Z] Reference bundle directory detected; probing: /indices/Human_GENCODE49_GRCh38/reference
[2025-09-18T05:46:50Z] Using reference in place: /indices/Human_GENCODE49_GRCh38/reference
[2025-09-18T05:46:50Z] GATK reference: /indices/Human_GENCODE49_GRCh38/reference/genome.fa.gz
[2025-09-18T05:46:50Z] STAR index directory detected; using in place: /indices/Human_GENCODE49_GRCh38/star_index
[2025-09-18T05:46:50Z] Salmon index directory detected; using in place: /indices/Human_GENCODE49_GRCh38/salmon_index
[2025-09-18T05:46:50Z] Variant resources directory detected; using in place: /indices/Human_GENCODE49_GRCh38/variant_resources
[2025-09-18T05:46:50Z] Kraken2 input: /indices/Human_GENCODE49_GRCh38/minikraken2_v2_8GB_201904_UPDATE
[2025-09-18T05:46:50Z] Kraken2 DB dir (in place): /indices/Human_GENCODE49_GRCh38/minikraken2_v2_8GB_201904_UPDATE
[2025-09-18T05:46:50Z] fastp trimming
[2025-09-18T05:47:51Z] fastp trimming took 61s
[2025-09-18T05:47:51Z] bbduk cleanup
[2025-09-18T05:49:45Z] bbduk cleanup took 114s
[2025-09-18T05:49:45Z] FastQC (raw+clean, concurrent)
[2025-09-18T05:51:54Z] FastQC (raw+clean, concurrent) took 129s
[2025-09-18T05:51:54Z] Salmon quant
[2025-09-18T05:59:35Z] Salmon quant took 461s
[2025-09-18T05:59:35Z] Kraken2 classification
[2025-09-18T06:00:59Z] Kraken2 classification took 84s
[2025-09-18T06:00:59Z] STAR alignment → sorted BAM
[2025-09-18T06:17:40Z] STAR alignment → sorted BAM took 1001s
[2025-09-18T06:17:40Z] Salmon quant (from STAR transcriptome BAM)
[2025-09-18T06:23:54Z] Salmon quant (from STAR transcriptome BAM) took 374s
[2025-09-18T06:23:54Z] Mosdepth coverage + targets (>=8x)
[2025-09-18T06:24:46Z] Mosdepth coverage + targets (>=8x) took 52s
[2025-09-18T06:24:46Z] Note: MarkDuplicates cannot be region-restricted; running on full BAM
[2025-09-18T06:24:46Z] MarkDuplicates
[2025-09-18T06:27:28Z] MarkDuplicates took 162s
[2025-09-18T06:27:28Z] Samtools QC
[2025-09-18T06:28:53Z] Samtools QC took 85s
[2025-09-18T06:28:53Z] Inferring strandedness (auto)
[2025-09-18T06:28:55Z] Inferring strandedness (auto) took 2s
[2025-09-18T06:28:55Z] Picard CollectRnaSeqMetrics
[2025-09-18T06:28:58Z] Picard CollectRnaSeqMetrics took 3s
[2025-09-18T06:28:58Z] SplitNCigarReads (scatter-gather)
[2025-09-18T06:28:58Z] Preparing SplitNCigarReads shards from targets BED: /cache/SRR8052827/coverage/SRR8052827.targets.8x.classical.bed
[2025-09-18T06:28:58Z] SplitNCigarReads (targets): 25 contigs → 2 shards (max procs=2)
[2025-09-18T06:52:39Z] Merging 2 SplitNCigarReads parts (targets)
[2025-09-18T06:53:27Z] Sorting merged SplitNCigarReads BAM
[bam_sort_core] merging from 3 files and 8 in-memory blocks...
[2025-09-18T06:55:01Z] SplitNCigarReads (scatter-gather) took 1563s
[2025-09-18T06:55:01Z] bcftools calling (scatter raw over targets BED)…
[2025-09-18T06:55:01Z] bcftools scatter: 25 contigs → 2 shards (max procs=2)
[2025-09-18T07:00:32Z] Concatenating 2 bcftools shard VCFs
Checking the headers and starting positions of 2 files
Concatenating /cache/SRR8052827/variants/parts/SRR8052827.bcftools.raw.part0.vcf.gz	0.442562 seconds
Concatenating /cache/SRR8052827/variants/parts/SRR8052827.bcftools.raw.part1.vcf.gz	0.344630 seconds
[2025-09-18T07:00:33Z] bcftools calling (scatter raw over targets BED)… took 332s
[2025-09-18T07:00:33Z] bcftools filtering… (QUAL>=30, DP>=10)
Lines   total/split/joined/realigned/mismatch_removed/dup_removed/skipped:	413459/220/0/16953/0/0/0
[2025-09-18T07:00:36Z] bcftools filtering… (QUAL>=30, DP>=10) took 3s
[2025-09-18T07:00:36Z] MultiQC summary
[2025-09-18T07:00:40Z] MultiQC summary took 4s
[2025-09-18T07:00:40Z] Packaging QC + logs
[2025-09-18T07:00:41Z] Packaging QC + logs took 1s
[2025-09-18T07:00:41Z] Packaging variants
[2025-09-18T07:00:41Z] Packaging variants took 0s
[2025-09-18T07:00:41Z] Writing metrics + run manifest
[2025-09-18T07:00:43Z] Writing metrics + run manifest took 2s
===== TIMINGS SUMMARY =====
Step                                      Seconds
fastp trimming                                 61
bbduk cleanup                                 114
FastQC (raw+clean, concurrent)                129
Salmon quant                                  461
Kraken2 classification                         84
STAR alignment → sorted BAM                1001
Salmon quant (from STAR transcriptome BAM)      374
Mosdepth coverage + targets (>=8x)             52
MarkDuplicates                                162
Samtools QC                                    85
Inferring strandedness (auto)                   2
Picard CollectRnaSeqMetrics                     3
SplitNCigarReads (scatter-gather)            1563
bcftools calling (scatter raw over targets BED)…      332
bcftools filtering… (QUAL>=30, DP>=10)        3
MultiQC summary                                 4
Packaging QC + logs                             1
Packaging variants                              0
Writing metrics + run manifest                  2
TOTAL                                        4433
[2025-09-18T07:00:43Z] Cleaning expanded alignment directory (keeping logs inside QC tar)
[2025-09-18T07:00:43Z] Success.
[2025-09-18T07:00:43Z] Removing job cache: /cache/SRR8052827
