[2025-09-16T09:05:36Z] Reference bundle directory detected; probing: /indices/Human_GENCODE49_GRCh38/reference
[2025-09-16T09:05:36Z] Using reference in place: /indices/Human_GENCODE49_GRCh38/reference
[2025-09-16T09:05:36Z] GATK reference: /indices/Human_GENCODE49_GRCh38/reference/genome.fa.gz
[2025-09-16T09:05:36Z] STAR index directory detected; using in place: /indices/Human_GENCODE49_GRCh38/star_index
[2025-09-16T09:05:36Z] Salmon index directory detected; using in place: /indices/Human_GENCODE49_GRCh38/salmon_index
[2025-09-16T09:05:36Z] Variant resources directory detected; using in place: /indices/Human_GENCODE49_GRCh38/variant_resources
[2025-09-16T09:05:36Z] Kraken2 input: /indices/Human_GENCODE49_GRCh38/minikraken2_v2_8GB_201904_UPDATE
[2025-09-16T09:05:36Z] Kraken2 DB dir (in place): /indices/Human_GENCODE49_GRCh38/minikraken2_v2_8GB_201904_UPDATE
[2025-09-16T09:05:36Z] fastp trimming
[2025-09-16T09:07:08Z] fastp trimming took 92s
[2025-09-16T09:07:08Z] bbduk cleanup
[2025-09-16T09:10:04Z] bbduk cleanup took 176s
[2025-09-16T09:10:04Z] FastQC (raw+clean, concurrent)
[2025-09-16T09:13:27Z] FastQC (raw+clean, concurrent) took 203s
[2025-09-16T09:13:27Z] Salmon quant
[2025-09-16T09:22:08Z] Salmon quant took 521s
[2025-09-16T09:22:08Z] Kraken2 classification
[2025-09-16T09:23:50Z] Kraken2 classification took 102s
[2025-09-16T09:23:50Z] STAR alignment → sorted BAM
[2025-09-16T09:43:43Z] STAR alignment → sorted BAM took 1193s
[2025-09-16T09:43:43Z] Salmon quant (from STAR transcriptome BAM)
[2025-09-16T09:49:14Z] Salmon quant (from STAR transcriptome BAM) took 331s
[2025-09-16T09:49:14Z] Mosdepth coverage + targets (>=8x)
[2025-09-16T09:50:45Z] Mosdepth coverage + targets (>=8x) took 91s
[2025-09-16T09:50:45Z] Note: MarkDuplicates cannot be region-restricted; running on full BAM
[2025-09-16T09:50:45Z] MarkDuplicates
[2025-09-16T09:54:36Z] MarkDuplicates took 231s
[2025-09-16T09:54:36Z] Samtools QC
[2025-09-16T09:57:05Z] Samtools QC took 149s
[2025-09-16T09:57:05Z] Inferring strandedness (auto)
[2025-09-16T09:57:11Z] Inferring strandedness (auto) took 6s
[2025-09-16T09:57:11Z] Picard CollectRnaSeqMetrics
[2025-09-16T09:57:15Z] Picard CollectRnaSeqMetrics took 4s
[2025-09-16T09:57:15Z] SplitNCigarReads (scatter-gather)
[2025-09-16T09:57:15Z] Preparing SplitNCigarReads shards from targets BED: /cache/SRR8052731/coverage/SRR8052731.targets.8x.classical.bed
[2025-09-16T09:57:15Z] SplitNCigarReads (targets): 25 contigs → 2 shards (max procs=2)
[2025-09-16T10:37:25Z] Merging 2 SplitNCigarReads parts (targets)
[2025-09-16T10:38:31Z] Sorting merged SplitNCigarReads BAM
[bam_sort_core] merging from 5 files and 8 in-memory blocks...
[2025-09-16T10:40:37Z] SplitNCigarReads (scatter-gather) took 2602s
[2025-09-16T10:40:37Z] bcftools calling (scatter raw over targets BED)…
[2025-09-16T10:40:37Z] bcftools scatter: 25 contigs → 2 shards (max procs=2)
[2025-09-16T10:49:21Z] Concatenating 2 bcftools shard VCFs
Checking the headers and starting positions of 2 files
Concatenating /cache/SRR8052731/variants/parts/SRR8052731.bcftools.raw.part0.vcf.gz	1.256519 seconds
Concatenating /cache/SRR8052731/variants/parts/SRR8052731.bcftools.raw.part1.vcf.gz	1.038184 seconds
[2025-09-16T10:49:24Z] bcftools calling (scatter raw over targets BED)… took 527s
[2025-09-16T10:49:24Z] bcftools filtering… (QUAL>=30, DP>=10)
Lines   total/split/joined/realigned/mismatch_removed/dup_removed/skipped:	987089/803/0/45098/0/0/0
[2025-09-16T10:49:28Z] bcftools filtering… (QUAL>=30, DP>=10) took 4s
[2025-09-16T10:49:28Z] MultiQC summary
[2025-09-16T10:49:32Z] MultiQC summary took 4s
[2025-09-16T10:49:32Z] Packaging QC + logs
[2025-09-16T10:49:32Z] Packaging QC + logs took 0s
[2025-09-16T10:49:32Z] Packaging variants
[2025-09-16T10:49:32Z] Packaging variants took 0s
[2025-09-16T10:49:32Z] Writing metrics + run manifest
[2025-09-16T10:49:35Z] Writing metrics + run manifest took 3s
===== TIMINGS SUMMARY =====
Step                                      Seconds
fastp trimming                                 92
bbduk cleanup                                 176
FastQC (raw+clean, concurrent)                203
Salmon quant                                  521
Kraken2 classification                        102
STAR alignment → sorted BAM                1193
Salmon quant (from STAR transcriptome BAM)      331
Mosdepth coverage + targets (>=8x)             91
MarkDuplicates                                231
Samtools QC                                   149
Inferring strandedness (auto)                   6
Picard CollectRnaSeqMetrics                     4
SplitNCigarReads (scatter-gather)            2602
bcftools calling (scatter raw over targets BED)…      527
bcftools filtering… (QUAL>=30, DP>=10)        4
MultiQC summary                                 4
Packaging QC + logs                             0
Packaging variants                              0
Writing metrics + run manifest                  3
TOTAL                                        6239
[2025-09-16T10:49:35Z] Cleaning expanded alignment directory (keeping logs inside QC tar)
[2025-09-16T10:49:35Z] Success.
[2025-09-16T10:49:35Z] Removing job cache: /cache/SRR8052731
